 
                                                                                               
 
 
Fit Statistics

Target=Attrition Target Label=' '

   Fit
Statistics    Statistics Label                     Train    Validation       Test

 _DFT_        Total Degrees of Freedom            791.00         .           .   
 _DFE_        Degrees of Freedom for Error        759.00         .           .   
 _DFM_        Model Degrees of Freedom             32.00         .           .   
 _NW_         Number of Estimated Weights          32.00         .           .   
 _AIC_        Akaike's Information Criterion      584.09         .           .   
 _SBC_        Schwarz's Bayesian Criterion        733.63         .           .   
 _ASE_        Average Squared Error                 0.10        0.100       0.089
 _MAX_        Maximum Absolute Error                0.99        0.981       0.998
 _DIV_        Divisor for ASE                    1582.00      678.000     680.000
 _NOBS_       Sum of Frequencies                  791.00      339.000     340.000
 _RASE_       Root Average Squared Error            0.31        0.316       0.299
 _SSE_        Sum of Squared Errors               154.99       67.778      60.679
 _SUMW_       Sum of Case Weights Times Freq     1582.00      678.000     680.000
 _FPE_        Final Prediction Error                0.11         .           .   
 _MSE_        Mean Squared Error                    0.10        0.100       0.089
 _RFPE_       Root Final Prediction Error           0.33         .           .   
 _RMSE_       Root Mean Squared Error               0.32        0.316       0.299
 _AVERR_      Average Error Function                0.33        0.334       0.319
 _ERR_        Error Function                      520.09      226.546     216.668
 _MISC_       Misclassification Rate                0.13        0.127       0.124
 _WRONG_      Number of Wrong Classifications     103.00       43.000      42.000
 
                                                                                               
 
 
Classification Table

Data Role=TRAIN Target Variable=Attrition Target Label=' '

                       Target        Outcome     Frequency       Total
Target    Outcome    Percentage    Percentage      Count      Percentage

  0          0         88.5675       96.9834        643         81.2895 
  1          0         11.4325       64.8438         83         10.4930 
  0          1         30.7692        3.0166         20          2.5284 
  1          1         69.2308       35.1563         45          5.6890 


Data Role=VALIDATE Target Variable=Attrition Target Label=' '

                       Target        Outcome     Frequency       Total
Target    Outcome    Percentage    Percentage      Count      Percentage

  0          0         90.3333       95.0877        271         79.9410 
  1          0          9.6667       53.7037         29          8.5546 
  0          1         35.8974        4.9123         14          4.1298 
  1          1         64.1026       46.2963         25          7.3746 
 
                                                                                               
 
 
Event Classification Table

Data Role=TRAIN Target=Attrition Target Label=' '

  False       True        False       True
Negative    Negative    Positive    Positive

   83          643         20          45   


Data Role=VALIDATE Target=Attrition Target Label=' '

  False       True        False       True
Negative    Negative    Positive    Positive

   29          271         14          25   
 
                                                                                               
 
 
Assessment Score Rankings

Data Role=TRAIN Target Variable=Attrition Target Label=' '

                                                                                    Mean
                            Cumulative       %      Cumulative     Number of     Posterior
Depth      Gain     Lift       Lift      Response   % Response   Observations   Probability

   5    425.273   5.25273     5.25273     85.0000     85.0000         40          0.73207  
  10    309.404   2.93535     4.09404     47.5000     66.2500         40          0.51147  
  15    253.125   2.37680     3.53125     38.4615     57.1429         39          0.40340  
  20    195.381   1.23594     2.95381     20.0000     47.7987         40          0.31375  
  25    162.169   1.26763     2.62169     20.5128     42.4242         39          0.24498  
  30    133.686   0.92695     2.33686     15.0000     37.8151         40          0.20390  
  35    111.939   0.79227     2.11939     12.8205     34.2960         39          0.17536  
  40     92.993   0.61797     1.92993     10.0000     31.2303         40          0.14916  
  45     75.323   0.31691     1.75323      5.1282     28.3708         39          0.12595  
  50     70.097   1.23594     1.70097     20.0000     27.5253         40          0.10412  
  55     62.996   0.92695     1.62996     15.0000     26.3761         40          0.08503  
  60     52.215   0.31691     1.52215      5.1282     24.6316         39          0.06908  
  65     43.993   0.46348     1.43993      7.5000     23.3010         40          0.05681  
  70     33.856   0.00000     1.33856      0.0000     21.6606         39          0.04763  
  75     29.004   0.61797     1.29004     10.0000     20.8754         40          0.03706  
  80     22.032   0.15845     1.22032      2.5641     19.7472         39          0.02682  
  85     14.779   0.00000     1.14779      0.0000     18.5736         40          0.02068  
  90     10.228   0.31691     1.10228      5.1282     17.8371         39          0.01447  
  95      5.186   0.15449     1.05186      2.5000     17.0213         40          0.00856  
 100      0.000   0.00000     1.00000      0.0000     16.1820         39          0.00321  


Data Role=VALIDATE Target Variable=Attrition Target Label=' '

                                                                                    Mean
                            Cumulative       %      Cumulative     Number of     Posterior
Depth      Gain     Lift       Lift      Response   % Response   Observations   Probability

   5    343.137   4.43137     4.43137     70.5882     70.5882         17          0.82085  
  10    287.745   3.32353     3.87745     52.9412     61.7647         17          0.61078  
  15    244.662   2.58497     3.44662     41.1765     54.9020         17          0.48236  
  20    204.657   1.84641     3.04657     29.4118     48.5294         17          0.38781  
  25    188.039   2.21569     2.88039     35.2941     45.8824         17          0.31355  
  30    152.342   0.73856     2.52342     11.7647     40.1961         17          0.24352  
  35    126.844   0.73856     2.26844     11.7647     36.1345         17          0.19502  
  40    103.105   0.36928     2.03105      5.8824     32.3529         17          0.16381  
  45     84.641   0.36928     1.84641      5.8824     29.4118         17          0.13308  
  50     73.562   0.73856     1.73562     11.7647     27.6471         17          0.11524  
  55     61.141   0.36928     1.61141      5.8824     25.6684         17          0.09262  
  60     50.790   0.36928     1.50790      5.8824     24.0196         17          0.07774  
  65     39.191   0.00000     1.39191      0.0000     22.1719         17          0.06326  
  70     31.886   0.36928     1.31886      5.8824     21.0084         17          0.05115  
  75     23.094   0.00000     1.23094      0.0000     19.6078         17          0.04088  
  80     15.400   0.00000     1.15400      0.0000     18.3824         17          0.03150  
  85     15.129   1.10784     1.15129     17.6471     18.3391         17          0.02335  
  90     10.784   0.36928     1.10784      5.8824     17.6471         17          0.01602  
  95      4.954   0.00000     1.04954      0.0000     16.7183         17          0.01020  
 100      0.000   0.00000     1.00000      0.0000     15.9292         16          0.00437  
 
                                                                                               
 
 
Assessment Score Distribution

Data Role=TRAIN Target Variable=Attrition Target Label=' '

 Posterior     Number                     Mean
Probability      of      Number of     Posterior
   Range       Events    Nonevents    Probability    Percentage

 0.90-0.95        2           0         0.91128         0.2528 
 0.85-0.90        6           0         0.87366         0.7585 
 0.80-0.85        4           0         0.83034         0.5057 
 0.75-0.80        4           0         0.77801         0.5057 
 0.70-0.75        5           0         0.72968         0.6321 
 0.65-0.70        5           4         0.66848         1.1378 
 0.60-0.65        5           2         0.62431         0.8850 
 0.55-0.60        7           6         0.56730         1.6435 
 0.50-0.55        7           8         0.51881         1.8963 
 0.45-0.50        9           8         0.46800         2.1492 
 0.40-0.45       10           9         0.42540         2.4020 
 0.35-0.40        5          14         0.37354         2.4020 
 0.30-0.35        5          22         0.32345         3.4134 
 0.25-0.30        7          20         0.27305         3.4134 
 0.20-0.25        8          39         0.22402         5.9418 
 0.15-0.20        6          66         0.17559         9.1024 
 0.10-0.15       13          76         0.12562        11.2516 
 0.05-0.10       12         132         0.07128        18.2048 
 0.00-0.05        8         257         0.02144        33.5019 


Data Role=VALIDATE Target Variable=Attrition Target Label=' '

 Posterior     Number                     Mean
Probability      of      Number of     Posterior
   Range       Events    Nonevents    Probability    Percentage

 0.95-1.00        1           0         0.97015         0.2950 
 0.90-0.95        3           0         0.90554         0.8850 
 0.85-0.90        2           0         0.86024         0.5900 
 0.80-0.85        4           2         0.82318         1.7699 
 0.75-0.80        0           1         0.75238         0.2950 
 0.70-0.75        2           1         0.72335         0.8850 
 0.65-0.70        4           3         0.67376         2.0649 
 0.60-0.65        1           3         0.61440         1.1799 
 0.55-0.60        2           3         0.56435         1.4749 
 0.50-0.55        6           1         0.52315         2.0649 
 0.45-0.50        3           7         0.47211         2.9499 
 0.40-0.45        1           6         0.42564         2.0649 
 0.35-0.40        4           8         0.37530         3.5398 
 0.30-0.35        5           8         0.32280         3.8348 
 0.25-0.30        1           8         0.27394         2.6549 
 0.20-0.25        3          15         0.22471         5.3097 
 0.15-0.20        2          25         0.17463         7.9646 
 0.10-0.15        3          35         0.12293        11.2094 
 0.05-0.10        3          55         0.07244        17.1091 
 0.00-0.05        4         104         0.02298        31.8584 
