 
                                                                                                                                                                                                                                                                
 
 
Variable Summary

          Measurement    Frequency
 Role        Level         Count

INPUT      INTERVAL          31   
TARGET     BINARY             1   
 
                                                                                                                                                                                                                                                                
 
 
Model Events

                                     Number
                      Measurement      of
 Target      Event       Level       Levels      Order       Label

Attrition      1        BINARY          2      Descending         
 
                                                                                                                                                                                                                                                                
 
 
Predicted and decision variables

Type           Variable              Label

TARGET       Attrition                             
PREDICTED    P_Attrition1    Predicted: Attrition=1
RESIDUAL     R_Attrition1    Residual: Attrition=1 
PREDICTED    P_Attrition0    Predicted: Attrition=0
RESIDUAL     R_Attrition0    Residual: Attrition=0 
FROM         F_Attrition     From: Attrition       
INTO         I_Attrition     Into: Attrition       
 
                                                                                
 
 
Search # 1 SINGLE LAYER trial # 1 : DIRECT : Training

_ITER_     _AIC_     _AVERR_     _MISC_    _VAVERR_    _VMISC_

   0      764.314    0.44268    0.16182     0.43852    0.15929
   1      596.282    0.33646    0.14286     0.35092    0.14454
   2      584.922    0.32928    0.12769     0.32950    0.14159
   3      584.089    0.32875    0.13021     0.33414    0.12684
   4      583.864    0.32861    0.12263     0.33171    0.13864
   5      583.817    0.32858    0.12389     0.33257    0.12979
   6      583.804    0.32857    0.12642     0.33224    0.13569
   7      583.801    0.32857    0.12389     0.33233    0.12979
   8      583.800    0.32857    0.12642     0.33232    0.13274
   8      583.800    0.32857    0.12642     0.33232    0.13274
 
                                                                                
 
 
Selected Iteration based on _VMISC_

_ITER_     _AIC_     _AVERR_     _MISC_    _VAVERR_    _VMISC_

   3      584.089    0.32875    0.13021     0.33414    0.12684
 
                                                                                
 
 
Search # 1 SINGLE LAYER trial # 2 : TANH : Prelim

The NEURAL Procedure

Preliminary       Starting         Objective         Number
 Training          Random           Function           of        Terminating
    Run             Seed             Value         Iterations     Criteria

        1          1951901954    0.298667120081            8                
        2          2134622722    0.310296961988            8                
        3            60270049    0.306861140529            8                
        4          1452870783    0.308539836018            8                
        5            56992680    0.310847763297            8                
        6            75976549    0.285831953985            8                
        7          1143802377     0.31247332788            8                
        8           179868882    0.290770519469            8                
 
                                                                                
 
 
Search # 1 SINGLE LAYER trial # 2 : TANH : Training

_ITER_     _AIC_     _AVERR_     _MISC_    _VAVERR_    _VMISC_

   0      586.186    0.28583    0.10872     0.36095    0.16224
   1      585.828    0.28561    0.10619     0.42503    0.16519
   2      572.669    0.27729    0.10367     0.43290    0.17994
   3      561.948    0.27051    0.10240     0.41684    0.16224
   4      556.045    0.26678    0.09482     0.42717    0.17699
   5      556.009    0.26676    0.09987     0.42278    0.16519
   6      551.392    0.26384    0.09861     0.43200    0.17109
   7      549.365    0.26256    0.09987     0.43355    0.16814
   8      547.219    0.26120    0.09861     0.45001    0.17404
   8      547.219    0.26120    0.09861     0.45001    0.17404
 
                                                                                
 
 
Selected Iteration based on _VMISC_

_ITER_     _AIC_     _AVERR_     _MISC_    _VAVERR_    _VMISC_

   0      586.186    0.28583    0.10872     0.36095    0.16224
 
                                                                                
 
 
Search # 1 SINGLE LAYER trial # 3 : NORMAL : Prelim

The NEURAL Procedure

Preliminary       Starting         Objective         Number
 Training          Random           Function           of        Terminating
    Run             Seed             Value         Iterations     Criteria

        1          1951901954     0.33715390529            8                
        2          2134622722    0.323806032475            8                
        3            60270049    0.352671349165            8                
        4          1452870783    0.344792656255            8                
        5            56992680    0.355775934957            8                
        6            75976549     0.32913414602            8                
        7          1143802377    0.298432130119            8                
        8           179868882    0.352914563891            8                
 
                                                                                
 
 
Search # 1 SINGLE LAYER trial # 3 : NORMAL : Training

_ITER_     _AIC_     _AVERR_     _MISC_    _VAVERR_    _VMISC_

   0      606.120    0.29843    0.12137     0.36905    0.15339
   1      599.458    0.29422    0.12010     0.38651    0.16519
   2      593.249    0.29030    0.11378     0.39214    0.15339
   3      591.836    0.28940    0.11884     0.40382    0.16519
   4      584.862    0.28499    0.11252     0.40093    0.16814
   5      582.419    0.28345    0.11125     0.40924    0.16519
   6      578.910    0.28123    0.11252     0.41725    0.16224
   7      574.317    0.27833    0.11504     0.43331    0.16224
   8      571.327    0.27644    0.11252     0.47938    0.16519
   8      571.327    0.27644    0.11252     0.47938    0.16519
 
                                                                                
 
 
Selected Iteration based on _VMISC_

_ITER_     _AIC_     _AVERR_     _MISC_    _VAVERR_    _VMISC_

   0      606.120    0.29843    0.12137     0.36905    0.15339
 
                                                                                
 
 
Search # 1 SINGLE LAYER trial # 4 : SINE : Prelim

The NEURAL Procedure

Preliminary       Starting         Objective         Number
 Training          Random           Function           of        Terminating
    Run             Seed             Value         Iterations     Criteria

        1          1951901954    0.344948397289            8                
        2          2134622722    0.317698829701            8                
        3            60270049    0.339002258697            8                
        4          1452870783    0.327204026246            8                
        5            56992680    0.315003424057            8                
        6            75976549    0.305133231348            8                
        7          1143802377    0.316014111719            8                
        8           179868882     0.31423986021            8                
 
                                                                                
 
 
Search # 1 SINGLE LAYER trial # 4 : SINE : Training

_ITER_     _AIC_     _AVERR_     _MISC_    _VAVERR_    _VMISC_

   0      616.721    0.30513    0.11757     0.39503    0.17404
   1      598.010    0.29331    0.11884     0.39652    0.14749
   2      587.839    0.28688    0.10619     0.42480    0.17109
   3      584.877    0.28500    0.10367     0.41489    0.15929
   4      574.870    0.27868    0.10114     0.42228    0.15929
   5      573.966    0.27811    0.09861     0.42638    0.16814
   6      573.736    0.27796    0.10114     0.42559    0.15634
   7      569.601    0.27535    0.09861     0.42420    0.16224
   8      568.599    0.27471    0.09608     0.42795    0.16224
   8      568.599    0.27471    0.09608     0.42795    0.16224
 
                                                                                
 
 
Selected Iteration based on _VMISC_

_ITER_     _AIC_     _AVERR_     _MISC_    _VAVERR_    _VMISC_

   1      598.010    0.29331    0.11884     0.39652    0.14749
 
                                                                                
 
 
Search # 2 SINGLE LAYER trial # 1 : TANH : Prelim

The NEURAL Procedure

Preliminary       Starting         Objective         Number
 Training          Random           Function           of        Terminating
    Run             Seed             Value         Iterations     Criteria

        1          2114796956    0.286755628395            8                
        2          1780215241    0.295349016626            8                
        3            69139770    0.296954372145            8                
        4          1116558348    0.303880918936            8                
        5           689094822    0.279444769689            8                
        6          2114307310    0.274051703415            8                
        7          1749749647    0.277338771357            8                
        8          1442967529    0.299855944709            8                
 
                                                                                
 
 
Search # 2 SINGLE LAYER trial # 1 : TANH : Training

_ITER_     _AIC_     _AVERR_     _MISC_    _VAVERR_    _VMISC_

   0      629.550    0.27405    0.10114     0.38283    0.16519
   1      623.892    0.27048    0.09861     0.40969    0.18584
   2      604.641    0.25831    0.09102     0.41444    0.19174
   3      603.958    0.25787    0.09102     0.42555    0.18584
   4      589.382    0.24866    0.08976     0.42209    0.17994
   5      586.206    0.24665    0.08723     0.42690    0.18584
   6      584.022    0.24527    0.08723     0.42610    0.18289
   7      582.666    0.24442    0.08723     0.43196    0.18289
   8      581.426    0.24363    0.08597     0.43213    0.18879
   8      581.426    0.24363    0.08597     0.43213    0.18879
 
                                                                                
 
 
Selected Iteration based on _VMISC_

_ITER_     _AIC_     _AVERR_     _MISC_    _VAVERR_    _VMISC_

   0      629.550    0.27405    0.10114     0.38283    0.16519
 
                                                                                
 
 
Search # 2 SINGLE LAYER trial # 2 : NORMAL : Prelim

The NEURAL Procedure

Preliminary       Starting         Objective         Number
 Training          Random           Function           of        Terminating
    Run             Seed             Value         Iterations     Criteria

        1          2114796956    0.309788127552            8                
        2          1780215241    0.291051912819            8                
        3            69139770    0.312652297627            8                
        4          1116558348    0.295875035571            8                
        5           689094822    0.296332921795            8                
        6          2114307310    0.274873616195            8                
        7          1749749647    0.298130174221            8                
        8          1442967529    0.296498748016            8                
 
                                                                                
 
 
Search # 2 SINGLE LAYER trial # 2 : NORMAL : Training

_ITER_     _AIC_     _AVERR_     _MISC_    _VAVERR_    _VMISC_

   0      630.850    0.27487    0.10619     0.36457    0.14454
   1      617.912    0.26670    0.10367     0.44230    0.15634
   2      601.213    0.25614    0.09355     0.48584    0.15634
   3      595.311    0.25241    0.09861     0.49679    0.16519
   4      592.937    0.25091    0.09355     0.51666    0.16814
   5      590.829    0.24958    0.09735     0.52441    0.16814
   6      589.529    0.24875    0.09229     0.53190    0.16519
   7      588.461    0.24808    0.09608     0.54298    0.17109
   8      587.489    0.24746    0.09229     0.54745    0.17404
   8      587.489    0.24746    0.09229     0.54745    0.17404
 
                                                                                
 
 
Selected Iteration based on _VMISC_

_ITER_     _AIC_     _AVERR_     _MISC_    _VAVERR_    _VMISC_

   0      630.850    0.27487    0.10619     0.36457    0.14454
 
                                                                                
 
 
Search # 2 SINGLE LAYER trial # 3 : SINE : Prelim

The NEURAL Procedure

Preliminary       Starting         Objective         Number
 Training          Random           Function           of        Terminating
    Run             Seed             Value         Iterations     Criteria

        1          2114796956    0.266140592869            8                
        2          1780215241    0.244692124014            8                
        3            69139770    0.265945721569            8                
        4          1116558348    0.276441366536            8                
        5           689094822    0.265928377064            8                
        6          2114307310     0.26192781488            8                
        7          1749749647    0.252724453809            8                
        8          1442967529     0.28266465368            8                
 
                                                                                
 
 
Search # 2 SINGLE LAYER trial # 3 : SINE : Training

_ITER_     _AIC_     _AVERR_     _MISC_    _VAVERR_    _VMISC_

   0      583.103    0.24469    0.10619     0.47156    0.17699
   1      571.964    0.23765    0.10240     0.52178    0.18584
   2      560.702    0.23053    0.10999     0.52405    0.18289
   3      552.371    0.22527    0.09735     0.56961    0.20354
   4      543.091    0.21940    0.10114     0.57858    0.20649
   5      534.004    0.21366    0.09608     0.62263    0.21239
   6      528.348    0.21008    0.08850     0.64229    0.21829
   7      521.101    0.20550    0.09102     0.67232    0.21534
   8      518.589    0.20391    0.08850     0.69444    0.22124
   8      518.589    0.20391    0.08850     0.69444    0.22124
 
                                                                                
 
 
Selected Iteration based on _VMISC_

_ITER_     _AIC_     _AVERR_     _MISC_    _VAVERR_    _VMISC_

   0      583.103    0.24469    0.10619     0.47156    0.17699
 
                                                                                
 
 
Final Training Training

_ITER_     _AIC_     _AVERR_     _MISC_    _VAVERR_    _VMISC_

   0      584.089    0.32875    0.13021     0.33414    0.12684
   1      583.864    0.32861    0.12263     0.33171    0.13864
   2      583.817    0.32858    0.12389     0.33257    0.12979
   3      583.804    0.32857    0.12642     0.33224    0.13569
   4      583.801    0.32857    0.12389     0.33233    0.12979
   5      583.800    0.32857    0.12642     0.33232    0.13274
   5      583.800    0.32857    0.12642     0.33232    0.13274
 
                                                                                
 
 
Selected Iteration based on _VMISC_

_ITER_     _AIC_     _AVERR_     _MISC_    _VAVERR_    _VMISC_

   0      584.089    0.32875    0.13021     0.33414    0.12684
 
                                                                                
 
 
Final Training History

    _step_     _func_ _status_  _iter_ _AVERR_  _MISC_  _AIC_  _VAVERR_ _VMISC_

SINGLE LAYER 1 DIRECT initial      0   0.44268 0.16182 764.314  0.43852 0.15929
SINGLE LAYER 1 DIRECT candidate    3   0.32875 0.13021 584.089  0.33414 0.12684
SINGLE LAYER 1 TANH   reject       0   0.28583 0.10872 586.186  0.36095 0.16224
SINGLE LAYER 1 NORMAL reject       0   0.29843 0.12137 606.120  0.36905 0.15339
SINGLE LAYER 1 SINE   reject       1   0.29331 0.11884 598.010  0.39652 0.14749
SINGLE LAYER 1 DIRECT keep         3   0.32875 0.13021 584.089  0.33414 0.12684
SINGLE LAYER 2 TANH   reject       0   0.27405 0.10114 629.550  0.38283 0.16519
SINGLE LAYER 2 NORMAL reject       0   0.27487 0.10619 630.850  0.36457 0.14454
SINGLE LAYER 2 SINE   reject       0   0.24469 0.10619 583.103  0.47156 0.17699
                      Final        0   0.32875 0.13021 584.089  0.33414 0.12684
 
                                                                                
 
 
Final Model
Stopping: Termination criteria were satisfied: overfitting based on _VMISC_

_func_    _AVERR_    _VAVERR_    neurons

DIRECT    0.32875     0.33414       0   
                                 =======
                                    0   
