 
                                                                                                                                                                                                                                                                
 
 
Fit Statistics

Target=stockprice Target Label=' '

   Fit
Statistics    Statistics Label                     Train    Validation

 _AIC_        Akaike's Information Criterion    -121.470       .      
 _ASE_        Average Squared Error                0.001      0.00389 
 _AVERR_      Average Error Function               0.001      0.00389 
 _DFE_        Degrees of Freedom for Error        13.000       .      
 _DFM_        Model Degrees of Freedom             7.000       .      
 _DFT_        Total Degrees of Freedom            20.000       .      
 _DIV_        Divisor for ASE                     20.000      8.00000 
 _ERR_        Error Function                       0.023      0.03109 
 _FPE_        Final Prediction Error               0.002       .      
 _MAX_        Maximum Absolute Error               0.113      0.12062 
 _MSE_        Mean Square Error                    0.002      0.00389 
 _NOBS_       Sum of Frequencies                  20.000      8.00000 
 _NW_         Number of Estimate Weights           7.000       .      
 _RASE_       Root Average Sum of Squares          0.034      0.06234 
 _RFPE_       Root Final Prediction Error          0.049       .      
 _RMSE_       Root Mean Squared Error              0.042      0.06234 
 _SBC_        Schwarz's Bayesian Criterion      -114.499       .      
 _SSE_        Sum of Squared Errors                0.023      0.03109 
 _SUMW_       Sum of Case Weights Times Freq      20.000      8.00000 
 
                                                                                                                                                                                                                                                                
 
 
Assessment Score Rankings

Data Role=TRAIN Target Variable=stockprice Target Label=' '

           Number of      Mean        Mean
Depth    Observations    Target    Predicted

   5           1          3.17      3.16173 
  10           1          3.10      3.09953 
  15           1          3.09      3.09165 
  20           1          3.10      3.09158 
  25           1          3.05      3.06763 
  30           1          3.05      3.04634 
  35           1          3.05      3.03661 
  40           1          3.06      3.02771 
  45           1          3.06      3.02607 
  50           1          3.03      3.00134 
  55           1          2.87      2.98263 
  60           1          2.99      2.96323 
  65           1          2.91      2.95203 
  70           1          2.98      2.95141 
  75           1          2.91      2.94995 
  80           1          2.91      2.92075 
  85           1          2.87      2.88208 
  90           1          2.87      2.87000 
  95           1          2.87      2.84270 
 100           1          2.83      2.80503 


Data Role=VALIDATE Target Variable=stockprice Target Label=' '

           Number of      Mean        Mean
Depth    Observations    Target    Predicted

   5           1          3.13      3.14586 
  15           1          3.14      3.13843 
  30           1          3.04      3.08953 
  40           1          3.06      3.05450 
  55           1          2.91      3.03062 
  65           1          2.88      2.98289 
  80           1          2.91      2.95893 
  90           1          2.98      2.95121 
 
                                                                                                                                                                                                                                                                
 
 
Assessment Score Distribution

Data Role=TRAIN Target Variable=stockprice Target Label=' '

  Range for         Mean        Mean        Number of      Model
  Predicted        Target    Predicted    Observations     Score

3.144 -  3.162    3.17000     3.16173           1         3.15281
3.090 -  3.108    3.09667     3.09426           3         3.09931
3.055 -  3.073    3.05000     3.06763           1         3.06364
3.037 -  3.055    3.05000     3.04634           1         3.04580
3.019 -  3.037    3.05667     3.03013           3         3.02797
3.001 -  3.019    3.03000     3.00134           1         3.01013
2.966 -  2.983    2.87000     2.98263           1         2.97446
2.948 -  2.966    2.94750     2.95416           4         2.95663
2.912 -  2.930    2.91000     2.92075           1         2.92095
2.876 -  2.894    2.87000     2.88208           1         2.88528
2.859 -  2.876    2.87000     2.87000           1         2.86745
2.841 -  2.859    2.87000     2.84270           1         2.84961
2.805 -  2.823    2.83000     2.80503           1         2.81394


Data Role=VALIDATE Target Variable=stockprice Target Label=' '

  Range for        Mean        Mean        Number of      Model
  Predicted       Target    Predicted    Observations     Score

3.136 -  3.146     3.135     3.14215           2         3.14100
3.087 -  3.097     3.040     3.08953           1         3.09233
3.049 -  3.058     3.060     3.05450           1         3.05340
3.029 -  3.039     2.910     3.03062           1         3.03394
2.980 -  2.990     2.880     2.98289           1         2.98528
2.951 -  2.961     2.945     2.95507           2         2.95608
