 
                                                                                                                                                                                                                                                                
 
 
Variable Summary

          Measurement    Frequency
 Role        Level         Count

INPUT      INTERVAL          5    
INPUT      NOMINAL           1    
TARGET     INTERVAL          1    
 
                                                                                                                                                                                                                                                                
 
 
Predicted and decision variables

Type           Variable              Label

TARGET       stockprice                           
PREDICTED    P_stockprice    Predicted: stockprice
RESIDUAL     R_stockprice    Residual: stockprice 
 
                                                                                                                                                                                                                                                                
 
 

The DMREG Procedure

               Model Information

Training Data Set             WORK.EM_DMREG.VIEW
DMDB Catalog                  WORK.REG4_DMDB    
Target Variable               stockprice        
Target Measurement Level      Interval          
Error                         Normal            
Link Function                 Identity          
Number of Model Parameters    8                 
Number of Observations        20                


                             Analysis of Variance
 
                                   Sum of
Source                 DF         Squares     Mean Square    F Value    Pr > F

Model                   6        0.168381        0.028063      15.95    <.0001
Error                  13        0.022874        0.001760                     
Corrected Total        19        0.191255                                     


              Model Fit Statistics

R-Square        0.8804     Adj R-Sq        0.8252
AIC          -121.4695     BIC          -112.5109
SBC          -114.4994     C(p)            7.0000


              Type 3 Analysis of Effects
 
                            Sum of
Effect            DF       Squares    F Value    Pr > F

gasprice           1        0.0013       0.75    0.4032
goldprice          1        0.0002       0.14    0.7174
newspolarity       1        0.0019       1.08    0.3176
oilprice           1        0.0254      14.45    0.0022
polarity_cat       2        0.0031       0.89    0.4336
silverprice        0         .            .       .    


                 Analysis of Maximum Likelihood Estimates
 
                                           Standard
Parameter                DF    Estimate       Error    t Value    Pr > |t|

Intercept                 1      5.4470      2.2758       2.39      0.0325
gasprice                  1      0.1862      0.2154       0.86      0.4032
goldprice                 1      0.0362      0.0980       0.37      0.7174
newspolarity              1      0.1027      0.0988       1.04      0.3176
oilprice                  1     -0.0485      0.0128      -3.80      0.0022
polarity_cat negative     1      0.0221      0.0320       0.69      0.5016
polarity_cat neutral      1      0.0128      0.0215       0.59      0.5641
silverprice               0           0           .        .         .    
