 
                                                                                                                                                                                                                                                                
 
 
Variable Summary

          Measurement    Frequency
 Role        Level         Count

INPUT      INTERVAL          6    
INPUT      NOMINAL           1    
TIMEID     INTERVAL          1    
 
                                                                                                                                                                                                                                                                
 
 

Oblique Principal Component Cluster Analysis

Observations             28    Proportion          0
Variables                 6    Maxeigen            1


Clustering algorithm converged.                                            


                      Cluster Summary for 1 Cluster
 
                        Cluster    Variation    Proportion        Second
Cluster    Members    Variation    Explained     Explained    Eigenvalue
------------------------------------------------------------------------
      1          6            6     3.173516        0.5289        1.2139

Total variation explained = 3.173516 Proportion = 0.5289

Cluster 1 will be split because it has the largest second eigenvalue, 1.213921, which is greater than the MAXEIGEN=1 value.


Clustering algorithm converged.                                            


                     Cluster Summary for 2 Clusters
 
                        Cluster    Variation    Proportion        Second
Cluster    Members    Variation    Explained     Explained    Eigenvalue
------------------------------------------------------------------------
      1          4            4     2.507019        0.6268        0.9123
      2          2            2     1.745655        0.8728        0.2543

Total variation explained = 4.252674 Proportion = 0.7088


                                R-squared with
2 Clusters                    ------------------
                                  Own       Next    1-R**2
Cluster       Variable        Cluster    Closest     Ratio
----------------------------------------------------------
Cluster 1     goldprice        0.9189     0.2352    0.1061
              newspolarity     0.1475     0.0000    0.8525
              silverprice      0.9191     0.2345    0.1057
              stockprice       0.5215     0.0993    0.5312
----------------------------------------------------------
Cluster 2     gasprice         0.8728     0.2102    0.1610
              oilprice         0.8728     0.1630    0.1519

No cluster meets the criterion for splitting.


                 Total     Proportion       Minimum       Maximum                  Maximum
             Variation             of    Proportion        Second      Minimum      1-R**2
  Number     Explained      Variation     Explained    Eigenvalue    R-squared       Ratio
      of            by      Explained          by a          in a        for a       for a
Clusters      Clusters    by Clusters       Cluster       Cluster     Variable    Variable
------------------------------------------------------------------------------------------
       1      3.173516         0.5289        0.5289      1.213921       0.0632            
       2      4.252674         0.7088        0.6268      0.912302       0.1475      0.8525
