*------------------------------------------------------------*
* Report Log
Date:                December 16, 2019
Time:                12:32:31
*------------------------------------------------------------*
11836  data EMWS2.Reg5_EMOUTFIT;
11837  length TARGET $32;
11838  set EMWS2.Reg5_EMESTIMATE end=eof;
11839  where (_TYPE_='PARMS');
11840  drop _TYPE_--polarity_catNEUTRAL;
11841  if eof then do;
11842  TARGET = "stockprice";
11843  output;
11844  end;
11845  run;

NOTE: There were 1 observations read from the data set EMWS2.REG5_EMESTIMATE.
      WHERE _TYPE_='PARMS';
NOTE: The data set EMWS2.REG5_EMOUTFIT has 1 observations and 31 variables.
NOTE: DATA statement used (Total process time):
      real time           0.00 seconds
      cpu time            0.01 seconds
      

11846  data EMWS2.Reg5_EMOUTFIT;
11847  set EMWS2.Reg5_EMOUTFIT;
11848  length TargetLabel $200;
11849  label targetLabel = "%sysfunc(sasmsg(sashelp.dmine, meta_targetlabel_vlabel, NOQUOTE))";
11850  run;

NOTE: Variable TargetLabel is uninitialized.
NOTE: There were 1 observations read from the data set EMWS2.REG5_EMOUTFIT.
NOTE: The data set EMWS2.REG5_EMOUTFIT has 1 observations and 32 variables.
NOTE: DATA statement used (Total process time):
      real time           0.00 seconds
      cpu time            0.00 seconds
      

11851  proc sort data=EMWS2.Reg5_EMREPORTFIT nothreads;
11852  by TARGET;
11853  run;

NOTE: There were 19 observations read from the data set EMWS2.REG5_EMREPORTFIT.
NOTE: The data set EMWS2.REG5_EMREPORTFIT has 19 observations and 7 variables.
NOTE: PROCEDURE SORT used (Total process time):
      real time           0.00 seconds
      cpu time            0.01 seconds
      

11854  %let _EMwarndup = 0;
11855  %let _EMtargetdup =;
11856  %let _EMASEtargetdup =;
11857  data _null_;
11858  set EMWS2.Reg5_EMOUTFIT;
11859  if .<_ASE_<0.000001 then do;
11860  call symput('_EMwarndup', '1');
11861  call symput('_EMtargetdup', target);
11862  call symput('_EMASEtargetdup', put(_ASE_, best.));
11863  end;
11864  run;

NOTE: There were 1 observations read from the data set EMWS2.REG5_EMOUTFIT.
NOTE: DATA statement used (Total process time):
      real time           0.00 seconds
      cpu time            0.00 seconds
      

11865  proc sort data=EMWS2.Part5_CMeta_TRAIN out=WORK.SUBSETINMETA;
11866  by NAME;
11867  run;

NOTE: There were 9 observations read from the data set EMWS2.PART5_CMETA_TRAIN.
NOTE: The data set WORK.SUBSETINMETA has 9 observations and 20 variables.
NOTE: PROCEDURE SORT used (Total process time):
      real time           0.00 seconds
      cpu time            0.00 seconds
      

11868  proc sort data=EMWS2.Reg5_VariableSet out=WORK.SUBSETVARSET(keep=NAME REPORT);
11869  by NAME;
11870  run;

NOTE: There were 7 observations read from the data set EMWS2.REG5_VARIABLESET.
NOTE: The data set WORK.SUBSETVARSET has 7 observations and 2 variables.
NOTE: PROCEDURE SORT used (Total process time):
      real time           0.00 seconds
      cpu time            0.01 seconds
      

11871  data WORK.ASSESS_META;
11872  merge WORK.SUBSETINMETA WORK.SUBSETVARSET;
11873  by NAME;
11874  run;

NOTE: There were 9 observations read from the data set WORK.SUBSETINMETA.
NOTE: There were 7 observations read from the data set WORK.SUBSETVARSET.
NOTE: The data set WORK.ASSESS_META has 9 observations and 20 variables.
NOTE: DATA statement used (Total process time):
      real time           0.00 seconds
      cpu time            0.00 seconds
      

11875  data EM_temp_assessMeta;
11876  set EMWS2.Reg5_CMeta_TRAIN;
11877  where role in('DECISION', 'PREDICT', 'RESIDUAL', 'CLASSIFICATION', 'ASSESS', 'COST');
11878  run;

NOTE: There were 3 observations read from the data set EMWS2.REG5_CMETA_TRAIN.
      WHERE role in ('ASSESS', 'CLASSIFICATION', 'COST', 'DECISION', 'PREDICT', 'RESIDUAL');
NOTE: The data set WORK.EM_TEMP_ASSESSMETA has 3 observations and 21 variables.
NOTE: DATA statement used (Total process time):
      real time           0.00 seconds
      cpu time            0.00 seconds
      

11879  data EM_temp_assessdata;
11880  set EMWS2.Reg5_TRAIN(keep=
11881  P_stockprice
11882  R_stockprice
11883  _WARN_
11884  stockprice
11885  );
11886  run;

NOTE: View EMWS2.REG5_TRAIN.VIEW used (Total process time):
      real time           0.02 seconds
      cpu time            0.01 seconds
      
NOTE: There were 20 observations read from the data set EMWS2.PART5_TRAIN.
NOTE: There were 20 observations read from the data set EMWS2.REG5_TRAIN.
NOTE: The data set WORK.EM_TEMP_ASSESSDATA has 20 observations and 4 variables.
NOTE: DATA statement used (Total process time):
      real time           0.03 seconds
      cpu time            0.04 seconds
      

WARNING: The number of percentiles requested is larger than the number of total non-missing frequencies for variable R_stockprice.







16217  data EM_temp_assessMeta;
16218  set EMWS2.Reg5_CMeta_TRAIN;
16219  where role in('DECISION', 'PREDICT', 'RESIDUAL', 'CLASSIFICATION', 'ASSESS', 'COST');
16220  run;

NOTE: There were 3 observations read from the data set EMWS2.REG5_CMETA_TRAIN.
      WHERE role in ('ASSESS', 'CLASSIFICATION', 'COST', 'DECISION', 'PREDICT', 'RESIDUAL');
NOTE: The data set WORK.EM_TEMP_ASSESSMETA has 3 observations and 21 variables.
NOTE: DATA statement used (Total process time):
      real time           0.00 seconds
      cpu time            0.00 seconds
      

16221  data EM_temp_assessdata;
16222  set EMWS2.Reg5_VALIDATE(keep=
16223  P_stockprice
16224  R_stockprice
16225  _WARN_
16226  stockprice
16227  );
16228  run;

NOTE: View EMWS2.REG5_VALIDATE.VIEW used (Total process time):
      real time           0.02 seconds
      cpu time            0.01 seconds
      
NOTE: There were 8 observations read from the data set EMWS2.PART5_VALIDATE.
NOTE: There were 8 observations read from the data set EMWS2.REG5_VALIDATE.
NOTE: The data set WORK.EM_TEMP_ASSESSDATA has 8 observations and 4 variables.
NOTE: DATA statement used (Total process time):
      real time           0.03 seconds
      cpu time            0.03 seconds
      

WARNING: The number of percentiles requested is larger than the number of total non-missing frequencies for variable R_stockprice.







20569  %let _cn = %sysfunc(getoption(CENTER));
20570  options nocenter;
20571  proc print data=EMWS2.Reg5_EMREPORTFIT noobs label;
20572  var STAT LABEL TRAIN
20573  VALIDATE
20574  ;
20575  by TARGET TARGETLABEL;
20576  title9 ' ';
20577  title10 "%sysfunc(sasmsg(sashelp.dmine, rpt_fitstat_title  , NOQUOTE))";
20578  run;

NOTE: There were 19 observations read from the data set EMWS2.REG5_EMREPORTFIT.
NOTE: The PROCEDURE PRINT printed page 4.
NOTE: PROCEDURE PRINT used (Total process time):
      real time           0.00 seconds
      cpu time            0.00 seconds
      

20579  title10;
20580  options &_cn;

20581  proc datasets library=EMWS2 nolist;
20582  modify Reg5_EMRANK;
20583  label target = "%sysfunc(sasmsg(sashelp.dmine, rpt_targetvar_vlabel ,   NOQUOTE))";
20584  label datarole = "%sysfunc(sasmsg(sashelp.dmine, rpt_datarole_vlabel ,    NOQUOTE))";
20585  run;

NOTE: MODIFY was successful for EMWS2.REG5_EMRANK.DATA.
20586  quit;

NOTE: PROCEDURE DATASETS used (Total process time):
      real time           0.04 seconds
      cpu time            0.06 seconds
      

20587  %let _cn = %sysfunc(getoption(CENTER));
20588  options nocenter;
20589  proc print data=EMWS2.Reg5_EMRANK label noobs;
20590  var
20591  decile N _targetMean_ _meanP_;
20592  by
20593  notsorted DATAROLE
20594  notsorted TARGET
20595  notsorted TARGETLABEL
20596  ;
20597  title9 ' ';
20598  title10 "%sysfunc(sasmsg(sashelp.dmine, rpt_scoreranking_title , NOQUOTE))";
20599  run;

NOTE: There were 28 observations read from the data set EMWS2.REG5_EMRANK.
NOTE: The PROCEDURE PRINT printed page 5.
NOTE: PROCEDURE PRINT used (Total process time):
      real time           0.00 seconds
      cpu time            0.00 seconds
      

20600  title10;
20601  options &_cn;

20602  proc datasets library=EMWS2 nolist;
20603  modify Reg5_EMSCOREDIST;
20604  label target = "%sysfunc(sasmsg(sashelp.dmine, rpt_targetvar_vlabel ,      NOQUOTE))";
20605  label datarole = "%sysfunc(sasmsg(sashelp.dmine, rpt_datarole_vlabel ,    NOQUOTE))";
20606  run;

NOTE: MODIFY was successful for EMWS2.REG5_EMSCOREDIST.DATA.
20607  quit;

NOTE: PROCEDURE DATASETS used (Total process time):
      real time           0.04 seconds
      cpu time            0.04 seconds
      

