 
                                                                                                                                                                                                                                                                
 
Tree Leaf Report

Node               Training      Training    Validation    Training
 Id     Depth    Observations     Average      Average     Root ASE

  1       0           17           2.56           0        0.088973
 
                                                                                                                                                                                                                                                                
 
 
Fit Statistics

Target=StockPrice Target Label=' '

   Fit
Statistics    Statistics Label               Train     Validation

  _NOBS_      Sum of Frequencies            17.0000      4.00000 
  _MAX_       Maximum Absolute Error         0.1388      0.16882 
  _SSE_       Sum of Squared Errors          0.1346      0.05565 
  _ASE_       Average Squared Error          0.0079      0.01391 
  _RASE_      Root Average Squared Error     0.0890      0.11795 
  _DIV_       Divisor for ASE               17.0000      4.00000 
  _DFT_       Total Degrees of Freedom      17.0000       .      
 
                                                                                                                                                                                                                                                                
 
 
Assessment Score Rankings

Data Role=TRAIN Target Variable=StockPrice Target Label=' '

           Number of       Mean        Mean
Depth    Observations     Target    Predicted

  5           17         2.56118     2.56118 


Data Role=VALIDATE Target Variable=StockPrice Target Label=' '

           Number of      Mean        Mean
Depth    Observations    Target    Predicted

  5            4         2.5875     2.56118 
 
                                                                                                                                                                                                                                                                
 
 
Assessment Score Distribution

Data Role=TRAIN Target Variable=StockPrice Target Label=' '

  Range for         Mean        Mean        Number of      Model
  Predicted        Target    Predicted    Observations     Score

2.561 -  2.561    2.56118     2.56118          17         2.56118


Data Role=VALIDATE Target Variable=StockPrice Target Label=' '

  Range for        Mean        Mean        Number of      Model
  Predicted       Target    Predicted    Observations     Score

2.561 -  2.561    2.5875     2.56118           4         2.56118
