 
                                                                                                                                                                                                                                                                
 
Tree Leaf Report

Node               Training      Training     Validation     Validation    Training    Validation
 Id     Depth    Observations     Average    Observations      Average     Root ASE     Root ASE

  1       0           20           2.56            8            2.62       0.092973      0.10223 
 
                                                                                                                                                                                                                                                                
 
 
Fit Statistics

Target=stockprice Target Label=' '

   Fit
Statistics    Statistics Label               Train     Validation

  _NOBS_      Sum of Frequencies            20.0000      8.00000 
  _MAX_       Maximum Absolute Error         0.1660      0.16600 
  _SSE_       Sum of Squared Errors          0.1729      0.08361 
  _ASE_       Average Squared Error          0.0086      0.01045 
  _RASE_      Root Average Squared Error     0.0930      0.10223 
  _DIV_       Divisor for ASE               20.0000      8.00000 
  _DFT_       Total Degrees of Freedom      20.0000       .      
 
                                                                                                                                                                                                                                                                
 
 
Assessment Score Rankings

Data Role=TRAIN Target Variable=stockprice Target Label=' '

           Number of      Mean        Mean
Depth    Observations    Target    Predicted

  5           20          2.564      2.564  


Data Role=VALIDATE Target Variable=stockprice Target Label=' '

           Number of      Mean        Mean
Depth    Observations    Target    Predicted

  5            8          2.615      2.564  
 
                                                                                                                                                                                                                                                                
 
 
Assessment Score Distribution

Data Role=TRAIN Target Variable=stockprice Target Label=' '

  Range for        Mean        Mean        Number of     Model
  Predicted       Target    Predicted    Observations    Score

2.564 -  2.564     2.564      2.564           20         2.564


Data Role=VALIDATE Target Variable=stockprice Target Label=' '

  Range for        Mean        Mean        Number of     Model
  Predicted       Target    Predicted    Observations    Score

2.564 -  2.564     2.615      2.564            8         2.564
