*------------------------------------------------------------*
* Training Log
Date:                December 16, 2019
Time:                12:32:27
*------------------------------------------------------------*
10869  proc freq data=EMWS2.Part5_VariableSet noprint;
10870  table ROLE*LEVEL/out=WORK.Part5META;
10871  run;

NOTE: There were 8 observations read from the data set EMWS2.PART5_VARIABLESET.
NOTE: The data set WORK.PART5META has 4 observations and 4 variables.
NOTE: PROCEDURE FREQ used (Total process time):
      real time           0.01 seconds
      cpu time            0.00 seconds
      

10872  proc print data=WORK.Part5META label noobs;
10873  var ROLE LEVEL COUNT;
10874  label ROLE = "%sysfunc(sasmsg(sashelp.dmine, meta_role_vlabel, NOQUOTE))" LEVEL = "%sysfunc(sasmsg(sashelp.dmine, meta_level_vlabel, NOQUOTE))" COUNT = "%sysfunc(sasmsg(sashelp.dmine, rpt_count_vlabel, NOQUOTE))";
10875  title9 ' ';
10876  title10 "%sysfunc(sasmsg(sashelp.dmine, rpt_varSummary_title  , NOQUOTE))";
10877  run;

NOTE: There were 4 observations read from the data set WORK.PART5META.
NOTE: The PROCEDURE PRINT printed page 1.
NOTE: PROCEDURE PRINT used (Total process time):
      real time           0.00 seconds
      cpu time            0.00 seconds
      

10878  title10;

10886  *------------------------------------------------------------*;
10887  * Part5: Determine number of observations;
10888  *------------------------------------------------------------*;
10889  proc sql;
10890  reset noprint;
10891  select count(*) into :_tmpa from EMWS2.Stat5_TRAIN
10892  ;
NOTE: There were 28 observations read from the data set FINALIB.AIRASIA_CSV.
NOTE: There were 28 observations read from the data set EMWS2.IDS5_DATA.
NOTE: View EMWS2.STAT5_TRAIN.VIEW used (Total process time):
      real time           0.08 seconds
      cpu time            0.07 seconds
      
NOTE: There were 28 observations read from the data set EMWS2.REPL_TRAIN.
10893  quit;
NOTE: PROCEDURE SQL used (Total process time):
      real time           0.09 seconds
      cpu time            0.11 seconds
      

trainPct=70 validatePct=30 testPct=0 
10894  *------------------------------------------------------------*;
10895  * Part5: Create random partition;
10896  *------------------------------------------------------------*;
10897  data
10898  EMWS2.Part5_TRAIN(label="")
10899  EMWS2.Part5_VALIDATE(label="")
10900  ;
10901  retain _seed_ 12345;
10902  drop _seed_ _genvalue_;
10903  call ranuni(_seed_, _genvalue_);
10904  label _dataobs_ = "%sysfunc(sasmsg(sashelp.dmine, sample_dataobs_vlabel, NOQUOTE))";
10905  _dataobs_ = _N_;
10906  drop _c00:;
10907  set EMWS2.Stat5_TRAIN;
10908  if (28 +1-_n_)*_genvalue_ <= (20 - _C000001) then do;
10909  _C000001 + 1;
10910  output EMWS2.Part5_TRAIN;
10911  end;
10912  else do;
10913  _C000002 + 1;
10914  output EMWS2.Part5_VALIDATE;
10915  end;
10916  run;

NOTE: There were 28 observations read from the data set FINALIB.AIRASIA_CSV.
NOTE: There were 28 observations read from the data set EMWS2.IDS5_DATA.
NOTE: View EMWS2.STAT5_TRAIN.VIEW used (Total process time):
      real time           0.08 seconds
      cpu time            0.07 seconds
      
NOTE: There were 28 observations read from the data set EMWS2.REPL_TRAIN.
NOTE: There were 28 observations read from the data set EMWS2.STAT5_TRAIN.
NOTE: The data set EMWS2.PART5_TRAIN has 20 observations and 14 variables.
NOTE: The data set EMWS2.PART5_VALIDATE has 8 observations and 14 variables.
NOTE: DATA statement used (Total process time):
      real time           0.10 seconds
      cpu time            0.10 seconds
      

10917  run;

10918  data _tempNobs;
10919  length Type $8 Table $32 Nobs 8;
10920  label type= "%sysfunc(sasmsg(sashelp.dmine, meta_type_vlabel,    NOQUOTE))" table = "%sysfunc(sasmsg(sashelp.dmine, meta_dataset_vlabel, NOQUOTE))" nobs = "%sysfunc(sasmsg(sashelp.dmine,  rpt_numObs_vlabel,   NOQUOTE))";
10921  type='DATA';
10922  table="EMWS2.Stat5_TRAIN";
10923  Nobs=28;
10924  output;
10925  type='TRAIN';
10926  table="EMWS2.Part5_TRAIN";
10927  Nobs=20;
10928  output;
10929  type='VALIDATE';
10930  table="EMWS2.Part5_VALIDATE";
10931  Nobs=8;
10932  output;
10933  run;

NOTE: The data set WORK._TEMPNOBS has 3 observations and 3 variables.
NOTE: DATA statement used (Total process time):
      real time           0.01 seconds
      cpu time            0.01 seconds
      

10934  %let _cn = %sysfunc(getoption(CENTER));
10935  %let _nb = %sysfunc(getoption(NUMBER));
10936  options nonumber nocenter;
10937  proc print data=_tempNobs noobs label;
10938  title9 ' ';
10939  title10 "%sysfunc(sasmsg(sashelp.dmine, rpt_partitionSummary_title, NOQUOTE))";
10940  run;

NOTE: There were 3 observations read from the data set WORK._TEMPNOBS.
NOTE: The PROCEDURE PRINT printed page 2.
NOTE: PROCEDURE PRINT used (Total process time):
      real time           0.00 seconds
      cpu time            0.00 seconds
      

10941  title10;
10942  options &_cn &_nb;
10943  run;

