 
                                                                                                                                                                                                                                                                
 
Variable Importance

                                                                                                                Ratio of
                      Number of                       Number of                                               Validation
Variable              Splitting                        Rules in           Relative         Validation        to Training
  Name       Label      Rules           Importance     CV Trees         Importance         Importance         Importance

oilprice                  1                 1.0000        20                1.0000             1.0000             1.0000
goldprice                 1                 0.3462        17                0.3196             0.3285             0.9490
 
                                                                                                                                                                                                                                                                
 
Tree Leaf Report

Node               Training      Training    Validation    Training
 Id     Depth    Observations     Average      Average     Root ASE

  3       1            7           6.72           0        0.063471
  5       2            7           6.62           0        0.041650
  4       2            6           6.57           0        0.023629
 
                                                                                                                                                                                                                                                                
 
 
Fit Statistics

Target=stockprice Target Label=' '

   Fit
Statistics    Statistics Label               Train     Validation

  _NOBS_      Sum of Frequencies            20.0000      8.00000 
  _MAX_       Maximum Absolute Error         0.0900      0.24500 
  _SSE_       Sum of Squared Errors          0.0437      0.12790 
  _ASE_       Average Squared Error          0.0022      0.01599 
  _RASE_      Root Average Squared Error     0.0467      0.12644 
  _DIV_       Divisor for ASE               20.0000      8.00000 
  _DFT_       Total Degrees of Freedom      20.0000       .      
 
                                                                                                                                                                                                                                                                
 
 
Assessment Score Rankings

Data Role=TRAIN Target Variable=stockprice Target Label=' '

           Number of       Mean        Mean
Depth    Observations     Target    Predicted

   5           7         6.72000     6.72000 
  40           7         6.61714     6.61714 
  75           6         6.56500     6.56500 


Data Role=VALIDATE Target Variable=stockprice Target Label=' '

           Number of       Mean        Mean
Depth    Observations     Target    Predicted

   5           1         6.75000     6.72000 
  15           3         6.58333     6.61714 
  55           4         6.70000     6.56500 
 
                                                                                                                                                                                                                                                                
 
 
Assessment Score Distribution

Data Role=TRAIN Target Variable=stockprice Target Label=' '

  Range for         Mean        Mean        Number of      Model
  Predicted        Target    Predicted    Observations     Score

6.712 -  6.720    6.72000     6.72000           7         6.71613
6.612 -  6.619    6.61714     6.61714           7         6.61538
6.565 -  6.573    6.56500     6.56500           6         6.56888


Data Role=VALIDATE Target Variable=stockprice Target Label=' '

  Range for         Mean        Mean        Number of      Model
  Predicted        Target    Predicted    Observations     Score

6.712 -  6.720    6.75000     6.72000           1         6.71613
6.612 -  6.619    6.58333     6.61714           3         6.61538
6.565 -  6.573    6.70000     6.56500           4         6.56888
