 
                                                                                               
 
 
Fit Statistics

Target=Attrition Target Label=' '

   Fit
Statistics    Statistics Label                    Train    Validation       Test

 _AIC_        Akaike's Information Criterion     583.80         .           .   
 _ASE_        Average Squared Error                0.10        0.099       0.090
 _AVERR_      Average Error Function               0.33        0.332       0.321
 _DFE_        Degrees of Freedom for Error       759.00         .           .   
 _DFM_        Model Degrees of Freedom            32.00         .           .   
 _DFT_        Total Degrees of Freedom           791.00         .           .   
 _DIV_        Divisor for ASE                   1582.00      678.000     680.000
 _ERR_        Error Function                     519.80      225.308     217.963
 _FPE_        Final Prediction Error               0.11         .           .   
 _MAX_        Maximum Absolute Error               0.99        0.982       0.998
 _MSE_        Mean Square Error                    0.10        0.099       0.090
 _NOBS_       Sum of Frequencies                 791.00      339.000     340.000
 _NW_         Number of Estimate Weights          32.00         .           .   
 _RASE_       Root Average Sum of Squares          0.31        0.315       0.300
 _RFPE_       Root Final Prediction Error          0.33         .           .   
 _RMSE_       Root Mean Squared Error              0.32        0.315       0.300
 _SBC_        Schwarz's Bayesian Criterion       733.34         .           .   
 _SSE_        Sum of Squared Errors              154.65       67.411      61.226
 _SUMW_       Sum of Case Weights Times Freq    1582.00      678.000     680.000
 _MISC_       Misclassification Rate               0.13        0.133       0.126
 
                                                                                               
 
 
Classification Table

Data Role=TRAIN Target Variable=Attrition Target Label=' '

                       Target        Outcome     Frequency       Total
Target    Outcome    Percentage    Percentage      Count      Percentage

  0          0         88.4038       97.7376        648         81.9216 
  1          0         11.5962       66.4063         85         10.7459 
  0          1         25.8621        2.2624         15          1.8963 
  1          1         74.1379       33.5938         43          5.4362 


Data Role=VALIDATE Target Variable=Attrition Target Label=' '

                       Target        Outcome     Frequency       Total
Target    Outcome    Percentage    Percentage      Count      Percentage

  0          0         89.7351       95.0877        271         79.9410 
  1          0         10.2649       57.4074         31          9.1445 
  0          1         37.8378        4.9123         14          4.1298 
  1          1         62.1622       42.5926         23          6.7847 
 
                                                                                               
 
 
Event Classification Table

Data Role=TRAIN Target=Attrition Target Label=' '

  False       True        False       True
Negative    Negative    Positive    Positive

   85          648         15          43   


Data Role=VALIDATE Target=Attrition Target Label=' '

  False       True        False       True
Negative    Negative    Positive    Positive

   31          271         14          23   
 
                                                                                               
 
 
Assessment Score Rankings

Data Role=TRAIN Target Variable=Attrition Target Label=' '

                                                                                    Mean
                            Cumulative       %      Cumulative     Number of     Posterior
Depth      Gain     Lift       Lift      Response   % Response   Observations   Probability

   5    409.824   5.09824     5.09824     82.5000     82.5000         40          0.72005  
  10    317.129   3.24434     4.17129     52.5000     67.5000         40          0.49684  
  15    253.125   2.21835     3.53125     35.8974     57.1429         39          0.38848  
  20    195.381   1.23594     2.95381     20.0000     47.7987         40          0.30146  
  25    165.290   1.42608     2.65290     23.0769     42.9293         39          0.23563  
  30    133.686   0.77246     2.33686     12.5000     37.8151         40          0.19647  
  35    111.939   0.79227     2.11939     12.8205     34.2960         39          0.16884  
  40     92.993   0.61797     1.92993     10.0000     31.2303         40          0.14355  
  45     75.323   0.31691     1.75323      5.1282     28.3708         39          0.12056  
  50     71.658   1.39043     1.71658     22.5000     27.7778         40          0.10032  
  55     62.996   0.77246     1.62996     12.5000     26.3761         40          0.08169  
  60     52.215   0.31691     1.52215      5.1282     24.6316         39          0.06681  
  65     43.993   0.46348     1.43993      7.5000     23.3010         40          0.05461  
  70     34.972   0.15845     1.34972      2.5641     21.8412         39          0.04580  
  75     29.004   0.46348     1.29004      7.5000     20.8754         40          0.03549  
  80     22.032   0.15845     1.22032      2.5641     19.7472         39          0.02557  
  85     14.779   0.00000     1.14779      0.0000     18.5736         40          0.01970  
  90     10.228   0.31691     1.10228      5.1282     17.8371         39          0.01372  
  95      5.186   0.15449     1.05186      2.5000     17.0213         40          0.00811  
 100      0.000   0.00000     1.00000      0.0000     16.1820         39          0.00301  


Data Role=VALIDATE Target Variable=Attrition Target Label=' '

                                                                                    Mean
                            Cumulative       %      Cumulative     Number of     Posterior
Depth      Gain     Lift       Lift      Response   % Response   Observations   Probability

   5    343.137   4.43137     4.43137     70.5882     70.5882         17          0.81235  
  10    269.281   2.95425     3.69281     47.0588     58.8235         17          0.59402  
  15    244.662   2.95425     3.44662     47.0588     54.9020         17          0.47093  
  20    204.657   1.84641     3.04657     29.4118     48.5294         17          0.37524  
  25    188.039   2.21569     2.88039     35.2941     45.8824         17          0.30052  
  30    152.342   0.73856     2.52342     11.7647     40.1961         17          0.23238  
  35    126.844   0.73856     2.26844     11.7647     36.1345         17          0.18740  
  40    103.105   0.36928     2.03105      5.8824     32.3529         17          0.15707  
  45     84.641   0.36928     1.84641      5.8824     29.4118         17          0.12779  
  50     73.562   0.73856     1.73562     11.7647     27.6471         17          0.10985  
  55     61.141   0.36928     1.61141      5.8824     25.6684         17          0.08867  
  60     50.790   0.36928     1.50790      5.8824     24.0196         17          0.07481  
  65     39.191   0.00000     1.39191      0.0000     22.1719         17          0.06121  
  70     31.886   0.36928     1.31886      5.8824     21.0084         17          0.04855  
  75     23.094   0.00000     1.23094      0.0000     19.6078         17          0.03935  
  80     17.708   0.36928     1.17708      5.8824     18.7500         17          0.03026  
  85     15.129   0.73856     1.15129     11.7647     18.3391         17          0.02247  
  90     10.784   0.36928     1.10784      5.8824     17.6471         17          0.01519  
  95      4.954   0.00000     1.04954      0.0000     16.7183         17          0.00961  
 100      0.000   0.00000     1.00000      0.0000     15.9292         16          0.00408  
 
                                                                                               
 
 
Assessment Score Distribution

Data Role=TRAIN Target Variable=Attrition Target Label=' '

 Posterior     Number                     Mean
Probability      of      Number of     Posterior
   Range       Events    Nonevents    Probability    Percentage

 0.90-0.95        2           0         0.90628         0.2528 
 0.85-0.90        4           0         0.87360         0.5057 
 0.80-0.85        5           0         0.83422         0.6321 
 0.75-0.80        4           0         0.77764         0.5057 
 0.70-0.75        6           0         0.72203         0.7585 
 0.65-0.70        2           3         0.66431         0.6321 
 0.60-0.65        7           3         0.62663         1.2642 
 0.55-0.60        5           1         0.56669         0.7585 
 0.50-0.55        8           8         0.52765         2.0228 
 0.45-0.50        7          10         0.47746         2.1492 
 0.40-0.45        9          11         0.42552         2.5284 
 0.35-0.40        8          11         0.37500         2.4020 
 0.30-0.35        7          20         0.32211         3.4134 
 0.25-0.30        4          21         0.27574         3.1606 
 0.20-0.25       11          37         0.22291         6.0683 
 0.15-0.20        6          68         0.17315         9.3552 
 0.10-0.15       11          78         0.12344        11.2516 
 0.05-0.10       14         127         0.07085        17.8255 
 0.00-0.05        8         265         0.02131        34.5133 


Data Role=VALIDATE Target Variable=Attrition Target Label=' '

 Posterior     Number                     Mean
Probability      of      Number of     Posterior
   Range       Events    Nonevents    Probability    Percentage

 0.95-1.00        1           0         0.96819         0.2950 
 0.90-0.95        2           0         0.90226         0.5900 
 0.85-0.90        2           0         0.87578         0.5900 
 0.80-0.85        5           2         0.81869         2.0649 
 0.70-0.75        2           2         0.72146         1.1799 
 0.65-0.70        2           3         0.66486         1.4749 
 0.60-0.65        3           0         0.63404         0.8850 
 0.55-0.60        1           3         0.58106         1.1799 
 0.50-0.55        5           4         0.52584         2.6549 
 0.45-0.50        4           5         0.47768         2.6549 
 0.40-0.45        2           5         0.43249         2.0649 
 0.35-0.40        4           9         0.37326         3.8348 
 0.30-0.35        2           8         0.32406         2.9499 
 0.25-0.30        4           9         0.27534         3.8348 
 0.20-0.25        2          12         0.22390         4.1298 
 0.15-0.20        2          26         0.17596         8.2596 
 0.10-0.15        4          34         0.12282        11.2094 
 0.05-0.10        2          55         0.07329        16.8142 
 0.00-0.05        5         108         0.02316        33.3333 
