*------------------------------------------------------------*
* Training Log
Date:                December 19, 2019
Time:                16:53:03
*------------------------------------------------------------*
10869  proc freq data=EMWS5.Reg_VariableSet noprint;
10870  table ROLE*LEVEL/out=WORK.RegMETA;
10871  run;

NOTE: There were 32 observations read from the data set EMWS5.REG_VARIABLESET.
NOTE: The data set WORK.REGMETA has 2 observations and 4 variables.
NOTE: PROCEDURE FREQ used (Total process time):
      real time           0.01 seconds
      cpu time            0.01 seconds
      

10872  proc print data=WORK.RegMETA label noobs;
10873  var ROLE LEVEL COUNT;
10874  label ROLE = "%sysfunc(sasmsg(sashelp.dmine, meta_role_vlabel, NOQUOTE))" LEVEL = "%sysfunc(sasmsg(sashelp.dmine, meta_level_vlabel, NOQUOTE))" COUNT = "%sysfunc(sasmsg(sashelp.dmine, rpt_count_vlabel, NOQUOTE))";
10875  title9 ' ';
10876  title10 "%sysfunc(sasmsg(sashelp.dmine, rpt_varSummary_title  , NOQUOTE))";
10877  run;

NOTE: There were 2 observations read from the data set WORK.REGMETA.
NOTE: The PROCEDURE PRINT printed page 1.
NOTE: PROCEDURE PRINT used (Total process time):
      real time           0.00 seconds
      cpu time            0.01 seconds
      

10878  title10;

10879  %let EMNORLEN = %DMNORLEN;
EMWS5.Trans_TRAIN EMWS5.Trans_TRAIN 
EMWS5.Trans_TRAIN EMWS5.Trans_TRAIN EMWS5 Trans_TRAIN 
EMWS5.Trans_TRAIN EMWS5.Trans_TRAIN 
EMWS5.Trans_TRAIN EMWS5.Trans_TRAIN EMWS5 Trans_TRAIN 
Executing  SASHELP.EMCORE.EMINFOITERATOR.SCL _INIT >> 
Executing  SASHELP.EMCORE.EMINFOITERATOR.SCL setMetaData >> 
Executing  SASHELP.EMCORE.EMINFOITERATOR.SCL next >> 
Executing  SASHELP.EMCORE.EMINFOITERATOR.SCL setMetaData >> 
Executing  SASHELP.EMCORE.EMINFOITERATOR.SCL next >> 
Executing  SASHELP.EMCORE.EMINFOITERATOR.SCL _term >> 
>>>>>>>>>>>>>> TARGET(   NAME='Attrition' 
                         ROLE='TARGET' 
                         LEVEL='BINARY' 
                         ORDER='' 
                         CREATOR='' 
                         FORMATTYPE='QUANTITY' 
                         FAMILY='' 
                         LOWERLIMIT=. 
                         UPPERLIMIT=. 
                         REPORT='N' 
                         DISTRIBUTION='' 
                         COMMENT='' 
                         PRICE=. 
                         TYPE='N' 
                         LABEL='' 
                         FORMAT='BEST1.0' 
                         INFORMAT='BEST1.0' 
                         INDEX='N' 
                         INDEXTYPE='NONE' 
                         LENGTH=8 
                         USE='Y' 
                      )[11623] 
PERFORMANCE  DETAILS
WORK.EM_DMDB WORK.EM_DMDB 
WORK.EM_DMDB WORK.EM_DMDB WORK EM_DMDB 
10964  data WORK.Reg_EVENT(KEEP=VARIABLE LABEL LEVEL EVENT NUMLEVELS ORDER);
10965  length ORDER $20;
10966  label VARIABLE = "%sysfunc(sasmsg(sashelp.dmine, rpt_target_vlabel,  NOQUOTE))" EVENT = "%sysfunc(sasmsg(sashelp.dmine, assmt_event_vlabel, NOQUOTE))" NUMLEVELS = "%sysfunc(sasmsg(sashelp.dmine, rpt_numcat_vlabel, NOQUOTE))" LEVEL =
10967     "%sysfunc(sasmsg(sashelp.dmine, meta_level_vlabel, NOQUOTE))" ORDER = "%sysfunc(sasmsg(sashelp.dmine, meta_order_vlabel, NOQUOTE))" LABEL = "%sysfunc(sasmsg(sashelp.dmine, meta_label_vlabel, NOQUOTE))";
10968  set EMWS5.REG_ATTRITION_DM( where=(_TYPE_="TARGET"));
10969  NumLevels=2;
10970  select(upcase(ORDER));
10971  when('DESC') ORDER = 'Descending';
10972  when('ASC') ORDER = 'Ascending';
10973  when('FMTDESC') ORDER = 'Formatted Descending';
10974  when('FMTASC') ORDER = 'Formatted Ascending';
10975  otherwise ORDER = 'Descending';
10976  end;
10977  output;
10978  run;

NOTE: There were 1 observations read from the data set EMWS5.REG_ATTRITION_DM.
      WHERE _TYPE_='TARGET';
NOTE: The data set WORK.REG_EVENT has 1 observations and 6 variables.
NOTE: DATA statement used (Total process time):
      real time           0.01 seconds
      cpu time            0.01 seconds
      

10979  title9 ' ';
10980  proc print data=WORK.Reg_EVENT noobs label;
10981  var VARIABLE EVENT LEVEL NUMLEVELS ORDER LABEL;
10982  title9 ' ';
10983  title10 "%sysfunc(sasmsg(sashelp.dmine, rpt_modelEvent_title  , NOQUOTE))";
10984  run;

NOTE: There were 1 observations read from the data set WORK.REG_EVENT.
NOTE: The PROCEDURE PRINT printed page 2.
NOTE: PROCEDURE PRINT used (Total process time):
      real time           0.00 seconds
      cpu time            0.00 seconds
      

10985  title10;

"No decisions defined for target "Attrition"." 
10986  proc print data = EMWS5.Reg_Attrition_DM noobs label;
10987  var _type_ variable label;
10988  where _type_ ^in('MATRIX', 'DECISION', 'TRAINPRIOR', 'DATAPRIOR', 'DECPRIOR');
10989  label _TYPE_ = "%sysfunc(sasmsg(sashelp.dmine, rpt_type_vlabel,     NOQUOTE))" VARIABLE = "%sysfunc(sasmsg(sashelp.dmine, rpt_variable_vlabel, NOQUOTE))" LABEL = "%sysfunc(sasmsg(sashelp.dmine, meta_label_vlabel, NOQUOTE))";
10990  title9 ' ';
10991  title10 "%sysfunc(sasmsg(sashelp.dmine, rpt_predDecVars_title  , NOQUOTE))";
10992  run;

NOTE: There were 7 observations read from the data set EMWS5.REG_ATTRITION_DM.
      WHERE _type_ not in ('DATAPRIOR', 'DECISION', 'DECPRIOR', 'MATRIX', 'TRAINPRIOR');
NOTE: The PROCEDURE PRINT printed page 3.
NOTE: PROCEDURE PRINT used (Total process time):
      real time           0.00 seconds
      cpu time            0.01 seconds
      

10993  title10;

11003  data WORK.M3SIS07M;
11004  set WORK.M3SIS07M end=eof;
11005  output;
11006  if eof then do;
11007  NAME="";
11008  ROLE="COST";
11009  LEVEL="INTERVAL";
11010  TYPE="N";
11011  output;
11012  end;
11013  run;

NOTE: There were 32 observations read from the data set WORK.M3SIS07M.
NOTE: The data set WORK.M3SIS07M has 33 observations and 21 variables.
NOTE: DATA statement used (Total process time):
      real time           0.00 seconds
      cpu time            0.01 seconds
      

NOTE: There were 2 observations read from the data set EMWS5.REG_ATTRITION_DD.
NOTE: The data set WORK.ATTRITION has 2 observations and 7 variables.
NOTE: There were 2 observations read from the data set EMWS5.REG_ATTRITION_DD.
NOTE: The data set WORK.ATTRITION has 2 observations and 7 variables.
11014  *------------------------------------------------------------*;
11015  * Reg: Create decision matrix;
11016  *------------------------------------------------------------*;
11017  data WORK.Attrition(label="Attrition");
11018    length   Attrition                        $  32
11019             COUNT                                8
11020             DATAPRIOR                            8
11021             TRAINPRIOR                           8
11022             DECPRIOR                             8
11023             DECISION1                            8
11024             DECISION2                            8
11025             ;
11026  
11027    label    COUNT="Level Counts"
11028             DATAPRIOR="Data Proportions"
11029             TRAINPRIOR="Training Proportions"
11030             DECPRIOR="Decision Priors"
11031             DECISION1="1"
11032             DECISION2="0"
11033             ;
11034  Attrition="1"; COUNT=128; DATAPRIOR=0.16182048040455; TRAINPRIOR=0.16182048040455; DECPRIOR=.; DECISION1=1; DECISION2=0;
11035  output;
11036  Attrition="0"; COUNT=663; DATAPRIOR=0.83817951959544; TRAINPRIOR=0.83817951959544; DECPRIOR=.; DECISION1=0; DECISION2=1;
11037  output;
11038  ;
11039  run;

NOTE: The data set WORK.ATTRITION has 2 observations and 7 variables.
NOTE: DATA statement used (Total process time):
      real time           0.00 seconds
      cpu time            0.00 seconds
      

11040  proc datasets lib=work nolist;
11041  modify Attrition(type=PROFIT label=Attrition);
11042  label DECISION1= '1';
11043  label DECISION2= '0';
11044  run;

NOTE: MODIFY was successful for WORK.ATTRITION.DATA.
11045  quit;

NOTE: PROCEDURE DATASETS used (Total process time):
      real time           0.00 seconds
      cpu time            0.01 seconds
      

11046  data EM_DMREG / view=EM_DMREG;
11047  set EMWS5.Trans_TRAIN(keep=
11048  Age Attrition BusinessTravel DailyRate Department DistanceFromHome Education
11049  EducationFiled EmployeeNumber EnvironmentSatisfaction Gender HourlyRate
11050  JobInvolvement JobLevel JobRole JobSatisfaction MartialStatus MonthlyIncome
11051  MonthlyRate NumCompaniesWorked OverTime PercentSalaryHike PerformanceRating
11052  RelationshipSatisfaction StockOptionLevel TotalWorkingYears
11053  TrainingTimesLastYear WorkLifeBalance YearsAtCompany YearsInCurrentRole
11054  YearsSinceLastPromotion YearsWithCurrManager );
11055  run;

NOTE: DATA STEP view saved on file WORK.EM_DMREG.
NOTE: A stored DATA STEP view cannot run under a different operating system.
NOTE: View EMWS5.TRANS_TRAIN.VIEW used (Total process time):
      real time           0.02 seconds
      cpu time            0.03 seconds
      
NOTE: DATA statement used (Total process time):
      real time           0.03 seconds
      cpu time            0.03 seconds
      

11056  *------------------------------------------------------------* ;
11057  * Reg: DMDBClass Macro ;
11058  *------------------------------------------------------------* ;
11059  %macro DMDBClass;
11060      Attrition(DESC)
11061  %mend DMDBClass;
11062  *------------------------------------------------------------* ;
11063  * Reg: DMDBVar Macro ;
11064  *------------------------------------------------------------* ;
11065  %macro DMDBVar;
11066      Age BusinessTravel DailyRate Department DistanceFromHome Education
11067     EducationFiled EmployeeNumber EnvironmentSatisfaction Gender HourlyRate
11068     JobInvolvement JobLevel JobRole JobSatisfaction MartialStatus MonthlyIncome
11069     MonthlyRate NumCompaniesWorked OverTime PercentSalaryHike PerformanceRating
11070     RelationshipSatisfaction StockOptionLevel TotalWorkingYears
11071     TrainingTimesLastYear WorkLifeBalance YearsAtCompany YearsInCurrentRole
11072     YearsSinceLastPromotion YearsWithCurrManager
11073  %mend DMDBVar;
11074  *------------------------------------------------------------*;
11075  * Reg: Create DMDB;
11076  *------------------------------------------------------------*;
11077  proc dmdb batch data=WORK.EM_DMREG
11078  dmdbcat=WORK.Reg_DMDB
11079  maxlevel = 513
11080  ;
11081  class %DMDBClass;
11082  var %DMDBVar;
11083  target
11084  Attrition
11085  ;
11086  run;

NOTE: Records processed = 791   Memory used = 511K.
NOTE: There were 791 observations read from the data set EMWS5.PART_TRAIN.
NOTE: View WORK.EM_DMREG.VIEW used (Total process time):
      real time           0.05 seconds
      cpu time            0.06 seconds
      
NOTE: There were 791 observations read from the data set EMWS5.TRANS_TRAIN.
NOTE: There were 791 observations read from the data set WORK.EM_DMREG.
NOTE: PROCEDURE DMDB used (Total process time):
      real time           0.06 seconds
      cpu time            0.07 seconds
      

11087  quit;
11088  *--- end code ---*;

11089  *------------------------------------------------------------*;
11090  * Reg: Run DMREG procedure;
11091  *------------------------------------------------------------*;
11092  proc dmreg data=EM_DMREG dmdbcat=WORK.Reg_DMDB
11093  validata = EMWS5.Trans_VALIDATE
11094  outest = EMWS5.Reg_EMESTIMATE
11095  outterms = EMWS5.Reg_OUTTERMS
11096  outmap= EMWS5.Reg_MAPDS namelen=200
11097  ;
11098  class
11099  Attrition
11100  ;
11101  model Attrition =
11102  Age
11103  BusinessTravel
11104  DailyRate
11105  Department
11106  DistanceFromHome
11107  Education
11108  EducationFiled
11109  EmployeeNumber
11110  EnvironmentSatisfaction
11111  Gender
11112  HourlyRate
11113  JobInvolvement
11114  JobLevel
11115  JobRole
11116  JobSatisfaction
11117  MartialStatus
11118  MonthlyIncome
11119  MonthlyRate
11120  NumCompaniesWorked
11121  OverTime
11122  PercentSalaryHike
11123  PerformanceRating
11124  RelationshipSatisfaction
11125  StockOptionLevel
11126  TotalWorkingYears
11127  TrainingTimesLastYear
11128  WorkLifeBalance
11129  YearsAtCompany
11130  YearsInCurrentRole
11131  YearsSinceLastPromotion
11132  YearsWithCurrManager
11133  /error=binomial link=LOGIT
11134  coding=DEVIATION
11135  nodesignprint
11136  ;
11137  ;
11138  score data=EMWS5.Trans_TEST
11139  out=_null_
11140  outfit=EMWS5.Reg_FITTEST
11141  role = TEST
11142  ;
11143  code file="F:\WQD7005\MalaysiaStockPrediction-master\SAS\Mildstone5\Milestone5-Insight\Workspaces\EMWS5\Reg\EMPUBLISHSCORE.sas"
11144  group=Reg
11145  ;
11146  code file="F:\WQD7005\MalaysiaStockPrediction-master\SAS\Mildstone5\Milestone5-Insight\Workspaces\EMWS5\Reg\EMFLOWSCORE.sas"
11147  group=Reg
11148  residual
11149  ;
11150  run;


NOTE: PROC DMREG is modeling the probability that Attrition='1'.
NOTE: Convergence criterion (GCONV=1E-6) satisfied.
NOTE: External file F:\WQD7005\MalaysiaStockPrediction-master\SAS\Mildstone5\Milestone5-Insight\Workspaces\EMWS5\Reg\EMPUBLISHSCORE.sas opened.
NOTE: External file F:\WQD7005\MalaysiaStockPrediction-master\SAS\Mildstone5\Milestone5-Insight\Workspaces\EMWS5\Reg\EMFLOWSCORE.sas opened.
NOTE: View EMWS5.TRANS_TEST.VIEW used (Total process time):
      real time           0.10 seconds
      cpu time            0.09 seconds
      
NOTE: There were 340 observations read from the data set EMWS5.PART_TEST.
NOTE: View EMWS5.TRANS_VALIDATE.VIEW used (Total process time):
      real time           0.14 seconds
      cpu time            0.12 seconds
      
NOTE: There were 339 observations read from the data set EMWS5.PART_VALIDATE.
NOTE: There were 791 observations read from the data set EMWS5.PART_TRAIN.
NOTE: View WORK.EM_DMREG.VIEW used (Total process time):
      real time           0.19 seconds
      cpu time            0.18 seconds
      
NOTE: There were 791 observations read from the data set EMWS5.TRANS_TRAIN.
NOTE: There were 791 observations read from the data set WORK.EM_DMREG.
NOTE: There were 339 observations read from the data set EMWS5.TRANS_VALIDATE.
NOTE: There were 340 observations read from the data set EMWS5.TRANS_TEST.
NOTE: The data set EMWS5.REG_EMESTIMATE has 3 observations and 66 variables.
NOTE: The data set EMWS5.REG_OUTTERMS has 32 observations and 5 variables.
NOTE: The data set EMWS5.REG_MAPDS has 2 observations and 33 variables.
NOTE: The data set EMWS5.REG_FITTEST has 1 observations and 14 variables.
NOTE: The PROCEDURE DMREG printed pages 4-5.
NOTE: PROCEDURE DMREG used (Total process time):
      real time           0.22 seconds
      cpu time            0.20 seconds
      

11151  quit;

11152  proc datasets lib=WORK nolist;
11153  delete Reg_DMDB;
11154  run;

NOTE: The file WORK.REG_DMDB (memtype=DATA) was not found, but appears on a DELETE statement.
11155  quit;

NOTE: PROCEDURE DATASETS used (Total process time):
      real time           0.00 seconds
      cpu time            0.00 seconds
      

11156  proc datasets lib=WORK nolist;
11157  delete Reg_DMDB / memtype=catalog;
11158  run;

NOTE: Deleting WORK.REG_DMDB (memtype=CATALOG).
11159  quit;

NOTE: PROCEDURE DATASETS used (Total process time):
      real time           0.00 seconds
      cpu time            0.00 seconds
      

11160  data WORK.ESTIMATE;
11161  length _NAME_ $32;
11162  set EMWS5.Reg_EMESTIMATE;
11163  drop _AIC_--_VMISC_
11164  ;
11165  where _TYPE_ in('PARMS', 'T', 'P');
11166  select(_TYPE_);
11167  when('PARMS') _NAME_='Coefficient';
11168  when('T') _NAME_='tValue';
11169  when('P') _NAME_='PValue';
11170  otherwise;
11171  end;
11172  run;

NOTE: There were 3 observations read from the data set EMWS5.REG_EMESTIMATE.
      WHERE _TYPE_ in ('P', 'PARMS', 'T');
NOTE: The data set WORK.ESTIMATE has 3 observations and 34 variables.
NOTE: DATA statement used (Total process time):
      real time           0.00 seconds
      cpu time            0.00 seconds
      

11173  proc transpose data=WORK.ESTIMATE out=WORK.ESTIMATE(rename=(_NAME_=Effect));
11174  run;

NOTE: There were 3 observations read from the data set WORK.ESTIMATE.
NOTE: The data set WORK.ESTIMATE has 32 observations and 5 variables.
NOTE: PROCEDURE TRANSPOSE used (Total process time):
      real time           0.00 seconds
      cpu time            0.01 seconds
      

11175  proc transpose data=EMWS5.Reg_MAPDS out=WORK.MAP(rename=(_NAME_=Effect INPUT=Variable
11176  ));
11177  var 'Age'n--'YearsWithCurrManager'n;
11178  run;

NOTE: There were 2 observations read from the data set EMWS5.REG_MAPDS.
NOTE: The data set WORK.MAP has 31 observations and 3 variables.
NOTE: PROCEDURE TRANSPOSE used (Total process time):
      real time           0.00 seconds
      cpu time            0.00 seconds
      

11179  proc sort data=WORK.MAP;
11180  by Effect;
11181  run;

NOTE: There were 31 observations read from the data set WORK.MAP.
NOTE: The data set WORK.MAP has 31 observations and 3 variables.
NOTE: PROCEDURE SORT used (Total process time):
      real time           0.00 seconds
      cpu time            0.00 seconds
      

11182  proc sort data=WORK.ESTIMATE;
11183  by Effect;
11184  run;

NOTE: There were 32 observations read from the data set WORK.ESTIMATE.
NOTE: The data set WORK.ESTIMATE has 32 observations and 5 variables.
NOTE: PROCEDURE SORT used (Total process time):
      real time           0.00 seconds
      cpu time            0.00 seconds
      

11185  data EMWS5.Reg_EFFECTS(rename=(_LABEL_=EffectLabel));
11186  length Variable ClassLevel $32;
11187  merge WORK.ESTIMATE WORK.MAP;
11188  by Effect;
11189  label Effect = "%sysfunc(sasmsg(sashelp.dmine, rpt_effect_vlabel, NOQUOTE))" Variable = "%sysfunc(sasmsg(sashelp.dmine, rpt_variable_vlabel, NOQUOTE))" Sign = "%sysfunc(sasmsg(sashelp.dmine, rpt_sign_vlabel, NOQUOTE))" ClassLevel =
11190     "%sysfunc(sasmsg(sashelp.dmine, rpt_level_vlabel, NOQUOTE))" Abscoefficient = "%sysfunc(sasmsg(sashelp.dmine, rpt_abscoefficient_vlabel, NOQUOTE))" Coefficient = "%sysfunc(sasmsg(sashelp.dmine, rpt_coefficient_vlabel, NOQUOTE))" _LABEL_ =
11191     "%sysfunc(sasmsg(sashelp.dmine, rpt_effectLabel_vlabel, NOQUOTE))" CODE = "%sysfunc(sasmsg(sashelp.dmine, rpt_scorecodevar_vlabel, NOQUOTE))";
11192  label tvalue = "%sysfunc(sasmsg(sashelp.dmine, rpt_tvalue_vlabel,         NOQUOTE))" abstvalue = "%sysfunc(sasmsg(sashelp.dmine, rpt_absoluteTvalue_vlabel, NOQUOTE))" PValue = "%sysfunc(sasmsg(sashelp.dmine, rpt_pvalue_vlabel,         NOQUOTE))";
11193  abstvalue = abs(tValue);
11194  if index(Effect, 'Intercept') then do;
11195  variable = 'Intercept';
11196  classLevel = scan(_LABEL_, 2, '=');
11197  end;
11198  if ^indexc(variable, '*') then do;
11199  if length(effect)>length(variable) then classlevel = substr(Effect, length(variable)+1);
11200  end;
11201  if Effect eq '' then Effect = Variable;
11202  if coefficient < 0 then sign = '-';
11203  else sign = '+';
11204  abscoefficient = abs(coefficient);
11205  if _LABEL_ = '' then _LABEL_ = Effect;
11206  if coefficient ne . then output;
11207  run;

NOTE: There were 32 observations read from the data set WORK.ESTIMATE.
NOTE: There were 31 observations read from the data set WORK.MAP.
NOTE: The data set EMWS5.REG_EFFECTS has 32 observations and 11 variables.
NOTE: DATA statement used (Total process time):
      real time           0.02 seconds
      cpu time            0.03 seconds
      

11208  proc sort data =EMWS5.Reg_EFFECTS;
11209  by
11210  descending abstvalue;
11211  run;

NOTE: There were 32 observations read from the data set EMWS5.REG_EFFECTS.
NOTE: The data set EMWS5.REG_EFFECTS has 32 observations and 11 variables.
NOTE: PROCEDURE SORT used (Total process time):
      real time           0.00 seconds
      cpu time            0.00 seconds
      

11212  data EMWS5.Reg_EFFECTS;
11213  set EMWS5.Reg_EFFECTS;
11214  format TEffectNum 3.;
11215  label TEffectNum = "%sysfunc(sasmsg(sashelp.dmine, rpt_teffectnum_vlabel, NOQUOTE))";
11216  retain TEffectNum;
11217  TEffectNum = _N_;
11218  run;

NOTE: There were 32 observations read from the data set EMWS5.REG_EFFECTS.
NOTE: The data set EMWS5.REG_EFFECTS has 32 observations and 12 variables.
NOTE: DATA statement used (Total process time):
      real time           0.00 seconds
      cpu time            0.01 seconds
      

11219  proc sort data =EMWS5.Reg_EFFECTS;
11220  by
11221  descending absCoefficient;
11222  run;

NOTE: There were 32 observations read from the data set EMWS5.REG_EFFECTS.
NOTE: The data set EMWS5.REG_EFFECTS has 32 observations and 12 variables.
NOTE: PROCEDURE SORT used (Total process time):
      real time           0.00 seconds
      cpu time            0.00 seconds
      

11223  data EMWS5.Reg_EFFECTS;
11224  set EMWS5.Reg_EFFECTS;
11225  format EffectNum 3.;
11226  label EffectNum = "%sysfunc(sasmsg(sashelp.dmine, rpt_effectnum_vlabel, NOQUOTE))";
11227  retain EffectNum;
11228  EffectNum = _N_;
11229  run;

NOTE: There were 32 observations read from the data set EMWS5.REG_EFFECTS.
NOTE: The data set EMWS5.REG_EFFECTS has 32 observations and 13 variables.
NOTE: DATA statement used (Total process time):
      real time           0.00 seconds
      cpu time            0.01 seconds
      

