 
                                                                                                                                                                                                                                                                
 
 
Variable Summary

          Measurement    Frequency
 Role        Level         Count

INPUT      INTERVAL          31   
TARGET     BINARY             1   
 
                                                                                                                                                                                                                                                                
 
 
Model Events

                                     Number
                      Measurement      of
 Target      Event       Level       Levels      Order       Label

Attrition      1        BINARY          2      Descending         
 
                                                                                                                                                                                                                                                                
 
 
Predicted and decision variables

Type           Variable              Label

TARGET       Attrition                             
PREDICTED    P_Attrition1    Predicted: Attrition=1
RESIDUAL     R_Attrition1    Residual: Attrition=1 
PREDICTED    P_Attrition0    Predicted: Attrition=0
RESIDUAL     R_Attrition0    Residual: Attrition=0 
FROM         F_Attrition     From: Attrition       
INTO         I_Attrition     Into: Attrition       
 
                                                                                                                                                                                                                                                                
 
 

The DMREG Procedure

                Model Information

Training Data Set              WORK.EM_DMREG.VIEW
DMDB Catalog                   WORK.REG_DMDB     
Target Variable                Attrition         
Target Measurement Level       Ordinal           
Number of Target Categories    2                 
Error                          MBernoulli        
Link Function                  Logit             
Number of Model Parameters     32                
Number of Observations         791               


           Target Profile
 
 Ordered                       Total
   Value     Attrition     Frequency

       1     1                   128
       2     0                   663
 
                                                                                                                                                                                                                                                                
 
 

The DMREG Procedure

Newton-Raphson Ridge Optimization

Without Parameter Scaling

Parameter Estimates              32

                                             Optimization Start

Active Constraints                                  0  Objective Function                       350.15700023
Max Abs Gradient Element                 65.180783818                                                       


                                                                                                        Ratio
                                                                                                      Between
                                                                                                       Actual
                                                                 Objective     Max Abs                    and
                     Function         Active        Objective     Function    Gradient              Predicted
Iter     Restarts       Calls    Constraints         Function       Change     Element     Ridge       Change

   1            0           2              0        274.22055      75.9364     41.7094         0        0.960
   2            0           3              0        260.94770      13.2729      6.6035         0        1.141
   3            0           4              0        259.91411       1.0336      0.6448         0        1.073
   4            0           5              0        259.89964       0.0145      0.0101         0        1.011
   5            0           6              0        259.89964     3.806E-6    2.731E-6         0        1.000

                                            Optimization Results

Iterations                                          5  Function Calls                                      8
Hessian Calls                                       6  Active Constraints                                  0
Objective Function                       259.89963524  Max Abs Gradient Element                 2.7309028E-6
Ridge                                               0  Actual Over Pred Change                  1.0001879654

Convergence criterion (GCONV=1E-6) satisfied.                                                     


     Likelihood Ratio Test for Global Null Hypothesis: BETA=0
 
     -2 Log Likelihood          Likelihood
  Intercept     Intercept &          Ratio
       Only      Covariates     Chi-Square       DF     Pr > ChiSq

    700.314         519.799       180.5147       31         <.0001


                                   Analysis of Maximum Likelihood Estimates
 
                                              Standard          Wald                  Standardized
Parameter                   DF    Estimate       Error    Chi-Square    Pr > ChiSq        Estimate    Exp(Est)

Intercept                    1      3.4015      1.9430          3.06        0.0800                      30.009
Age                          1     -0.0309      0.0174          3.17        0.0751         -0.1587       0.970
BusinessTravel               1     -0.1124      0.1756          0.41        0.5219         -0.0408       0.894
DailyRate                    1    -0.00038    0.000284          1.77        0.1831         -0.0839       1.000
Department                   1      0.0722      0.3351          0.05        0.8294          0.0213       1.075
DistanceFromHome             1      0.0392      0.0143          7.50        0.0062          0.1737       1.040
Education                    1      0.0653      0.1157          0.32        0.5725          0.0358       1.067
EducationFiled               1     -0.0105      0.0870          0.01        0.9040        -0.00764       0.990
EmployeeNumber               1    -0.00014    0.000193          0.52        0.4716         -0.0459       1.000
EnvironmentSatisfaction      1     -0.2993      0.1062          7.95        0.0048         -0.1782       0.741
Gender                       1     -0.3732      0.2369          2.48        0.1152         -0.1016       0.689
HourlyRate                   1     0.00302     0.00570          0.28        0.5966          0.0341       1.003
JobInvolvement               1     -0.5773      0.1557         13.75        0.0002         -0.2300       0.561
JobLevel                     1     -0.0247      0.3825          0.00        0.9484         -0.0147       0.976
JobRole                      1      0.0347      0.0682          0.26        0.6112          0.0476       1.035
JobSatisfaction              1     -0.3313      0.1083          9.35        0.0022         -0.2012       0.718
MartialStatus                1      0.6301      0.2209          8.14        0.0043          0.2541       1.878
MonthlyIncome                1    -0.00007    0.000088          0.63        0.4279         -0.1769       1.000
MonthlyRate                  1    -3.28E-6    0.000016          0.04        0.8368         -0.0130       1.000
NumCompaniesWorked           1      0.1319      0.0482          7.49        0.0062          0.1859       1.141
OverTime                     1     -1.7103      0.2432         49.47        <.0001         -0.4257       0.181
PercentSalaryHike            1     -0.0865      0.0506          2.92        0.0874         -0.1745       0.917
PerformanceRating            1      0.8020      0.5107          2.47        0.1163          0.1593       2.230
RelationshipSatisfaction     1     -0.1056      0.1086          0.95        0.3308         -0.0631       0.900
StockOptionLevel             1     -0.1762      0.1901          0.86        0.3540         -0.0822       0.838
TotalWorkingYears            1     -0.0308      0.0382          0.65        0.4208         -0.1317       0.970
TrainingTimesLastYear        1     -0.1674      0.0943          3.15        0.0758         -0.1188       0.846
WorkLifeBalance              1     -0.1724      0.1620          1.13        0.2871         -0.0664       0.842
YearsAtCompany               1      0.0177      0.0514          0.12        0.7312          0.0582       1.018
YearsInCurrentRole           1     -0.1694      0.0592          8.19        0.0042         -0.3296       0.844
YearsSinceLastPromotion      1      0.1696      0.0565          9.02        0.0027          0.3070       1.185
YearsWithCurrManager         1     -0.0711      0.0622          1.31        0.2530         -0.1388       0.931


          Odds Ratio Estimates
                    
                                    Point
Effect                           Estimate

Age                                 0.970
BusinessTravel                      0.894
DailyRate                           1.000
Department                          1.075
DistanceFromHome                    1.040
Education                           1.067
EducationFiled                      0.990
EmployeeNumber                      1.000
EnvironmentSatisfaction             0.741
Gender                              0.689
HourlyRate                          1.003
JobInvolvement                      0.561
JobLevel                            0.976
JobRole                             1.035
JobSatisfaction                     0.718
MartialStatus                       1.878
MonthlyIncome                       1.000
MonthlyRate                         1.000
NumCompaniesWorked                  1.141
OverTime                            0.181
PercentSalaryHike                   0.917
PerformanceRating                   2.230
RelationshipSatisfaction            0.900
StockOptionLevel                    0.838
TotalWorkingYears                   0.970
TrainingTimesLastYear               0.846
WorkLifeBalance                     0.842
YearsAtCompany                      1.018
YearsInCurrentRole                  0.844
YearsSinceLastPromotion             1.185
YearsWithCurrManager                0.931
