 
                                                                                                                                                                                                                                                                
 
 
Fit Statistics

Target=stockprice Target Label=' '

   Fit
Statistics    Statistics Label                     Train    Validation

 _AIC_        Akaike's Information Criterion    -75.6815       .      
 _ASE_        Average Squared Error               0.0125      0.03552 
 _AVERR_      Average Error Function              0.0125      0.03552 
 _DFE_        Degrees of Freedom for Error       14.0000       .      
 _DFM_        Model Degrees of Freedom            6.0000       .      
 _DFT_        Total Degrees of Freedom           20.0000       .      
 _DIV_        Divisor for ASE                    20.0000      8.00000 
 _ERR_        Error Function                      0.2495      0.28420 
 _FPE_        Final Prediction Error              0.0232       .      
 _MAX_        Maximum Absolute Error              0.2959      0.31794 
 _MSE_        Mean Square Error                   0.0178      0.03552 
 _NOBS_       Sum of Frequencies                 20.0000      8.00000 
 _NW_         Number of Estimate Weights          6.0000       .      
 _RASE_       Root Average Sum of Squares         0.1117      0.18848 
 _RFPE_       Root Final Prediction Error         0.1522       .      
 _RMSE_       Root Mean Squared Error             0.1335      0.18848 
 _SBC_        Schwarz's Bayesian Criterion      -69.7071       .      
 _SSE_        Sum of Squared Errors               0.2495      0.28420 
 _SUMW_       Sum of Case Weights Times Freq     20.0000      8.00000 
 
                                                                                                                                                                                                                                                                
 
 
Assessment Score Rankings

Data Role=TRAIN Target Variable=stockprice Target Label=' '

           Number of      Mean        Mean
Depth    Observations    Target    Predicted

   5           1          3.55      3.52850 
  10           1          3.42      3.48031 
  15           1          3.46      3.47406 
  20           1          3.36      3.41010 
  25           1          3.50      3.34005 
  30           1          3.41      3.32825 
  35           1          3.25      3.30983 
  40           1          3.13      3.26344 
  45           1          3.19      3.25826 
  50           1          3.55      3.25412 
  55           1          3.28      3.24768 
  60           1          3.08      3.23777 
  65           1          3.35      3.23582 
  70           1          3.08      3.19839 
  75           1          3.08      3.16991 
  80           1          3.13      3.16112 
  85           1          3.10      3.15031 
  90           1          3.25      3.15008 
  95           1          2.90      2.99058 
 100           1          3.10      2.98141 


Data Role=VALIDATE Target Variable=stockprice Target Label=' '

           Number of      Mean        Mean
Depth    Observations    Target    Predicted

   5           1          3.19      3.25850 
  15           1          3.51      3.25332 
  30           1          3.08      3.23893 
  40           1          3.50      3.22835 
  55           1          3.30      3.18791 
  65           1          3.41      3.09206 
  80           1          3.07      3.04153 
  90           1          3.01      3.02020 
 
                                                                                                                                                                                                                                                                
 
 
Assessment Score Distribution

Data Role=TRAIN Target Variable=stockprice Target Label=' '

  Range for        Mean        Mean        Number of      Model
  Predicted       Target    Predicted    Observations     Score

3.501 -  3.528     3.550     3.52850           1         3.51482
3.474 -  3.501     3.440     3.47719           2         3.48747
3.392 -  3.419     3.360     3.41010           1         3.40540
3.337 -  3.364     3.500     3.34005           1         3.35069
3.310 -  3.337     3.330     3.31904           2         3.32334
3.255 -  3.282     3.160     3.26085           2         3.26863
3.228 -  3.255     3.315     3.24385           4         3.24128
3.173 -  3.200     3.080     3.19839           1         3.18657
3.146 -  3.173     3.140     3.15786           4         3.15921
2.981 -  3.009     3.000     2.98599           2         2.99509


Data Role=VALIDATE Target Variable=stockprice Target Label=' '

  Range for        Mean        Mean        Number of      Model
  Predicted       Target    Predicted    Observations     Score

3.247 -  3.259     3.35      3.25591           2         3.25254
3.235 -  3.247     3.08      3.23893           1         3.24063
3.223 -  3.235     3.50      3.22835           1         3.22871
3.187 -  3.199     3.30      3.18791           1         3.19297
3.092 -  3.104     3.41      3.09206           1         3.09764
3.032 -  3.044     3.07      3.04153           1         3.03807
3.020 -  3.032     3.01      3.02020           1         3.02615
