 
                                                                                                                                                                                                                                                                
 
 
Variable Summary

          Measurement    Frequency
 Role        Level         Count

INPUT      INTERVAL          5    
INPUT      NOMINAL           1    
TARGET     INTERVAL          1    
 
                                                                                                                                                                                                                                                                
 
 
Predicted and decision variables

Type           Variable              Label

TARGET       stockprice                           
PREDICTED    P_stockprice    Predicted: stockprice
RESIDUAL     R_stockprice    Residual: stockprice 
 
                                                                                                                                                                                                                                                                
 
 

The DMREG Procedure

               Model Information

Training Data Set             WORK.EM_DMREG.VIEW
DMDB Catalog                  WORK.REG2_DMDB    
Target Variable               stockprice        
Target Measurement Level      Interval          
Error                         Normal            
Link Function                 Identity          
Number of Model Parameters    7                 
Number of Observations        20                


                             Analysis of Variance
 
                                   Sum of
Source                 DF         Squares     Mean Square    F Value    Pr > F

Model                   5        0.399766        0.079953       4.49    0.0119
Error                  14        0.249489        0.017821                     
Corrected Total        19        0.649255                                     


              Model Fit Statistics

R-Square        0.6157     Adj R-Sq        0.4785
AIC           -75.6815     BIC           -68.9060
SBC           -69.7071     C(p)            6.0000


              Type 3 Analysis of Effects
 
                            Sum of
Effect            DF       Squares    F Value    Pr > F

gasprice           1        0.0207       1.16    0.2996
goldprice          1        0.0022       0.12    0.7297
newspolarity       1        0.0017       0.09    0.7642
oilprice           1        0.2334      13.10    0.0028
polarity_cat       1        0.0027       0.15    0.7052
silverprice        0         .            .       .    


                 Analysis of Maximum Likelihood Estimates
 
                                           Standard
Parameter                DF    Estimate       Error    t Value    Pr > |t|

Intercept                 1     -4.6481      6.0321      -0.77      0.4538
gasprice                  1      0.6238      0.5791       1.08      0.2996
goldprice                 1     -0.1152      0.3268      -0.35      0.7297
newspolarity              1     -0.0254      0.0829      -0.31      0.7642
oilprice                  1      0.1117      0.0309       3.62      0.0028
polarity_cat neutral      1      0.0173      0.0448       0.39      0.7052
silverprice               0           0           .        .         .    
