 
                                                                                                                                                                                                                                                                
 
 
Variable Summary

          Measurement    Frequency
 Role        Level         Count

INPUT      INTERVAL          4    
TARGET     INTERVAL          1    
 
                                                                                                                                                                                                                                                                
 
Interval Variable Summary Statistics
(maximum 500 observations printed)

Data Role=TRAIN

                                      Standard          Non
Variable         Role         Mean    Deviation     Missing     Missing     Minimum      Median     Maximum    Skewness    Kurtosis

GasPrice        INPUT     2.590762    0.092881           21           0        2.49       2.572       2.708    -0.00591    -1.93799
GoldPrice       INPUT     15.02145    0.105594           21           0      14.867      14.965      15.244    0.898291    -0.15515
NewsPolarity    INPUT     0.393167    0.344951           21           0    -0.05606    0.335735    1.146574    0.527201    -0.45854
OilPrice        INPUT     71.11286    1.033992           21           0       69.01       71.55       71.95    -1.03594    -0.39515
StockPrice      TARGET     6.62619    0.073585           21           0        6.53         6.6        6.81    0.982088    0.424494
 
                                                                                                                                                                                                                                                                
 
Correlation Statistics
(maximum 500 observations printed)

Data Role=TRAIN Type=PEARSON Target=StockPrice

Input           Correlation

OilPrice           0.40456 
NewsPolarity       0.10375 
GoldPrice         -0.08741 
GasPrice          -0.47303 
