*------------------------------------------------------------*
* Score Log
Date:                December 16, 2019
Time:                12:32:20
*------------------------------------------------------------*
15741  %let EMEXCEPTIONSTRING=;
15742  *------------------------------------------------------------*;
15743  * SCORE: Repl;
15744  *------------------------------------------------------------*;
15745  %let EM_ACTION = SCORE;
15746  %let syscc = 0;
15747  filename x CATALOG 'SASHELP.EMUTIL.EM_VARMACRO.SOURCE';
15748  %inc x;
NOTE: %INCLUDE (level 1) file X is file SASHELP.EMUTIL.EM_VARMACRO.SOURCE.
15750 +%macro em_varMacro(name=emMacro, metadata=, where=, key=NAME, nummacro=, maxvar=-1);
15752 +   filename macFile catalog 'work.emutil.macro.source';
15753 +   %let _METAOBS = 0;
15754 +   %let _maxvar = &maxvar;
15755 +   %if "&_maxvar" eq "" %then %let maxvar = -1;
15757 +   %if (%sysfunc(exist(&metadata))<1 and %sysfunc(exist(&metadata, VIEW))<1)
15758 +                   or (&metadata eq ) %then %do;
15759 +       %put * No metadata data set defined;
15760 +       %goto doend;
15761 +   %end;
15763 +   data _null_;
15764 +      length _STRING_ $80;
15765 +      retain _STRING_ '' maxvar 0;
15766 +      set &metadata end=eof;
15767 +      file macFile;
15768 +      %if %nrbquote(&where) ne %then %do;
15769 +          %let whereClause = where (%nrbquote(&where));
15770 +          %unquote(&whereClause);
15771 +      %end;
15772 +      if _N_=1 then do;
15773 +         string = "%"!!"macro &name;";
15774 +         put string;
15775 +      end;
15776 +      maxvar +1;
15777 +      if (length(_STRING_) + length(trim(&key))+ 4 < 80) then do;
15778 +         _STRING_ = trim(_STRING_)!!' '!!trim(&key);
15779 +         if eof
15780 +            %if  %sysevalf(&_maxvar > 0) %then %do;
15781 +                or maxvar >= &maxvar
15782 +            %end;
15783 +            then do;
15784 +            put _STRING_;
15785 +            string = "%"!!"mend &name;";
15786 +            put string;
15787 +            string = strip(put(_N_, best.));
15788 +            call symput('_METAOBS', string);
15789 +            %if (&nummacro ne ) %then %do;
15790 +                put "%" "global &nummacro;";
15791 +                put "%" "let &nummacro = " string ";";
15792 +            %end;
15793 +            stop;
15794 +         end;
15795 +      end;
15796 +      else do;
15797 +         put _STRING_;
15798 +         _string_ = TRIM(&key);
15799 +         if eof
15800 +            %if  %sysevalf(&_maxvar > 0) %then %do;
15801 +              or maxvar >= &maxvar
15802 +           %end;
15803 +            then do;
15804 +            put _STRING_;
15805 +            string = "%"!!"mend &name;";
15806 +            put string;
15807 +        end;
15808 +      end;
15809 +      if eof
15810 +         %if  %sysevalf(&_maxvar > 0) %then %do;
15811 +             or maxvar >= &maxvar
15812 +         %end;
15813 +         then do;
15814 +         string = strip(put(_N_, best.));
15815 +         call symput('_METAOBS', string);
15816 +         %if (&nummacro ne ) %then %do;
15817 +             put "%" "global &nummacro;";
15818 +             put "%" "let &nummacro = " string ";";
15819 +         %end;
15820 +         stop;
15821 +      end;
15822 +   run;
15824 +   %doend:
15825 +   %if ^&_METAOBS %then %do;
15826 +       data _null_;
15827 +          file macFile;
15828 +          put "%" "macro &name;";
15829 +          put "%" "mend &name;";
15830 +          %if (&nummacro ne ) %then %do;
15831 +              put "%" "global &nummacro;";
15832 +              put "%" "let &nummacro = 0;";
15833 +          %end;
15834 +      run;
15835 +   %end;
15836 +   %inc macFile;
15837 +   filename macFile;
15838 +%mend em_varMacro;
NOTE: %INCLUDE (level 1) ending.
15839  filename X;
NOTE: Fileref X has been deassigned.
15840   %macro main;
15841  
15842     filename temp catalog 'sashelp.emmdfy.Replace_macros.source';
15843     %include temp;
15844     filename temp;
15845  
15846     %if %upcase(&EM_ACTION) = CREATE %then %do;
15847  
15848         filename temp catalog 'sashelp.emmdfy.Replace_create.source';
15849         %include temp;
15850         filename temp;
15851         %create;
15852     %end;
15853     %else
15854     %if %upcase(&EM_ACTION) = TRAIN %then %do;
15855  
15856         filename temp catalog 'sashelp.emmdfy.Replace_train.source';
15857         %include temp;
15858         filename temp;
15859         %train;
15860     %end;
15861     %else
15862     %if %upcase(&EM_ACTION) = SCORE %then %do;
15863  
15864         filename temp catalog 'sashelp.emmdfy.Replace_score.source';
15865         %include temp;
15866         filename temp;
15867         %score;
15868     %end;
15869     %if %upcase(&EM_ACTION) = REPORT %then %do;
15870  
15871         filename temp catalog 'sashelp.emmdfy.Replace_report.source';
15872         %include temp;
15873         filename temp;
15874         %report;
15875     %end;
15876     %if %upcase(&EM_ACTION) = OPENOUTCLASSTABLE %then %do;
15877         filename temp catalog 'sashelp.emmdfy.replace_makeoutclass.source';
15878         %include temp;
15879         filename temp;
15880         %em_replace_openoutclass;
15881     %end;
15882     %if %upcase(&EM_ACTION) = CLOSEOUTCLASSTABLE %then %do;
15883         filename temp catalog 'sashelp.emmdfy.replace_makeoutclass.source';
15884         %include temp;
15885         filename temp;
15886         %em_replace_closeoutclass;
15887     %end;
15888  %mend main;
15889  
15890  %main;
NOTE: %INCLUDE (level 1) file TEMP is file SASHELP.EMMDFY.REPLACE_MACROS.SOURCE.
15891 +%macro SetProperties;
15892 +   %em_checkmacro(name=EM_PROPERTY_UNKNOWNLEVEL,    global=Y, value=MODE);
15893 +   %em_checkmacro(name=EM_PROPERTY_CALCMETHOD,      global=Y, value=NONE);
15894 +   %em_checkmacro(name=EM_PROPERTY_PERCENTSCUTOFF,  global=Y, value=0.5);
15895 +   %em_checkmacro(name=EM_PROPERTY_SPACINGSCUTOFF,  global=Y, value=9);
15896 +   %em_checkMacro(name=EM_PROPERTY_MADSCUTOFF,      global=Y, value=9);
15897 +   %em_checkMacro(name=EM_PROPERTY_STDDEVCUTOFF,    global=Y, value=3);
15898 +   %em_checkmacro(name=EM_PROPERTY_REPLACEMETHOD,   global=Y, value=COMPUTED);
15899 +   %em_checkmacro(name=EM_PROPERTY_HIDEVARIABLE,    global=Y, value=N);
15900 +   %em_checkmacro(name=EM_PROPERTY_INTERVALMETHOD,  global=Y, value=NONE);
15901 +   %em_checkmacro(name=EM_PROPERTY_REPORTCOUNT,     global=Y, value=Y);
15902 +
15903 +%mend SetProperties;
15904 +
NOTE: %INCLUDE (level 1) ending.
NOTE: Fileref TEMP has been deassigned.
NOTE: %INCLUDE (level 1) file TEMP is file SASHELP.EMMDFY.REPLACE_SCORE.SOURCE.
15905 +%macro makeLevelData(data=, outclass=);
15906 +   data REPLACE_MODE;
15907 +      set &OUTCLASS;
15908 +      by NAME;
15909 +      if first.name then do;
15910 +         MODEC    = CRAW;
15911 +         MODEN    = NRAW;
15912 +         NORMMODE = LEVEL;
15913 +         output;
15914 +      end;
15915 +      keep NAME MODEC MODEN NORMMODE UNKWOWNDEFAULT;
15916 +   run;
15917 +
15918 +   proc sort data=&EM_DATA_VARIABLESET;
15919 +      by NAME;
15920 +   run;
15921 +   data &data;
15922 +      length UNKWOWNDEFAULT $8;
15923 +      merge &OUTCLASS(in=_a) REPLACE_MODE &EM_DATA_VARIABLESET(keep=LABEL LENGTH NAME ROLE LEVEL LABEL FORMAT RENAME=(LEVEL=MLEVEL) where=(MLEVEL ne 'INTERVAL'));
15924 +      by NAME;
15925 +      if LEVEL = '_UNKNOWN_' then UNKWOWNDEFAULT = "&EM_PROPERTY_UNKNOWNLEVEL";
15926 +      if _a then output;
15927 +   run;
15928 +   proc datasets lib=work nolist;
15929 +      delete REPLACE_MODE;
15930 +   run;
15931 +   quit;
15932 +%mend makeLevelData;
15933 +
15934 +%macro makeNewNames(limitDs=, classValue=, className=);
15935 +     %let varname = invarname;
15936 +     %let newname = outname;
15937 +     proc sort data=&classValue out=&varname nodupkey;
15938 +        by NAME;
15939 +        where REPLACE_VALUE ^in('', '_DEFAULT_') or (REPLACE_VALUE eq '_DEFAULT_' and UNKWOWNDEFAULT ne 'NONE');
15940 +     run;
15941 +     %let classnum=0;
15942 +     %let dsid = %sysfunc(open(&varname));
15943 +     %if &dsid>0 %then %do;
15944 +         %let classnum = %sysfunc(attrn(&dsid, NOBS));
15945 +         %let dsid = %sysfunc(close(&dsid));
15946 +     %end;
15947 +
15948 +     %let varnum=0;
15949 +     %let dsid = %sysfunc(open(&LimitDs));
15950 +     %if &dsid>0 %then %do;
15951 +         %let varnum = %sysfunc(attrn(&dsid, NOBS));
15952 +         %let dsid = %sysfunc(close(&dsid));
15953 +     %end;
15954 +
15955 +     %if ^&classnum and ^&varnum and ^%sysfunc(exist(&classname)) %then %do;
15956 +         %let lib    = %scan(&classname, 1, .);
15957 +         %let member = %scan(&classname, 2, .);
15958 +          proc datasets lib=&lib nolist;
15959 +             delete &member;
15960 +          run;
15961 +          quit;
15962 +         %goto doendmn;
15963 +     %end;
15964 +
15965 +     data &varname;
15966 +        set
15967 +        %if &classnum %then %do;
15968 +            &varname(keep=NAME)
15969 +        %end;
15970 +        %if &varnum %then %do;
15971 +            &limitDs(keep=NAME)
15972 +        %end;
15973 +        ;
15974 +     run;
15975 +     proc dmdb data=&varname outtable=&newname(rename=(REP=NEWNAME)) nameserver;
15976 +        names NAME;
15977 +        prefix REP_;
15978 +     run;
15979 +     proc sort data=&newname;
15980 +        by NAME;
15981 +     run;
15982 +
15983 +     /* Merge the new names with the limits data set */
15984 +     %if %sysfunc(exist(&limitDs)) %then %do;
15985 +         data &limitDs;
15986 +            merge &newname &limitDs(in=a);
15987 +            by NAME;
15988 +            if a then output;
15989 +         run;
15990 +
15991 +         %let lib    = %scan(&limitDs, 1, .);
15992 +         %let member = %scan(&limitDs, 2, .);
15993 +          proc datasets lib=&lib nolist;
15994 +             modify &member;
15995 +             label NAME    =     "%sysfunc(sasmsg(sashelp.dmine, rpt_variable_vlabel, NOQUOTE))"
15996 +              NEWNAME =     "%sysfunc(sasmsg(sashelp.dmine, rpt_replacevar_vlabel, NOQUOTE))"
15997 +              CALCMETHOD =  "%sysfunc(sasmsg(sashelp.dmine, rpt_calcmethod_vlabel , NOQUOTE))"
15998 +              REPLACEMETHODUSED =  "%sysfunc(sasmsg(sashelp.dmine, rpt_replacemethodused_vlabel, NOQUOTE))"
15999 +              LOWERLIMIT        =  "%sysfunc(sasmsg(sashelp.dmine, meta_lowerLimit_vlabel, NOQUOTE))"
16000 +              REPLACEMINUSED    =  "%sysfunc(sasmsg(sashelp.dmine, rpt_replacemin_vlabel, NOQUOTE))"
16001 +              UPPERLIMIT        =  "%sysfunc(sasmsg(sashelp.dmine, meta_upperLimit_vlabel, NOQUOTE))"
16002 +              REPLACEDMAXUSED   =  "%sysfunc(sasmsg(sashelp.dmine, rpt_replacemax_vlabel, NOQUOTE))"
16003 +              REPLACEMETHOD     =  "%sysfunc(sasmsg(sashelp.dmine, rpt_replacemethod_vlabel, NOQUOTE))"
16004 +              REPLACEMIN =  "%sysfunc(sasmsg(sashelp.dmine, rpt_userreplacemin_vlabel, NOQUOTE))"
16005 +              REPLACEMAX =  "%sysfunc(sasmsg(sashelp.dmine, rpt_userreplacemax_vlabel, NOQUOTE))"
16006 +              ROLE       =  "%sysfunc(sasmsg(sashelp.dmine, meta_role_vlabel, NOQUOTE))"
16007 +              LEVEL      =  "%sysfunc(sasmsg(sashelp.dmine, meta_level_vlabel, NOQUOTE))"
16008 +              LABEL      =  "%sysfunc(sasmsg(sashelp.dmine, meta_label_vlabel, NOQUOTE))";
16009 +         run;
16010 +         quit;
16011 +     %end;
16012 +
16013 +     /* Merge the new names with the Class Value data set */
16014 +     %if %sysfunc(exist(&classValue)) %then %do;
16015 +         data length;
16016 +            retain newlen 0;
16017 +            set &classValue;
16018 +            by NAME;
16019 +            if type eq 'C' then do;
16020 +               if first.name then do;
16021 +                  if REPLACE_VALUE ^in('_DEFAULT_', '_MODE_', '_MISSING_') then
16022 +                     newlen = max(length, length(strip(replace_value)));
16023 +                  else
16024 +                     newlen = length;
16025 +               end;
16026 +               else do;
16027 +                  if REPLACE_VALUE ^in('_DEFAULT_', '_MODE_', '_MISSING_') then
16028 +                     newlen = max(newlen, length(strip(replace_value)));
16029 +               end;
16030 +            end;
16031 +            else newlen = length;
16032 +            len=length;
16033 +            if last.name then output;
16034 +            keep name len newlen role format type label mlevel;
16035 +         run;
16036 +         data &className;
16037 +            length rformat formatroot $32;
16038 +            merge &newname(in=a) length(in=b);
16039 +            by NAME;
16040 +            length=len;
16041 +            if newlen > len then do;
16042 +               if type eq 'C' and format ne '' then do;
16043 +                  rformat = strip(reverse(format));
16044 +                  do while(indexc(rformat, '.0123456789')=1);
16045 +                     rformat = substr(rformat, 2);
16046 +                  end;
16047 +                  formatroot= upcase(reverse(rformat));
16048 +                  if strip(formatRoot) in('$','$F','$UPCASE','$CHAR') then do;
16049 +                     format = strip(formatroot)!!strip(put(newlen, best.))!!'.';
16050 +                  end;
16051 +               end;
16052 +               length = newlen;
16053 +            end;
16054 +            if a and b then output;
16055 +            KEEP name newname role format mlevel type label length;
16056 +         run;
16057 +     %end;
16058 +
16059 +     proc datasets lib=work nolist;
16060 +        delete length &varname &newname;
16061 +     run;
16062 +     quit;
16063 +
16064 +     %doendmn:
16065 +
16066 +%mend makeNewNames;
16067 +
16068 +%macro makeVarDeltaCode(LimitDs=);
16069 +    %if ^%sysfunc(exist(&LimitDs)) %then %goto doendd;
16070 +
16071 +    filename _F1 "&EM_FILE_CDELTA_TRAIN";
16072 +     data _null_;
16073 +        set &LimitDs end=eof;
16074 +        length string $400;
16075 +        file _F1;
16076 +        %if &EM_PROPERTY_HIDEVARIABLE eq Y %then %do;
16077 +            string = 'if NAME="'!!strip(NAME)!!'" then delete;';  put string;
16078 +        %end;
16079 +        %else %do;
16080 +            string = 'if NAME="'!!strip(NAME)!!'" then do;';        put string;
16081 +            string = '   ROLE="REJECTED";';                         put string;
16082 +            string = '   COMMENT= "Replaced by '!!"&EM_NODEID"!!'";'; put string;
16083 +            string = 'end;';                                        put string;
16084 +        %end;
16085 +        put 'else';
16086 +        string = '   if NAME="'!!strip(NEWNAME)!!'" then do;'; put string;
16087 +        string = '      ROLE="'!!strip(ROLE)!!'";';            put string;
16088 +        string = '      LEVEL="'!!strip(LEVEL)!!'";';          put string;
16089 +        put      'end;';
16090 +        if ^eof then
16091 +           put 'else';
16092 +   run;
16093 +   filename _F1;
16094 +
16095 +    %doendd:
16096 +%mend makeVarDeltaCode;
16097 +
16098 +%macro makeVarScoreCode(LimitDs=, File=);
16099 +    %if ^%sysfunc(exist(&LimitDs)) or "&File" eq "" %then %goto doendm;
16100 +
16101 +     filename sFile "&file";
16102 +     data &LimitDs;
16103 +        set &LimitDs end=eof;
16104 +        length REPLACEMETHODUSED $8 string $400;
16105 +        file sFile;
16106 +        put'* ;';
16107 +        put'* Variable: ' name ';';
16108 +        put '* ;';
16109 +        if strip(label) = '' then label = name;
16110 +        string= 'Label '!!strip(newname)!!"='Replacement: "!!strip(tranwrd(label, "'","''"))!!"';";
16111 +        put string;
16112 +        put newname '=' name ';';
16113 +        REPLACEMETHODUSED = REPLACEMETHOD;
16114 +        if REPLACEMETHOD = 'DEFAULT' then
16115 +            %if "&EM_PROPERTY_REPLACEMETHOD" = "COMPUTED" %then %do;
16116 +                REPLACEMETHODUSED = 'COMPUTED';
16117 +            %end;
16118 +            %else
16119 +            %if "&EM_PROPERTY_REPLACEMETHOD" = "MISSING" %then %do;
16120 +                REPLACEMETHODUSED = 'MISSING';
16121 +            %end;
16122 +            %else %do;
16123 +                REPLACEMETHODUSED = 'MANUAL';
16124 +            %end;
16125 +
16126 +        put 'if ' name ' eq . then ' newname  '= . ;';
16127 +        if LowerLimit ne . then do;
16128 +           select(REPLACEMETHODUSED);
16129 +              when('COMPUTED') REPLACEMINUSED = lowerLimit;
16130 +              when('MISSING')  REPLACEMINUSED = .;
16131 +              when('MANUAL')   REPLACEMINUSED = replaceMin;
16132 +              otherwise;
16133 +           end;
16134 +           put 'else';
16135 +           put 'if ' name '<' lowerLimit ' then ' newname ' = ' REPLACEMINUSED ';';
16136 +        end;
16137 +        if upperLimit ne . then do;
16138 +           select(REPLACEMETHODUSED);
16139 +              when('COMPUTED') REPLACEMAXUSED = upperLimit;
16140 +              when('MISSING')  REPLACEMAXUSED = .;
16141 +              when('MANUAL')   REPLACEMAXUSED = replaceMax;
16142 +              otherwise;
16143 +           end;
16144 +           put 'else';
16145 +           put 'if ' name '>' upperLimit  ' then ' newname ' = ' REPLACEMAXUSED ';';
16146 +        end;
16147 +        drop string;
16148 +    run;
16149 +    filename sfile;
16150 +    %doendm:
16151 +%mend makeVarScoreCode;
16152 +
16153 +
16154 +%macro makeUnknownOptCode(Folder=, Data=);
16155 +    %if ^%sysfunc(exist(&Data)) %then %goto doendu;
16156 +
16157 +    %let dsid = %sysfunc(open(&data));
16158 +    %let nameNum    = %sysfunc(varnum(&dsid, Name));
16159 +    %let newnameNum = %sysfunc(varnum(&dsid, NewName));
16160 +
16161 +    %let oldname=;
16162 +    %do %while(^%sysfunc(fetch(&dsid)));
16163 +        %let name    = %sysfunc(getvarc(&dsid, &nameNum));
16164 +        %let newName = %sysfunc(getvarc(&dsid, &newnameNum));
16165 +
16166 +        %if &name ne &oldname %then %do;
16167 +            filename _F1 "&Folder&em_dsep.&newname..sas" MOD;
16168 +            data _null_;
16169 +               set &Data end=eof;
16170 +               where NAME ="&name";
16171 +               length string $400;
16172 +               length newlevel replaceLevel $400;
16173 +               retain string missingFlag;
16174 +               file _F1;
16175 +               if _N_=1 then do;
16176 +                  put '*;';
16177 +                  if format ne '' then do;
16178 +                     string = '_UFORMAT200 = '!!'strip(put('!!strip(NAME)!!','!!strip(format)!!'));';
16179 +                     put string;
16180 +                     put 'if ^(_UFORMAT200 in(';
16181 +                  end;
16182 +                  else do;
16183 +                     if type eq 'C' then do;
16184 +                        string = '_UFORMAT200 = '!!'strip('!!strip(NAME)!!');';
16185 +                        put string;
16186 +                        put 'if ^(_UFORMAT200 in(';
16187 +                     end;
16188 +                     else
16189 +                        put 'if (';
16190 +                  end;
16191 +                  string='';
16192 +                  missingFlag = 0;
16193 +               end;
16194 +
16195 +               if ^eof and LEVEL ne '_UNKNOWN_' then do;
16196 +                  if format ne '' or type eq 'C' then do;
16197 +                     newlevel = tranwrd(strip(LEVEL),'"','""');
16198 +                     if strip(newLevel) = '' then missingFlag = 1;
16199 +                     if length(strip(newlevel))+length(strip(string))+4<80 then do;
16200 +                        if string='' then
16201 +                           string = strip(string)!!' "'!!strip(newlevel)!!'" ';
16202 +                        else
16203 +                           string = strip(string)!!', "'!!strip(newlevel)!!'" ';
16204 +                     end;
16205 +                     else do;
16206 +                        put string;
16207 +                        string =', "'!!tranwrd(strip(LEVEL),'"','""')!!'"';
16208 +                     end;
16209 +                  end;
16210 +                  else do;
16211 +                     string = strip(name)!!' ne '!!strip(level)!!' and ';
16212 +                     put string;
16213 +                  end;
16214 +                  newlevel = ' ';
16215 +               end;
16216 +               else do;
16217 +                  if format ne '' or type eq 'C' then do;
16218 +                     put string;
16219 +                     if ^missingFlag then
16220 +                        string = ', "" )) then ';
16221 +                     else
16222 +                        string = ')) then ';
16223 +                  end;
16224 +                  else
16225 +                     string = strip(name)!!' ne . ) then ';
16226 +                  put string;
16227 +
16228 +                 select(REPLACE_VALUE);
16229 +                 when('_MODE_') do;
16230 +                    if type eq 'C' then
16231 +                       replaceLevel = NORMMODE;
16232 +                    else
16233 +                       replaceLevel =strip(put(MODEN,BEST.));
16234 +                 end;
16235 +                 when('_MISSING_') do;
16236 +                    if type eq 'C' then replaceLevel = '';
16237 +                    else replaceLevel = '.';
16238 +                 end;
16239 +                 when('_DEFAULT_') do;
16240 +                    %if &EM_PROPERTY_UNKNOWNLEVEL = MODE %then %do;
16241 +                        if type eq 'C' then
16242 +                           replaceLevel = NORMMODE;
16243 +                        else
16244 +                           replaceLevel = strip(put(MODEN,BEST.));
16245 +                    %end;
16246 +                    %else %do;
16247 +                        if type eq 'C' then replaceLevel = '';
16248 +                         else replaceLevel = '.';
16249 +                    %end;
16250 +                  end;
16251 +                  when('') do;
16252 +                  end;
16253 +                  otherwise do;
16254 +                     if type eq 'C' then replaceLevel= replace_Value;
16255 +                     else replaceLevel = replace_Value;
16256 +                  end;
16257 +               end;
16258 +               if type eq 'C' then do;
16259 +                  string = strip(newname)!!'= "'!!tranwrd(strip(replaceLevel),'"','""')!!'";';
16260 +               end;
16261 +               else do;
16262 +                  string = strip(newname)!!'= '!!strip(replaceLevel)!!';';
16263 +               end;
16264 +               put string;
16265 +            end;
16266 +
16267 +           run;
16268 +           filename _F1;
16269 +           proc datasets lib=work nolist;
16270 +              delete _temp;
16271 +           run;
16272 +           quit;
16273 +
16274 +           %let oldname = &name;
16275 +        %end;
16276 +    %end;
16277 +    %let dsid = %sysfunc(close(&dsid));
16278 +
16279 +    %doendu:
16280 +%mend makeUnknownOptCode;
16281 +
16282 +%macro makeUnknownCode(ScoreFile=, Data=);
16283 +   %if ^%sysfunc(exist(&Data)) %then %goto doendm;
16284 +
16285 +   filename _F1 "&ScoreFile" MOD;
16286 +   data _null_;
16287 +      set &Data;
16288 +      length string $400;
16289 +      length newlevel replaceLevel $200;
16290 +      retain string missingFlag;
16291 +      file _F1;
16292 +      by NAME;
16293 +
16294 +      if _N_=1 then do;
16295 +         put '* ;';
16296 +         put '* Replace Unknown Class Levels ;';
16297 +         put '* ;';
16298 +         put 'length _UFORMAT200 $200;';
16299 +         put 'drop   _UFORMAT200;';
16300 +         put '_UFORMAT200 = " ";';
16301 +      end;
16302 +
16303 +      if first.name then do;
16304 +         missingFlag = 0;
16305 +         put '*;';
16306 +
16307 +         if format ne '' then do;
16308 +            call symput('UFormatFlag', '1');
16309 +            string = '_UFORMAT200 = '!!'strip(put('!!strip(NAME)!!','!!strip(format)!!'));';
16310 +            put string;
16311 +            put 'if ^(_UFORMAT200 in(';
16312 +         end;
16313 +         else do;
16314 +            if type eq 'C' then do;
16315 +               call symput('UFormatFlag', '1');
16316 +               string = '_UFORMAT200 = '!!'strip('!!strip(NAME)!!');';
16317 +               put string;
16318 +               put 'if ^(_UFORMAT200 in(';
16319 +            end;
16320 +            else
16321 +               put 'if (';
16322 +         end;
16323 +         string='';
16324 +      end;
16325 +
16326 +      if ^last.name and LEVEL ne '_UNKNOWN_' then do;
16327 +        if format ne '' or type eq 'C' then do;
16328 +           newlevel = tranwrd(strip(LEVEL),'"','""');
16329 +           if strip(newLevel) = '' then missingFlag = 1;
16330 +           if length(strip(newlevel))+length(strip(string))+4<80 then do;
16331 +              if string='' then
16332 +                 string = strip(string)!!' "'!!strip(newlevel)!!'" ';
16333 +              else
16334 +                 string = strip(string)!!', "'!!strip(newlevel)!!'" ';
16335 +           end;
16336 +           else do;
16337 +              put string;
16338 +              string =', "'!!tranwrd(strip(LEVEL),'"','""')!!'"';
16339 +           end;
16340 +        end;
16341 +        else do;
16342 +           string = strip(name)!!' ne '!!strip(level)!!' and ';
16343 +           put string;
16344 +        end;
16345 +        newlevel = ' ';
16346 +     end;
16347 +     else do;
16348 +        if format ne '' or type eq 'C' then do;
16349 +           put string;
16350 +           if ^missingFlag then
16351 +              string = ', "" )) then ';
16352 +           else
16353 +              string = ')) then ';
16354 +        end;
16355 +        else
16356 +           string = strip(name)!!' ne . ) then ';
16357 +        put string;
16358 +
16359 +        select(REPLACE_VALUE);
16360 +           when('_MODE_') do;
16361 +              if type eq 'C' then
16362 +                 replaceLevel = NORMMODE;
16363 +              else
16364 +                 replaceLevel =strip(put(MODEN,BEST.));
16365 +           end;
16366 +           when('_MISSING_') do;
16367 +              if type eq 'C' then replaceLevel = '';
16368 +              else replaceLevel = '.';
16369 +           end;
16370 +           when('_DEFAULT_') do;
16371 +              %if &EM_PROPERTY_UNKNOWNLEVEL = MODE %then %do;
16372 +                  if type eq 'C' then
16373 +                     replaceLevel = NORMMODE;
16374 +                  else
16375 +                     replaceLevel = strip(put(MODEN,BEST.));
16376 +              %end;
16377 +              %else %do;
16378 +                  if type eq 'C' then replaceLevel = '';
16379 +                  else replaceLevel = '.';
16380 +              %end;
16381 +           end;
16382 +           when('') do;
16383 +           end;
16384 +           otherwise do;
16385 +               if type eq 'C' then replaceLevel= replace_Value;
16386 +               else replaceLevel = replace_Value;
16387 +           end;
16388 +        end;
16389 +        if type eq 'C' then do;
16390 +           string = strip(newname)!!'= "'!!tranwrd(strip(replaceLevel),'"','""')!!'";';
16391 +        end;
16392 +        else do;
16393 +           string = strip(newname)!!'= '!!strip(replaceLevel)!!';';
16394 +        end;
16395 +        put string;
16396 +     end;
16397 +
16398 +     run;
16399 +     filename _F1;
16400 +    %doendm:
16401 +%mend makeUnknownCode;
16402 +
16403 +%macro makeReplaceCode(ScoreFile=, Data=);
16404 +   filename _F1 "&ScoreFile"  MOD;
16405 +   data _null_;
16406 +      length string $400;
16407 +      set &data end=eof;
16408 +      file _F1;
16409 +      by NAME;
16410 +      if _N_=1 then do;
16411 +         put '   ';
16412 +         put '* ;';
16413 +         put '* Replace Specific Class Levels ;';
16414 +         put '* ;';
16415 +         put 'length _UFormat200 $200;';
16416 +         put 'drop   _UFORMAT200;';
16417 +         put '_UFORMAT200 = " ";';
16418 +      end;
16419 +      if first.name then do;
16420 +         put '* ;';
16421 +         string = '* Variable: '!!strip(NAME)!!';';
16422 +         put string;
16423 +         put '* ;';
16424 +         if format ne '' then do;
16425 +            call symput('UFormatFlag', '1');
16426 +            string = "_UFORMAT200 = strip("; put string;
16427 +            string ='put('!!strip(NAME)!!','!!strip(format)!!'));';
16428 +            put string;
16429 +         end;
16430 +         else
16431 +           if type eq 'C' then do;
16432 +              call symput('UFormatFlag', '1');
16433 +              string = "_UFORMAT200 = strip("!!strip(NAME)!!');';
16434 +              put string;
16435 +           end;
16436 +      end;
16437 +      if ^first.name then
16438 +         put 'else';
16439 +      if format ne '' then do;
16440 +         string = tranwrd(strip(LEVEL),'"','""');
16441 +         string =' if _UFORMAT200 =  "'!!strip(string)!!'" then ';
16442 +         put string;
16443 +      end;
16444 +      else do;
16445 +         if type eq 'N' then do;
16446 +            string = 'if '!!strip(name)!!' = '!!strip(put(nraw, BEST.))!!' then ';
16447 +            put string;
16448 +         end;
16449 +         else do;
16450 +            string = tranwrd(strip(craw),'"','""');
16451 +            string = ' if _UFORMAT200 =  "'!!strip(string)!!'" then ';
16452 +            put string;
16453 +         end;
16454 +      end;
16455 +      string = strip(newname)!!'=';
16456 +      if type eq 'C' then do;
16457 +         if upcase(replace_value) eq '_MISSING_' or
16458 +            (upcase(replace_value) eq '_DEFAULT_' and (upcase(UNKWOWNDEFAULT)= 'MISSING')) then replace_Value ='';
16459 +         else
16460 +           if upcase(replace_value) eq '_MODE_' or
16461 +            (upcase(replace_value) eq '_DEFAULT_' and (upcase(UNKWOWNDEFAULT)= 'MODE'))
16462 +            then replace_Value =modec;
16463 +           string = strip(string)!!'"'!!tranwrd(strip(replace_Value),'"','""')!!'";';
16464 +      end;
16465 +      else do;
16466 +         if upcase(replace_value) eq '_MISSING_' or
16467 +            (upcase(replace_value) eq '_DEFAULT_' and (upcase(UNKWOWNDEFAULT) = 'MISSING')) then replace_Value ='.';
16468 +         else
16469 +           if upcase(replace_value) eq '_MODE_' or
16470 +            (upcase(replace_value) eq '_DEFAULT_' and (upcase(UNKWOWNDEFAULT) = 'MODE')) then
16471 +                  replace_Value =strip(put(moden, BEST.));
16472 +
16473 +         string = strip(string)!!''!!strip(replace_value)!!';';
16474 +      end;
16475 +      put string;
16476 +    run;
16477 +    filename _F1;
16478 +
16479 +%mend makeReplaceCode;
16480 +
16481 +%macro makeReplaceOptCode(Folder=, Data=);
16482 +    %if ^%sysfunc(exist(&Data)) %then %goto doendr;
16483 +
16484 +    %let dsid = %sysfunc(open(&data));
16485 +    %let nameNum    = %sysfunc(varnum(&dsid, Name));
16486 +    %let newnameNum = %sysfunc(varnum(&dsid, NewName));
16487 +
16488 +    %let oldname=;
16489 +    %do %while(^%sysfunc(fetch(&dsid)));
16490 +        %let name    = %sysfunc(getvarc(&dsid, &nameNum));
16491 +        %let newName = %sysfunc(getvarc(&dsid, &newnameNum));
16492 +
16493 +        %if &name ne &oldname %then %do;
16494 +            filename _F1 "&Folder&em_dsep.&newname..sas" MOD;
16495 +            data _null_;
16496 +               length string $400;
16497 +               set &Data end=eof;
16498 +               by NAME;
16499 +               where NAME ="&name";
16500 +               file _F1;
16501 +               if _N_=1 then do;
16502 +                  put '* ;';
16503 +                  string = '* Variable: '!!strip(NAME)!!';';
16504 +                  put string;
16505 +                  put '* ;';
16506 +                  if format ne '' then do;
16507 +                     string = "_UFORMAT200 = strip("; put string;
16508 +                     string ='put('!!strip(NAME)!!','!!strip(format)!!'));';
16509 +                     put string;
16510 +                  end;
16511 +                  else
16512 +                     if type eq 'C' then do;
16513 +                        call symput('UFormatFlag', '1');
16514 +                        string = "_UFORMAT200 = strip("!!strip(NAME)!!');';
16515 +                        put string;
16516 +                    end;
16517 +               end;
16518 +               if ^first.name then
16519 +                  put 'else';
16520 +               if format ne '' then do;
16521 +                  string = tranwrd(strip(LEVEL),'"','""');
16522 +                  string =' if _UFORMAT200 =  "'!!strip(string)!!'" then ';
16523 +                  put string;
16524 +               end;
16525 +               else do;
16526 +                  if type eq 'N' then do;
16527 +                     string = 'if '!!strip(name)!!' = '!!strip(put(nraw, BEST.))!!' then ';
16528 +                     put string;
16529 +                  end;
16530 +                  else do;
16531 +                     string = tranwrd(strip(craw),'"','""');
16532 +                     string = ' if _UFORMAT200 =  "'!!strip(string)!!'" then ';
16533 +                     put string;
16534 +                  end;
16535 +               end;
16536 +               string = strip(newname)!!'=';
16537 +               if type eq 'C' then do;
16538 +                  if upcase(replace_value) eq '_MISSING_' or
16539 +                     (upcase(replace_value) eq '_DEFAULT_' and (upcase(UNKWOWNDEFAULT)= 'MISSING')) then replace_Value ='';
16540 +                  else
16541 +                     if upcase(replace_value) eq '_MODE_' or
16542 +                       (upcase(replace_value) eq '_DEFAULT_' and (upcase(UNKWOWNDEFAULT)= 'MODE'))
16543 +                       then replace_Value =modec;
16544 +                          string = strip(string)!!'"'!!tranwrd(strip(replace_Value),'"','""')!!'";';
16545 +               end;
16546 +              else do;
16547 +                 if upcase(replace_value) eq '_MISSING_' or
16548 +                    (upcase(replace_value) eq '_DEFAULT_' and (upcase(UNKWOWNDEFAULT) = 'MISSING')) then replace_Value ='.';
16549 +                 else
16550 +                    if upcase(replace_value) eq '_MODE_' or
16551 +                       (upcase(replace_value) eq '_DEFAULT_' and (upcase(UNKWOWNDEFAULT) = 'MODE')) then
16552 +                        replace_Value =strip(put(moden, BEST.));
16553 +
16554 +                 string = strip(string)!!''!!strip(replace_value)!!';';
16555 +              end;
16556 +             put string;
16557 +          run;
16558 +          filename _F1;
16559 +
16560 +           %let oldname = &name;
16561 +        %end;
16562 +    %end;
16563 +    %let dsid = %sysfunc(close(&dsid));
16564 +
16565 +    %doendr:
16566 +
16567 +%mend makeReplaceOptCode;
16568 +
16569 +
16570 +%macro makeNewVarCode(ScoreFile=, Data=);
16571 +   filename _F1 "&ScoreFile"  MOD;
16572 +   data _null_;
16573 +     length string $400;
16574 +      set &data end=eof;
16575 +      file _F1;
16576 +      if _N_=1 then do;
16577 +         put '   ';
16578 +         put '* ;';
16579 +         put '* Defining New Variables;';
16580 +         put '* ;';
16581 +      end;
16582 +      if type eq 'C' then do;
16583 +         string = 'Length '!!strip(newname)!!' $'!!strip(put(length,BEST12.))!!';';
16584 +         put string;
16585 +      end;
16586 +      if strip(label) = '' then label = name;
16587 +      string= 'Label '!!strip(newname)!!"='Replacement: "!!strip(tranwrd(label, "'","''"))!!"';";
16588 +      put string;
16589 +
16590 +      if format ne '' then do;
16591 +         string ='format '!!strip(newname)!!' '!!strip(format)!!';';
16592 +         put string;
16593 +      end;
16594 +      string = strip(newname)!!'= '!!strip(NAME)!!';';
16595 +      put string;
16596 +   run;
16597 +%mend makeNewVarCode;
16598 +
16599 +%macro makeNewVarOptCode(Folder=, Data=);
16600 +    %if ^%sysfunc(exist(&data)) or "&Folder" eq "" %then %goto doendo;
16601 +    data _temp_;set &data;run;
16602 +    %let dsid = %sysfunc(open(_temp_));
16603 +    %let nobs  = %sysfunc(attrn(&dsid, NLOBS));
16604 +    %do %while(^%sysfunc(fetch(&dsid)));
16605 +        %let newNum     = %sysfunc(varnum(&dsid, NewName));
16606 +        %let newname = %sysfunc(getvarc(&dsid, &newNum));
16607 +
16608 +        filename _F1 "&Folder.&em_dsep.&newname..sas";
16609 +        data _null_;
16610 +           length string $400;
16611 +           set &data;
16612 +           where NEWNAME="&newname";
16613 +           file _F1;
16614 +           put '   ';
16615 +           put '* ;';
16616 +           put "* Defining: &newname;";
16617 +           put '* ;';
16618 +           if type eq 'C' then  do;
16619 +              string = 'Length '!!strip(newname)!!'$'!!strip(put(length, best.))!!';';
16620 +              put string;
16621 +           end;
16622 +           if strip(label) = '' then label = name;
16623 +           string= 'Label '!!strip(newname)!!"='Replacement: "!!strip(tranwrd(label, "'","''"))!!"';";
16624 +           put string;
16625 +           if format ne '' then do;
16626 +              string= 'format '!!strip(newname)!!' '!!strip(format)!!';';
16627 +              put string;
16628 +           end;
16629 +           string = strip(newname)!!'='!!strip(name)!!';';
16630 +           put string;
16631 +        run;
16632 +    %end;
16633 +    %let dsid = %sysfunc(close(&dsid));
16634 +   %doendo:
16635 +%mend makeNewVarOptCode;
16636 +
16637 +%macro makeClassScoreCode(LevelData=, nameData=_newNames);
16638 +   %let UFormatFlag = 0;
16639 +
16640 +   %em_register(key=REPLACECODE, type=FOLDER);
16641 +
16642 +   /* Generating New Variable Score Code */
16643 +   %makeNewVarCode(ScoreFile=&EM_FILE_EMFLOWSCORECODE,  Data=&nameData);
16644 +
16645 +   data _tempNewVars;
16646 +      set &nameData;
16647 +      where ROLE ne 'TARGET';
16648 +   run;
16649 +   %makeNewVarCode(ScoreFile=&EM_FILE_EMPUBLISHSCORECODE, Data=_tempNewVars);
16650 +   %makeNewVarOptCode(Folder=&em_user_replacecode, Data=_tempNewVars);
16651 +
16652 +   proc datasets lib=WORK nolist;
16653 +      delete _tempNewVars;
16654 +   run;
16655 +   quit;
16656 +
16657 +   /* Generating Publish Score Code */
16658 +   data _temp;
16659 +      set &LevelData;
16660 +      where ROLE ne 'TARGET' and LEVEL='_UNKNOWN_' and (REPLACE_VALUE ^in('', '_DEFAULT_') or
16661 +                             (REPLACE_VALUE='_DEFAULT_' and UNKWOWNDEFAULT ne 'NONE'));
16662 +      keep NAME;
16663 +   run;
16664 +
16665 +   data _temp;
16666 +      merge _temp(in=_a) &Leveldata &nameData;
16667 +      by NAME;
16668 +      if _a then output;
16669 +   run;
16670 +
16671 +   %makeUnknownCode(ScoreFile=&EM_FILE_EMPUBLISHSCORECODE, Data=_temp);
16672 +   %makeUnknownOptCode(Folder=&em_user_replacecode,        Data=_temp);
16673 +   proc datasets lib=work nolist;
16674 +      delete _temp;
16675 +   run;
16676 +   quit;
16677 +
16678 +   data _temp;
16679 +      merge &LevelData(in=_a where=( ROLE ne 'TARGET' and LEVEL ne '_UNKNOWN_' and
16680 +        (REPLACE_VALUE ^in('', '_DEFAULT_') or (REPLACE_VALUE='_DEFAULT_' and UNKWOWNDEFAULT ne 'NONE')) ))  &nameData;
16681 +      by NAME;
16682 +      if _a then output;
16683 +   run;
16684 +
16685 +   %makeReplaceCode(ScoreFile=&EM_FILE_EMPUBLISHSCORECODE, Data=_temp);
16686 +   %makeReplaceOptCode(Folder=&em_user_replacecode,        Data=_temp);
16687 +
16688 +   /* Generating Flow Score Code */
16689 +   data _temp;
16690 +      set &LevelData;
16691 +      where LEVEL='_UNKNOWN_' and (REPLACE_VALUE ^in('', '_DEFAULT_') or
16692 +                             (REPLACE_VALUE='_DEFAULT_' and UNKWOWNDEFAULT ne 'NONE'));
16693 +      keep NAME;
16694 +   run;
16695 +
16696 +   data _temp;
16697 +      merge _temp(in=_a) &Leveldata &nameData;
16698 +      by NAME;
16699 +      if _a then output;
16700 +   run;
16701 +   %makeUnknownCode(ScoreFile=&EM_FILE_EMFLOWSCORECODE, Data=_temp);
16702 +
16703 +   data _temp;
16704 +      merge &LevelData(in=_a where=(LEVEL ne '_UNKNOWN_' and (REPLACE_VALUE ^in('', '_DEFAULT_') or
16705 +                             (REPLACE_VALUE='_DEFAULT_' and UNKWOWNDEFAULT ne 'NONE')) )) &nameData;
16706 +      by NAME;
16707 +      if _a then output;
16708 +   run;
16709 +
16710 +   %makeReplaceCode(ScoreFile=&EM_FILE_EMFLOWSCORECODE, Data=_temp);
16711 +
16712 +   %if "&UFormatFlag" = "1" %then %do;
16713 +       filename _F1 "&em_user_replacecode&em_dsep._ALL_.sas" MOD;
16714 +       data _null_;
16715 +          file _F1;
16716 +          put 'length _UFormat200 $200;';
16717 +          put 'drop   _UFORMAT200;';
16718 +          put '_UFORMAT200 = " ";';
16719 +       run;
16720 +       filename _F1;
16721 +   %end;
16722 +
16723 +%mend makeClassScoreCode;
16724 +
16725 +%macro makeClassDeltaCode(nameData=_newNames);
16726 +   %if ^%sysfunc(exist(&nameData)) %then %goto doendm;
16727 +
16728 +   filename _F1 "&EM_FILE_CDELTA_TRAIN" MOD;
16729 +   data _null_;
16730 +        set &nameData end=eof;
16731 +        length string $400;
16732 +        file _F1;
16733 +        %if &EM_PROPERTY_HIDEVARIABLE eq Y %then %do;
16734 +            string = 'if NAME="'!!strip(NAME)!!'" then delete;';  put string;
16735 +        %end;
16736 +        %else %do;
16737 +            string = 'if NAME="'!!strip(NAME)!!'" then ROLE="REJECTED";'; put string;
16738 +        %end;
16739 +        put 'else';
16740 +        string = '   if NAME="'!!strip(NEWNAME)!!'" then do;'; put string;
16741 +        string = '      ROLE="'!!strip(ROLE)!!'";';            put string;
16742 +        string = '      LEVEL="'!!strip(MLEVEL)!!'";';         put string;
16743 +        put      'end;';
16744 +        if ^eof then
16745 +           put 'else';
16746 +   run;
16747 +   %doendm:
16748 +   filename _F1;
16749 +%mend makeClassDeltaCode;
16750 +
16751 +%macro makeValueReport(Data=, outData=);
16752 +   data &outData;
16753 +      set &data;
16754 +      where REPLACE_VALUE ^in('', '_DEFAULT_') or (REPLACE_VALUE eq '_DEFAULT_' and UNKWOWNDEFAULT ne 'NONE');
16755 +      if LEVEL = '_UNKNOWN_' then do;
16756 +         LEVEL='Unknown';
16757 +         %if &EM_PROPERTY_UNKNOWNLEVEL = MODE %then %do;
16758 +         if REPLACE_VALUE in('_MODE_', '_DEFAULT_') then REPLACE_VALUE = strip(NORMMODE);
16759 +         else
16760 +            if REPLACE_VALUE ='_MISSING_' then do;
16761 +               if type eq 'N' then REPLACE_VALUE='.';
16762 +               else REPLACE_VALUE='_blank_';
16763 +            end;
16764 +         %end;
16765 +         %else  %do;
16766 +         if REPLACE_VALUE = '_MODE_' then REPLACE_VALUE = strip(NORMMODE);
16767 +         else
16768 +            if REPLACE_VALUE in('_MISSING_', '_DEFAULT_') then do;
16769 +               if type eq 'N' then REPLACE_VALUE='.';
16770 +               else REPLACE_VALUE='_blank_';
16771 +            end;
16772 +         %end;
16773 +      end;
16774 +      else do;
16775 +         if REPLACE_VALUE ='_MISSING_' then do;
16776 +            if type eq 'N' then REPLACE_VALUE='.';
16777 +            else REPLACE_VALUE='_blank_';
16778 +         end;
16779 +         else
16780 +            if REPLACE_VALUE = '_MODE_' then REPLACE_VALUE = strip(NORMMODE);
16781 +      end;
16782 +      keep NAME LEVEL CRAW NRAW REPLACE_VALUE TYPE LABEL ;
16783 +   run;
16784 +%mend makeValueReport;
16785 +
16786 +%macro makeVarOptCode(LimitDs=, Folder=);
16787 +    %if ^%sysfunc(exist(&LimitDs)) or "&Folder" eq "" %then %goto doendo;
16788 +
16789 +    %let dsid = %sysfunc(open(&limitDs));
16790 +    %do %while(^%sysfunc(fetch(&dsid)));
16791 +        %let newNum     = %sysfunc(varnum(&dsid, NewName));
16792 +        %let newname = %sysfunc(getvarc(&dsid, &newNum));
16793 +
16794 +    filename sfile "&Folder.&em_dsep.&newname..sas";
16795 +    data _null_;
16796 +       length string $400;
16797 +       set &LimitDs;
16798 +       where NEWNAME="&newname";
16799 +       file sfile;
16800 +       put '* ;';
16801 +       string = '*Variable: '!!strip(name)!!';';
16802 +       put string;
16803 +       put '* ;';
16804 +       if label eq '' then
16805 +          string = 'Label '!!strip(newname)!!"= 'Replacement: "!!strip(name)!!"';";
16806 +       else
16807 +          string = 'Label '!!strip(newname)!!"= 'Replacement: "!!strip(tranwrd(label, "'", "''"))!!"';";
16808 +       put string;
16809 +       string = strip(newname)!!'= '!!strip(NAME)!!';';
16810 +       put string;
16811 +       replacemin = .;
16812 +       string = 'if '!!strip(name)!!' eq . then '!!strip(newname)!!' = .;';
16813 +       put string;
16814 +       if LowerLimit ne . then do;
16815 +          if ReplaceMethodUsed="COMPUTED" then replaceMin=LowerLimit;
16816 +          if ReplaceMethodUsed="MANUAL"   then replaceMin = ReplaceMinUsed;
16817 +          put 'else';
16818 +          string = 'if '!!strip(name)!!'<'!!strip(put(lowerlimit,best.))
16819 +                    !!' then '!!strip(newname)!!'='!!strip(put(replaceMin,best.))!!';';
16820 +          put string;
16821 +       end;
16822 +       if UpperLimit ne . then do;
16823 +          if ReplaceMethodUsed="COMPUTED" then replaceMax=UpperLimit;
16824 +          if ReplaceMethodUsed="MANUAL"   then replaceMax = ReplaceMaxUsed;
16825 +          put 'else';
16826 +          string = 'if '!!strip(name)!!'>'!!strip(put(upperlimit,best.))
16827 +                    !!' then '!!strip(newname)!!'='!!strip(put(replaceMax,best.))!!';';
16828 +          put string;
16829 +       end;
16830 +        run;
16831 +        filename sfile;
16832 +    %end;
16833 +    %let dsid = %sysfunc(close(&dsid));
16834 +
16835 +    %doendo:
16836 +%mend makeVarOptCode;
16837 +
16838 +%macro score;
16839 +   %em_register(key=REPLACECODE, type=FOLDER);
16840 +
16841 +   filename x catalog 'sashelp.emutil.em_deldir.source';
16842 +   %inc x;
16843 +   filename x;
16844 +   %delDir(folder=%nrbquote(&em_user_replacecode));
16845 +
16846 +   data _null_; length rc $200;
16847 +      rc = dcreate('REPLACECODE', "&EM_NODEDIR");
16848 +   run;
16849 +
16850 +   filename _F1 "&EM_FILE_EMFLOWSCORECODE";
16851 +   filename _F2 "&EM_FILE_EMPUBLISHSCORECODE";
16852 +   filename _F3 "&EM_FILE_CDELTA_TRAIN";
16853 +   data _null_;
16854 +      rc=fdelete('_F1');
16855 +      rc=fdelete('_F2');
16856 +      rc=fdelete('_F3');
16857 +   run;
16858 +   filename _F1;
16859 +   filename _F2;
16860 +   filename _F3;
16861 +
16862 +   %em_getname(key=OUTCLASS,  type=DATA);
16863 +   %em_getname(key=LIMITS, type=DATA);
16864 +   %em_getname(key=CLASSINFO, type=DATA);
16865 +
16866 +   /* Retrieve Replacement Values for Class Variables */
16867 +   %makeLevelData(outclass=&em_user_outclass, data=CLASSTEMP);
16868 +
16869 +   /* Generate Names for Replaced Variables */
16870 +   %makeNewNames(limitDs =&em_user_limits, classValue=CLASSTEMP, classname=&em_user_classinfo);
16871 +
16872 +   /* Generate score and delta code for Var Variables */
16873 +   %if %sysfunc(exist(&EM_USER_LIMITS)) %then %do;
16874 +       %makeVarScoreCode(LimitDs = &EM_USER_LIMITS, File=&EM_FILE_EMFLOWSCORECODE);
16875 +       %makeVarScoreCode(LimitDs = &EM_USER_LIMITS, File=&EM_FILE_EMPUBLISHSCORECODE);
16876 +       %makeVarOptCode(LimitDs= &EM_USER_LIMITS,    Folder=&em_user_replacecode);
16877 +       %makeVarDeltaCode(LimitDs = &EM_USER_LIMITS);
16878 +
16879 +       proc print data=&EM_USER_LIMITS label noobs;
16880 +          var Name newname lowerLimit REPLACEMINUSED UpperLimit REPLACEMAXUSED;
16881 +          label REPLACEMINUSED  =  "%sysfunc(sasmsg(sashelp.dmine, rpt_replacemin_vlabel, NOQUOTE))"
16882 +                REPLACEMAXUSED  =  "%sysfunc(sasmsg(sashelp.dmine, rpt_replacemax_vlabel, NOQUOTE))";
16883 +          title9  ' ';
16884 +          title10 "%sysfunc(sasmsg(sashelp.dmine, rpt_varlimits_title, NOQUOTE))";
16885 +       run;
16886 +       title10;
16887 +  %end;
16888 +
16889 +   %if %sysfunc(exist(&EM_USER_CLASSINFO)) %then %do;
16890 +       %makeClassScoreCode(LevelData=CLASSTEMP, nameData=&em_user_classinfo);
16891 +       %makeClassDeltaCode(nameData=&em_user_classinfo);
16892 +   %end;
16893 +
16894 +   %em_getname(key=VALUES, type=DATA);
16895 +   %makeValueReport(data=CLASSTEMP, outData=&EM_USER_VALUES);
16896 +   %if %sysfunc(exist(&EM_USER_VALUES)) %then %do;
16897 +       %let nobs = 0;
16898 +       %let dsid = %sysfunc(open(&EM_USER_VALUES));
16899 +       %if &dsid %then %do;
16900 +           %let nobs =  %sysfunc(attrn(&dsid, NOBS));
16901 +           %let dsid = %sysfunc(close(&dsid));
16902 +       %end;
16903 +       %if &nobs %then
16904 +           %EM_REPORT(key=VALUES, viewtype=DATA, block=MODEL, description=ReplaceLevels,autoDisplay=N);
16905 +   %end;
16906 +
16907 +   %if %sysfunc(exist(&EM_USER_VALUES)) %then %do;
16908 +       proc print data=&EM_USER_VALUES label noobs;
16909 +          title9  ' ';
16910 +          title10 "%sysfunc(sasmsg(sashelp.dmine, rpt_classreplacement_title, NOQUOTE))";
16911 +      run;
16912 +      title10;
16913 +  %end;
16914 +
16915 +   proc datasets lib=work nolist;
16916 +      delete CLASSTEMP;
16917 +   run;
16918 +   quit;
16919 +
16920 +   %em_register(key=EMSCOREVAR, type=DATA);
16921 +   %let scorevarDs = %scan(&em_user_emscorevar, 2, .);
16922 +   proc datasets lib=&em_lib nolist;
16923 +      delete &scorevarDs;
16924 +   run;
16925 +   quit;
16926 +
16927 +   %let filrf=mydir;
16928 +   %let rc=%sysfunc(filename(filrf,&em_user_replacecode));
16929 +   %let did=%sysfunc(dopen(&filrf));
16930 +
16931 +   %if &did %then %do;
16932 +       %let memcount=%sysfunc(dnum(&did));
16933 +       %if &memcount > 0 %then %do;
16934 +           data &em_user_emscorevar;
16935 +              length Name $32 formula $70 file $200;
16936 +              keep NAME Formula file;
16937 +
16938 +           %if %sysfunc(fileexist(&em_user_replacecode&em_dsep._ALL_.sas)) %then %do;
16939 +               name=''; file="REPLACECODE&em_dsep._ALL_.sas";
16940 +               output;
16941 +           %end;
16942 +           %do i=1 %to &memcount;
16943 +               %let name =%nrbquote(%sysfunc(dread(&did,&i)));
16944 +               %let newvar = %scan(&name, 1, .);
16945 +               %if "&newvar" ne "_ALL_" %then %do;
16946 +                   name = "&newvar"; file="REPLACECODE&em_dsep&name";
16947 +                   output;
16948 +               %end;
16949 +           %end;
16950 +           run;
16951 +       %end;
16952 +  %end;
16953 +  %if &did %then %let did = %sysfunc(dclose(&did));
16954 +
16955 +
16956 +%mend score;
NOTE: %INCLUDE (level 1) ending.
NOTE: Fileref TEMP has been deassigned.

NOTE: The data set WORK.EM_USER_KEY has 1 observations and 8 variables.
NOTE: DATA statement used (Total process time):
      real time           0.00 seconds
      cpu time            0.01 seconds
      

NOTE: %INCLUDE (level 1) file X is file SASHELP.EMUTIL.EM_DELDIR.SOURCE.
16957 +%macro delDir(folder=);
16958 +   %let filrf=mydir;
16959 +   %let rc=%sysfunc(filename(filrf,&folder));
16960 +   %let did=%sysfunc(dopen(&filrf));
16961 +
16962 +   %if &did %then %do;
16963 +       %let memcount=%sysfunc(dnum(&did));
16964 +       %if &memcount > 0 %then %do;
16965 +           %do i=1 %to &memcount;
16966 +               %let name =%nrbquote(%sysfunc(dread(&did,&i)));
16967 +               data _null_;
16968 +                  fname="_temp&i";
16969 +                  rc=filename(fname,"&folder&em_dsep.&name");
16970 +                  if rc = 0 and fexist(fname) then
16971 +                     rc=fdelete(fname);
16972 +                  rc=filename(fname);
16973 +               run;
16974 +           %end;
16975 +       %end;
16976 +       %let rc=%sysfunc(dclose(&did));
16977 +   %end;
16978 +   %let rc = %sysfunc(fdelete(&filrf));
16979 +   %let rc=%sysfunc(filename(filrf));
16980 +%mend delDir;
NOTE: %INCLUDE (level 1) ending.
NOTE: Fileref X has been deassigned.

NOTE: DATA statement used (Total process time):
      real time           0.00 seconds
      cpu time            0.00 seconds
      


NOTE: DATA statement used (Total process time):
      real time           0.00 seconds
      cpu time            0.00 seconds
      


NOTE: DATA statement used (Total process time):
      real time           0.00 seconds
      cpu time            0.00 seconds
      


NOTE: DATA statement used (Total process time):
      real time           0.00 seconds
      cpu time            0.00 seconds
      


NOTE: DATA statement used (Total process time):
      real time           0.00 seconds
      cpu time            0.00 seconds
      


NOTE: DATA statement used (Total process time):
      real time           0.00 seconds
      cpu time            0.01 seconds
      


NOTE: DATA statement used (Total process time):
      real time           0.00 seconds
      cpu time            0.00 seconds
      

NOTE: Fileref _F1 has been deassigned.
NOTE: Fileref _F2 has been deassigned.
NOTE: Fileref _F3 has been deassigned.

WARNING: The variable UNKWOWNDEFAULT in the DROP, KEEP, or RENAME list has never been referenced.
NOTE: There were 4 observations read from the data set EMWS2.REPL_OUTCLASS.
NOTE: The data set WORK.REPLACE_MODE has 1 observations and 4 variables.
NOTE: DATA statement used (Total process time):
      real time           0.00 seconds
      cpu time            0.00 seconds
      


NOTE: There were 7 observations read from the data set EMWS2.REPL_VARIABLESET.
NOTE: The data set EMWS2.REPL_VARIABLESET has 7 observations and 27 variables.
NOTE: PROCEDURE SORT used (Total process time):
      real time           0.00 seconds
      cpu time            0.01 seconds
      


WARNING: Multiple lengths were specified for the BY variable Name by input data sets. This might cause unexpected results.
NOTE: There were 4 observations read from the data set EMWS2.REPL_OUTCLASS.
NOTE: There were 1 observations read from the data set WORK.REPLACE_MODE.
NOTE: There were 1 observations read from the data set EMWS2.REPL_VARIABLESET.
      WHERE MLEVEL not = 'INTERVAL';
NOTE: The data set WORK.CLASSTEMP has 4 observations and 16 variables.
NOTE: DATA statement used (Total process time):
      real time           0.00 seconds
      cpu time            0.00 seconds
      


NOTE: Deleting WORK.REPLACE_MODE (memtype=DATA).

NOTE: PROCEDURE DATASETS used (Total process time):
      real time           0.00 seconds
      cpu time            0.00 seconds
      


NOTE: Input data set is empty.
NOTE: 0 observations with duplicate key values were deleted.
NOTE: There were 0 observations read from the data set WORK.CLASSTEMP.
      WHERE REPLACE_VALUE not in (' ', '_DEFAULT_') or ((REPLACE_VALUE='_DEFAULT_') and (UNKWOWNDEFAULT not = 'NONE'));
NOTE: The data set WORK.INVARNAME has 0 observations and 16 variables.
NOTE: PROCEDURE SORT used (Total process time):
      real time           0.00 seconds
      cpu time            0.01 seconds
      


NOTE: There were 5 observations read from the data set EMWS2.REPL_LIMITS.
NOTE: The data set WORK.INVARNAME has 5 observations and 1 variables.
NOTE: DATA statement used (Total process time):
      real time           0.00 seconds
      cpu time            0.00 seconds
      


NOTE: There were 5 observations read from the data set WORK.INVARNAME.
NOTE: The data set WORK.OUTNAME has 5 observations and 2 variables.
NOTE: PROCEDURE DMDB used (Total process time):
      real time           0.02 seconds
      cpu time            0.00 seconds
      


NOTE: There were 5 observations read from the data set WORK.OUTNAME.
NOTE: The data set WORK.OUTNAME has 5 observations and 2 variables.
NOTE: PROCEDURE SORT used (Total process time):
      real time           0.00 seconds
      cpu time            0.01 seconds
      


NOTE: There were 5 observations read from the data set WORK.OUTNAME.
NOTE: There were 5 observations read from the data set EMWS2.REPL_LIMITS.
NOTE: The data set EMWS2.REPL_LIMITS has 5 observations and 11 variables.
NOTE: DATA statement used (Total process time):
      real time           0.00 seconds
      cpu time            0.00 seconds
      

WARNING: Variable REPLACEMETHODUSED not found in data set EMWS2.REPL_LIMITS.
WARNING: Variable REPLACEMINUSED not found in data set EMWS2.REPL_LIMITS.
WARNING: Variable REPLACEDMAXUSED not found in data set EMWS2.REPL_LIMITS.

NOTE: MODIFY was successful for EMWS2.REPL_LIMITS.DATA.

NOTE: PROCEDURE DATASETS used (Total process time):
      real time           0.06 seconds
      cpu time            0.07 seconds
      


NOTE: There were 4 observations read from the data set WORK.CLASSTEMP.
NOTE: The data set WORK.LENGTH has 1 observations and 8 variables.
NOTE: DATA statement used (Total process time):
      real time           0.00 seconds
      cpu time            0.00 seconds
      


WARNING: Multiple lengths were specified for the BY variable NAME by input data sets. This might cause unexpected results.
NOTE: There were 5 observations read from the data set WORK.OUTNAME.
NOTE: There were 1 observations read from the data set WORK.LENGTH.
NOTE: The data set EMWS2.REPL_CLASSINFO has 0 observations and 8 variables.
NOTE: DATA statement used (Total process time):
      real time           0.00 seconds
      cpu time            0.01 seconds
      


NOTE: Deleting WORK.LENGTH (memtype=DATA).
NOTE: Deleting WORK.INVARNAME (memtype=DATA).
NOTE: Deleting WORK.OUTNAME (memtype=DATA).

NOTE: PROCEDURE DATASETS used (Total process time):
      real time           0.00 seconds
      cpu time            0.00 seconds
      


NOTE: The file SFILE is:
      Filename=F:\WQD7005\MalaysiaStockPrediction-master\SAS\Mildstone5\Milestone5-Insight\Workspaces\EMWS2\Repl\EMFLOWSCORE.sas,
      RECFM=V,LRECL=32767,File Size (bytes)=0,
      Last Modified=16Dec2019:12:32:19,
      Create Time=16Dec2019:12:32:19

NOTE: 50 records were written to the file SFILE.
      The minimum record length was 3.
      The maximum record length was 70.
NOTE: There were 5 observations read from the data set EMWS2.REPL_LIMITS.
NOTE: The data set EMWS2.REPL_LIMITS has 5 observations and 14 variables.
NOTE: DATA statement used (Total process time):
      real time           0.00 seconds
      cpu time            0.01 seconds
      

NOTE: Fileref SFILE has been deassigned.

NOTE: The file SFILE is:
      Filename=F:\WQD7005\MalaysiaStockPrediction-master\SAS\Mildstone5\Milestone5-Insight\Workspaces\EMWS2\Repl\EMPUBLISHSCORE.sas,
      RECFM=V,LRECL=32767,File Size (bytes)=0,
      Last Modified=16Dec2019:12:32:19,
      Create Time=16Dec2019:12:32:19

NOTE: 50 records were written to the file SFILE.
      The minimum record length was 3.
      The maximum record length was 70.
NOTE: There were 5 observations read from the data set EMWS2.REPL_LIMITS.
NOTE: The data set EMWS2.REPL_LIMITS has 5 observations and 14 variables.
NOTE: DATA statement used (Total process time):
      real time           0.00 seconds
      cpu time            0.00 seconds
      

NOTE: Fileref SFILE has been deassigned.

NOTE: The file SFILE is:
      Filename=F:\WQD7005\MalaysiaStockPrediction-master\SAS\Mildstone5\Milestone5-Insight\Workspaces\EMWS2\Repl\REPLACECODE\REP_gasprice.sas,
      RECFM=V,LRECL=32767,File Size (bytes)=0,
      Last Modified=16Dec2019:12:32:19,
      Create Time=16Dec2019:12:32:19

NOTE: 10 records were written to the file SFILE.
      The minimum record length was 3.
      The maximum record length was 56.
NOTE: There were 1 observations read from the data set EMWS2.REPL_LIMITS.
      WHERE NEWNAME='REP_gasprice';
NOTE: DATA statement used (Total process time):
      real time           0.00 seconds
      cpu time            0.01 seconds
      

NOTE: Fileref SFILE has been deassigned.

NOTE: The file SFILE is:
      Filename=F:\WQD7005\MalaysiaStockPrediction-master\SAS\Mildstone5\Milestone5-Insight\Workspaces\EMWS2\Repl\REPLACECODE\REP_goldprice.sas,
      RECFM=V,LRECL=32767,File Size (bytes)=0,
      Last Modified=16Dec2019:12:32:19,
      Create Time=16Dec2019:12:32:19

NOTE: 10 records were written to the file SFILE.
      The minimum record length was 3.
      The maximum record length was 58.
NOTE: There were 1 observations read from the data set EMWS2.REPL_LIMITS.
      WHERE NEWNAME='REP_goldprice';
NOTE: DATA statement used (Total process time):
      real time           0.00 seconds
      cpu time            0.00 seconds
      

NOTE: Fileref SFILE has been deassigned.

NOTE: The file SFILE is:
      Filename=F:\WQD7005\MalaysiaStockPrediction-master\SAS\Mildstone5\Milestone5-Insight\Workspaces\EMWS2\Repl\REPLACECODE\REP_newspolarity.sas,
      RECFM=V,LRECL=32767,File Size (bytes)=0,
      Last Modified=16Dec2019:12:32:19,
      Create Time=16Dec2019:12:32:19

NOTE: 10 records were written to the file SFILE.
      The minimum record length was 3.
      The maximum record length was 64.
NOTE: There were 1 observations read from the data set EMWS2.REPL_LIMITS.
      WHERE NEWNAME='REP_newspolarity';
NOTE: DATA statement used (Total process time):
      real time           0.00 seconds
      cpu time            0.00 seconds
      

NOTE: Fileref SFILE has been deassigned.

NOTE: The file SFILE is:
      Filename=F:\WQD7005\MalaysiaStockPrediction-master\SAS\Mildstone5\Milestone5-Insight\Workspaces\EMWS2\Repl\REPLACECODE\REP_oilprice.sas,
      RECFM=V,LRECL=32767,File Size (bytes)=0,
      Last Modified=16Dec2019:12:32:19,
      Create Time=16Dec2019:12:32:19

NOTE: 10 records were written to the file SFILE.
      The minimum record length was 3.
      The maximum record length was 56.
NOTE: There were 1 observations read from the data set EMWS2.REPL_LIMITS.
      WHERE NEWNAME='REP_oilprice';
NOTE: DATA statement used (Total process time):
      real time           0.00 seconds
      cpu time            0.00 seconds
      

NOTE: Fileref SFILE has been deassigned.

NOTE: The file SFILE is:
      Filename=F:\WQD7005\MalaysiaStockPrediction-master\SAS\Mildstone5\Milestone5-Insight\Workspaces\EMWS2\Repl\REPLACECODE\REP_silverprice.sas,
      RECFM=V,LRECL=32767,File Size (bytes)=0,
      Last Modified=16Dec2019:12:32:19,
      Create Time=16Dec2019:12:32:19

NOTE: 10 records were written to the file SFILE.
      The minimum record length was 3.
      The maximum record length was 62.
NOTE: There were 1 observations read from the data set EMWS2.REPL_LIMITS.
      WHERE NEWNAME='REP_silverprice';
NOTE: DATA statement used (Total process time):
      real time           0.00 seconds
      cpu time            0.00 seconds
      

NOTE: Fileref SFILE has been deassigned.

NOTE: The file _F1 is:
      Filename=F:\WQD7005\MalaysiaStockPrediction-master\SAS\Mildstone5\Milestone5-Insight\Workspaces\EMWS2\Repl\CDELTA_TRAIN.sas,
      RECFM=V,LRECL=32767,File Size (bytes)=0,
      Last Modified=16Dec2019:12:32:19,
      Create Time=16Dec2019:12:32:19

NOTE: 49 records were written to the file _F1.
      The minimum record length was 4.
      The maximum record length was 35.
NOTE: There were 5 observations read from the data set EMWS2.REPL_LIMITS.
NOTE: DATA statement used (Total process time):
      real time           0.00 seconds
      cpu time            0.00 seconds
      

NOTE: Fileref _F1 has been deassigned.

NOTE: There were 5 observations read from the data set EMWS2.REPL_LIMITS.
NOTE: The PROCEDURE PRINT printed page 2.
NOTE: PROCEDURE PRINT used (Total process time):
      real time           0.00 seconds
      cpu time            0.00 seconds
      


NOTE: There were 1 observations read from the data set WORK.EM_USER_KEY.
NOTE: The data set WORK.EM_USER_KEY has 2 observations and 8 variables.
NOTE: DATA statement used (Total process time):
      real time           0.00 seconds
      cpu time            0.00 seconds
      


NOTE: The file _F1 is:
      Filename=F:\WQD7005\MalaysiaStockPrediction-master\SAS\Mildstone5\Milestone5-Insight\Workspaces\EMWS2\Repl\EMFLOWSCORE.sas,
      RECFM=V,LRECL=32767,File Size (bytes)=1526,
      Last Modified=16Dec2019:12:32:19,
      Create Time=16Dec2019:12:32:19

NOTE: 0 records were written to the file _F1.
NOTE: There were 0 observations read from the data set EMWS2.REPL_CLASSINFO.
NOTE: DATA statement used (Total process time):
      real time           0.00 seconds
      cpu time            0.00 seconds
      


NOTE: There were 0 observations read from the data set EMWS2.REPL_CLASSINFO.
      WHERE ROLE not = 'TARGET';
NOTE: The data set WORK._TEMPNEWVARS has 0 observations and 8 variables.
NOTE: DATA statement used (Total process time):
      real time           0.00 seconds
      cpu time            0.01 seconds
      


NOTE: The file _F1 is:
      Filename=F:\WQD7005\MalaysiaStockPrediction-master\SAS\Mildstone5\Milestone5-Insight\Workspaces\EMWS2\Repl\EMPUBLISHSCORE.sas,
      RECFM=V,LRECL=32767,File Size (bytes)=1526,
      Last Modified=16Dec2019:12:32:19,
      Create Time=16Dec2019:12:32:19

NOTE: 0 records were written to the file _F1.
NOTE: There were 0 observations read from the data set WORK._TEMPNEWVARS.
NOTE: DATA statement used (Total process time):
      real time           0.00 seconds
      cpu time            0.00 seconds
      


NOTE: There were 0 observations read from the data set WORK._TEMPNEWVARS.
NOTE: The data set WORK._TEMP_ has 0 observations and 8 variables.
NOTE: DATA statement used (Total process time):
      real time           0.00 seconds
      cpu time            0.00 seconds
      

NOTE: Deleting WORK._TEMPNEWVARS (memtype=DATA).
NOTE: PROCEDURE DATASETS used (Total process time):
      real time           0.00 seconds
      cpu time            0.01 seconds
      


NOTE: There were 0 observations read from the data set WORK.CLASSTEMP.
      WHERE (ROLE not = 'TARGET') and (LEVEL='_UNKNOWN_') and (REPLACE_VALUE not in (' ', '_DEFAULT_') or ((REPLACE_VALUE='_DEFAULT_') and (UNKWOWNDEFAULT not = 'NONE')));
NOTE: The data set WORK._TEMP has 0 observations and 1 variables.
NOTE: DATA statement used (Total process time):
      real time           0.00 seconds
      cpu time            0.00 seconds
      


NOTE: There were 0 observations read from the data set WORK._TEMP.
NOTE: There were 4 observations read from the data set WORK.CLASSTEMP.
NOTE: There were 0 observations read from the data set EMWS2.REPL_CLASSINFO.
NOTE: The data set WORK._TEMP has 0 observations and 17 variables.
NOTE: DATA statement used (Total process time):
      real time           0.00 seconds
      cpu time            0.00 seconds
      


NOTE: The file _F1 is:
      Filename=F:\WQD7005\MalaysiaStockPrediction-master\SAS\Mildstone5\Milestone5-Insight\Workspaces\EMWS2\Repl\EMPUBLISHSCORE.sas,
      RECFM=V,LRECL=32767,File Size (bytes)=1526,
      Last Modified=16Dec2019:12:32:19,
      Create Time=16Dec2019:12:32:19

NOTE: 0 records were written to the file _F1.
NOTE: There were 0 observations read from the data set WORK._TEMP.
NOTE: DATA statement used (Total process time):
      real time           0.00 seconds
      cpu time            0.01 seconds
      

NOTE: Fileref _F1 has been deassigned.

NOTE: Deleting WORK._TEMP (memtype=DATA).

NOTE: PROCEDURE DATASETS used (Total process time):
      real time           0.00 seconds
      cpu time            0.00 seconds
      


NOTE: There were 0 observations read from the data set WORK.CLASSTEMP.
      WHERE (ROLE not = 'TARGET') and (LEVEL not = '_UNKNOWN_') and (REPLACE_VALUE not in (' ', '_DEFAULT_') or ((REPLACE_VALUE='_DEFAULT_') and (UNKWOWNDEFAULT not = 'NONE')));
NOTE: There were 0 observations read from the data set EMWS2.REPL_CLASSINFO.
NOTE: The data set WORK._TEMP has 0 observations and 17 variables.
NOTE: DATA statement used (Total process time):
      real time           0.00 seconds
      cpu time            0.00 seconds
      


NOTE: The file _F1 is:
      Filename=F:\WQD7005\MalaysiaStockPrediction-master\SAS\Mildstone5\Milestone5-Insight\Workspaces\EMWS2\Repl\EMPUBLISHSCORE.sas,
      RECFM=V,LRECL=32767,File Size (bytes)=1526,
      Last Modified=16Dec2019:12:32:19,
      Create Time=16Dec2019:12:32:19

NOTE: 0 records were written to the file _F1.
NOTE: There were 0 observations read from the data set WORK._TEMP.
NOTE: DATA statement used (Total process time):
      real time           0.00 seconds
      cpu time            0.00 seconds
      

NOTE: Fileref _F1 has been deassigned.

NOTE: There were 0 observations read from the data set WORK.CLASSTEMP.
      WHERE (LEVEL='_UNKNOWN_') and (REPLACE_VALUE not in (' ', '_DEFAULT_') or ((REPLACE_VALUE='_DEFAULT_') and (UNKWOWNDEFAULT not = 'NONE')));
NOTE: The data set WORK._TEMP has 0 observations and 1 variables.
NOTE: DATA statement used (Total process time):
      real time           0.00 seconds
      cpu time            0.00 seconds
      


NOTE: There were 0 observations read from the data set WORK._TEMP.
NOTE: There were 4 observations read from the data set WORK.CLASSTEMP.
NOTE: There were 0 observations read from the data set EMWS2.REPL_CLASSINFO.
NOTE: The data set WORK._TEMP has 0 observations and 17 variables.
NOTE: DATA statement used (Total process time):
      real time           0.00 seconds
      cpu time            0.00 seconds
      


NOTE: The file _F1 is:
      Filename=F:\WQD7005\MalaysiaStockPrediction-master\SAS\Mildstone5\Milestone5-Insight\Workspaces\EMWS2\Repl\EMFLOWSCORE.sas,
      RECFM=V,LRECL=32767,File Size (bytes)=1526,
      Last Modified=16Dec2019:12:32:19,
      Create Time=16Dec2019:12:32:19

NOTE: 0 records were written to the file _F1.
NOTE: There were 0 observations read from the data set WORK._TEMP.
NOTE: DATA statement used (Total process time):
      real time           0.00 seconds
      cpu time            0.01 seconds
      

NOTE: Fileref _F1 has been deassigned.

NOTE: There were 0 observations read from the data set WORK.CLASSTEMP.
      WHERE (LEVEL not = '_UNKNOWN_') and (REPLACE_VALUE not in (' ', '_DEFAULT_') or ((REPLACE_VALUE='_DEFAULT_') and (UNKWOWNDEFAULT not = 'NONE')));
NOTE: There were 0 observations read from the data set EMWS2.REPL_CLASSINFO.
NOTE: The data set WORK._TEMP has 0 observations and 17 variables.
NOTE: DATA statement used (Total process time):
      real time           0.00 seconds
      cpu time            0.00 seconds
      


NOTE: The file _F1 is:
      Filename=F:\WQD7005\MalaysiaStockPrediction-master\SAS\Mildstone5\Milestone5-Insight\Workspaces\EMWS2\Repl\EMFLOWSCORE.sas,
      RECFM=V,LRECL=32767,File Size (bytes)=1526,
      Last Modified=16Dec2019:12:32:19,
      Create Time=16Dec2019:12:32:19

NOTE: 0 records were written to the file _F1.
NOTE: There were 0 observations read from the data set WORK._TEMP.
NOTE: DATA statement used (Total process time):
      real time           0.00 seconds
      cpu time            0.00 seconds
      

NOTE: Fileref _F1 has been deassigned.

NOTE: The file _F1 is:
      Filename=F:\WQD7005\MalaysiaStockPrediction-master\SAS\Mildstone5\Milestone5-Insight\Workspaces\EMWS2\Repl\CDELTA_TRAIN.sas,
      RECFM=V,LRECL=32767,File Size (bytes)=850,
      Last Modified=16Dec2019:12:32:19,
      Create Time=16Dec2019:12:32:19

NOTE: 0 records were written to the file _F1.
NOTE: There were 0 observations read from the data set EMWS2.REPL_CLASSINFO.
NOTE: DATA statement used (Total process time):
      real time           0.00 seconds
      cpu time            0.01 seconds
      

NOTE: Fileref _F1 has been deassigned.

NOTE: There were 0 observations read from the data set WORK.CLASSTEMP.
      WHERE REPLACE_VALUE not in (' ', '_DEFAULT_') or ((REPLACE_VALUE='_DEFAULT_') and (UNKWOWNDEFAULT not = 'NONE'));
NOTE: The data set EMWS2.REPL_VALUES has 0 observations and 7 variables.
NOTE: DATA statement used (Total process time):
      real time           0.00 seconds
      cpu time            0.00 seconds
      

NOTE: No observations in data set EMWS2.REPL_VALUES.
NOTE: PROCEDURE PRINT used (Total process time):
      real time           0.00 seconds
      cpu time            0.00 seconds
      


NOTE: Deleting WORK.CLASSTEMP (memtype=DATA).

NOTE: PROCEDURE DATASETS used (Total process time):
      real time           0.00 seconds
      cpu time            0.01 seconds
      


NOTE: There were 2 observations read from the data set WORK.EM_USER_KEY.
NOTE: The data set WORK.EM_USER_KEY has 3 observations and 8 variables.
NOTE: DATA statement used (Total process time):
      real time           0.00 seconds
      cpu time            0.00 seconds
      


NOTE: Deleting EMWS2.REPL_EMSCOREVAR (memtype=DATA).

NOTE: PROCEDURE DATASETS used (Total process time):
      real time           0.04 seconds
      cpu time            0.04 seconds
      


NOTE: Variable formula is uninitialized.
NOTE: The data set EMWS2.REPL_EMSCOREVAR has 5 observations and 3 variables.
NOTE: DATA statement used (Total process time):
      real time           0.00 seconds
      cpu time            0.00 seconds
      

16981  *------------------------------------------------------------*;
16982  * End SCORE: Repl;
16983  *------------------------------------------------------------*;
16984  

16985  filename emflow "F:\WQD7005\MalaysiaStockPrediction-master\SAS\Mildstone5\Milestone5-Insight\Workspaces\EMWS2\Repl\EMFLOWSCORE.sas";
16986  *------------------------------------------------------------*;
16987  * Repl: Scoring DATA data;
16988  *------------------------------------------------------------*;
16989  data EMWS2.Repl_TRAIN
16990  / view=EMWS2.Repl_TRAIN
16991  ;
16992  set EMWS2.Ids5_DATA
16993  ;
16994  %inc emflow;
NOTE: %INCLUDE (level 1) file EMFLOW is file F:\WQD7005\MalaysiaStockPrediction-master\SAS\Mildstone5\Milestone5-Insight\Workspaces\EMWS2\Repl\EMFLOWSCORE.sas.
16995 +* ;
16996 +* Variable: gasprice ;
16997 +* ;
16998 +Label REP_gasprice='Replacement: gasprice';
16999 +REP_gasprice =gasprice ;
17000 +if gasprice  eq . then REP_gasprice = . ;
17001 +else
17002 +if gasprice <2.353228415  then REP_gasprice  = 2.353228415 ;
17003 +else
17004 +if gasprice >2.8414858417  then REP_gasprice  = 2.8414858417 ;
17005 +* ;
17006 +* Variable: goldprice ;
17007 +* ;
17008 +Label REP_goldprice='Replacement: goldprice';
17009 +REP_goldprice =goldprice ;
17010 +if goldprice  eq . then REP_goldprice = . ;
17011 +else
17012 +if goldprice <14.526408636  then REP_goldprice  = 14.526408636 ;
17013 +else
17014 +if goldprice >15.419591599  then REP_goldprice  = 15.419591599 ;
17015 +* ;
17016 +* Variable: newspolarity ;
17017 +* ;
17018 +Label REP_newspolarity='Replacement: newspolarity';
17019 +REP_newspolarity =newspolarity ;
17020 +if newspolarity  eq . then REP_newspolarity = . ;
17021 +else
17022 +if newspolarity <-1.134456853  then REP_newspolarity  = -1.134456853 ;
17023 +else
17024 +if newspolarity >1.8567520187  then REP_newspolarity  = 1.8567520187 ;
17025 +* ;
17026 +* Variable: oilprice ;
17027 +* ;
17028 +Label REP_oilprice='Replacement: oilprice';
17029 +REP_oilprice =oilprice ;
17030 +if oilprice  eq . then REP_oilprice = . ;
17031 +else
17032 +if oilprice <67.032234569  then REP_oilprice  = 67.032234569 ;
17033 +else
17034 +if oilprice >76.157767327  then REP_oilprice  = 76.157767327 ;
17035 +* ;
17036 +* Variable: silverprice ;
17037 +* ;
17038 +Label REP_silverprice='Replacement: silverprice';
17039 +REP_silverprice =silverprice ;
17040 +if silverprice  eq . then REP_silverprice = . ;
17041 +else
17042 +if silverprice <14.525789493  then REP_silverprice  = 14.525789493 ;
17043 +else
17044 +if silverprice >15.420067828  then REP_silverprice  = 15.420067828 ;
NOTE: %INCLUDE (level 1) ending.
17045  run;

NOTE: DATA STEP view saved on file EMWS2.REPL_TRAIN.
NOTE: A stored DATA STEP view cannot run under a different operating system.
NOTE: View EMWS2.IDS5_DATA.VIEW used (Total process time):
      real time           0.02 seconds
      cpu time            0.03 seconds
      
NOTE: DATA statement used (Total process time):
      real time           0.03 seconds
      cpu time            0.03 seconds
      

17046  quit;
17047  filename emflow;
NOTE: Fileref EMFLOW has been deassigned.

17049  *------------------------------------------------------------*;
17050  * Repl: Computing metadata for TRAIN data;
17051  *------------------------------------------------------------*;

NOTE: View EMWS2.REPL_TRAIN.VIEW used (Total process time):
      real time           0.04 seconds
      cpu time            0.04 seconds
      
NOTE: View EMWS2.REPL_TRAIN.VIEW used (Total process time):
      real time           0.04 seconds
      cpu time            0.04 seconds
      
