 
                                                                                                                                                                                                                                                                
 
 
Variable Summary

          Measurement    Frequency
 Role        Level         Count

INPUT      INTERVAL          5    
INPUT      NOMINAL           1    
TARGET     INTERVAL          1    
 
                                                                                                                                                                                                                                                                
 
 
Predicted and decision variables

Type           Variable              Label

TARGET       stockprice                           
PREDICTED    P_stockprice    Predicted: stockprice
RESIDUAL     R_stockprice    Residual: stockprice 
 
                                                                                                                                                                                                                                                                
 
 

The DMREG Procedure

               Model Information

Training Data Set             WORK.EM_DMREG.VIEW
DMDB Catalog                  WORK.REG3_DMDB    
Target Variable               stockprice        
Target Measurement Level      Interval          
Error                         Normal            
Link Function                 Identity          
Number of Model Parameters    7                 
Number of Observations        20                


                             Analysis of Variance
 
                                   Sum of
Source                 DF         Squares     Mean Square    F Value    Pr > F

Model                   5        0.068011        0.013602       3.30    0.0356
Error                  14        0.057764        0.004126                     
Corrected Total        19        0.125775                                     


              Model Fit Statistics

R-Square        0.5407     Adj R-Sq        0.3767
AIC          -104.9424     BIC           -98.1669
SBC           -98.9680     C(p)            6.0000


              Type 3 Analysis of Effects
 
                            Sum of
Effect            DF       Squares    F Value    Pr > F

gasprice           1        0.0076       1.84    0.1963
goldprice          1        0.0131       3.18    0.0961
newspolarity       1        0.0014       0.34    0.5719
oilprice           1        0.0060       1.46    0.2474
polarity_cat       1        0.0188       4.55    0.0511
silverprice        0         .            .       .    


                 Analysis of Maximum Likelihood Estimates
 
                                           Standard
Parameter                DF    Estimate       Error    t Value    Pr > |t|

Intercept                 1      8.3317      2.7207       3.06      0.0084
gasprice                  1      0.4116      0.3034       1.36      0.1963
goldprice                 1     -0.2759      0.1547      -1.78      0.0961
newspolarity              1     -0.0349      0.0602      -0.58      0.5719
oilprice                  1      0.0188      0.0156       1.21      0.2474
polarity_cat negative     1     -0.0530      0.0248      -2.13      0.0511
silverprice               0           0           .        .         .    
