 
                                                                                                                                                                                                                                                                
 
 
Variable Summary

          Measurement    Frequency
 Role        Level         Count

INPUT      INTERVAL          6    
INPUT      NOMINAL           1    
TIMEID     INTERVAL          1    
 
                                                                                                                                                                                                                                                                
 
 
Output Table Attributes

Attribute            Value

Output Table         EMWS5.Ids5_DATA
Output Type          View           
Dropped Variables    0              
Data Mining Role     Raw            
 
                                                                                                                                                                                                                                                                
 
 
Input Table Attributes

Attribute                                  Value

Data Source                                petronascsv1      
                                                             
Library Name                               FINALIB           
Library Member Name                        PETRONAS_CSV      
Data Set Label                                               
Special Data Set Type (From TYPE=)                           
Observations in Data Set                   28                
Engine Name                                BASE              
Create Date                                07Dec2019:18:44:51
Last Modified Date                         07Dec2019:18:44:51
Deleted Observations in Data Set           0                 
Use of Variable in Indexes                 NONE              
Library Member Type                        DATA              
Number of Indexes for Data Set             0                 
Password Protection (Read Write Alter)     ---               
Update Flags (Protect Contribute Add)      ---               
Compression Routine                        NO                
Reuse Space                                NO                
Sorted and/or Validated                    .                 
Position of Variable in Sortedby Clause    .                 
Host Character Set                                           
Collating Sequence                                           
Sort Option: No Duplicate Keys             NO                
Sort Option: No Duplicate Records          NO                
Encryption Routine                         NO                
Point to Observations                      YES               
Maximum Number of Generations              0                 
Generation Number                          .                 
Next Generation Number                     .                 
Character Variables Transcoded             YES               
Variables                                  8                 
