 
                                                                                                                                                                                                                                                                
 
 
Summary Statistics for Class Targets

Data=DATA

             Numeric    Formatted    Frequency
Variable      Value       Value        Count      Percent    Label

Attrition       0           0           1233      83.8776         
Attrition       1           1            237      16.1224         


Data=TEST

             Numeric    Formatted    Frequency
Variable      Value       Value        Count      Percent    Label

Attrition       0           0           285       83.8235         
Attrition       1           1            55       16.1765         


Data=TRAIN

             Numeric    Formatted    Frequency
Variable      Value       Value        Count      Percent    Label

Attrition       0           0           663       83.8180         
Attrition       1           1           128       16.1820         


Data=VALIDATE

             Numeric    Formatted    Frequency
Variable      Value       Value        Count      Percent    Label

Attrition       0           0           285       84.0708         
Attrition       1           1            54       15.9292         
