 
                                                                                                                                                                                                                                                                
 
 
Variable Summary

          Measurement    Frequency
 Role        Level         Count

INPUT      INTERVAL          4    
TARGET     INTERVAL          1    
 
                                                                                                                                                                                                                                                                
 
Interval Variable Summary Statistics
(maximum 500 observations printed)

Data Role=TRAIN

                                      Standard          Non
Variable         Role         Mean    Deviation     Missing     Missing     Minimum      Median     Maximum    Skewness    Kurtosis

GasPrice        INPUT     2.590762    0.092881           21           0        2.49       2.572       2.708    -0.00591    -1.93799
GoldPrice       INPUT     15.02145    0.105594           21           0      14.867      14.965      15.244    0.898291    -0.15515
NewsPolarity    INPUT     0.220772    0.226191           21           0    -0.06637    0.147513    0.737749    0.801841    0.030264
OilPrice        INPUT     71.11286    1.033992           21           0       69.01       71.55       71.95    -1.03594    -0.39515
StockPrice      TARGET     2.56619     0.09739           21           0        2.43        2.52        2.73     0.26821    -1.60708
 
                                                                                                                                                                                                                                                                
 
Correlation Statistics
(maximum 500 observations printed)

Data Role=TRAIN Type=PEARSON Target=StockPrice

Input           Correlation

GoldPrice          0.23543 
GasPrice           0.09198 
NewsPolarity      -0.07866 
OilPrice          -0.42779 
