 
                                                                                                                                                                                                                                                                
 
 
Variable Summary

          Measurement    Frequency
 Role        Level         Count

TARGET      BINARY           1    
 
                                                                                               
 
 







Fit Statistics
Model Selection based on Valid: Average Squared Error (_VASE_)

                                      Valid:   Train:
                                     Average  Average        Train:             Valid:
Selected  Model                      Squared  Squared  Misclassification  Misclassification
 Model    Node    Model Description   Error    Error          Rate               Rate

   Y      Reg     Regression         0.09943  0.09775       0.12642            0.13274     
          Neural  Neural Network     0.11431  0.06988       0.08850            0.14454     
          Tree    Decision Tree      0.13298  0.12386       0.15044            0.15339     
          Tree2   Decision Tree (2)  0.13298  0.12386       0.15044            0.15339     
 
                                                                                               
 
 







Fit Statistics Table
Target: Attrition

Data Role=Train

Statistics                                                         Reg  Neural    Tree   Tree2

Train: Bin-Based Two-Way Kolmogorov-Smirnov Probability Cutoff    0.24    0.25    0.30    0.30
Train: Kolmogorov-Smirnov Statistic                               0.51    0.71    0.17    0.17
Train: Akaike's Information Criterion                           583.80  571.49     .       .  
Train: Average Squared Error                                      0.10    0.07    0.12    0.12
Train: Roc Index                                                  0.83    0.92    0.59    0.59
Train: Average Error Function                                     0.33    0.23     .       .  
Train: Cumulative Percent Captured Response                      42.19   53.13   23.51   23.51
Train: Percent Captured Response                                 16.41   22.66    5.07    5.07
Selection Criterion: Valid: Average Squared Error                 0.10    0.11    0.13    0.13
Train: Degrees of Freedom for Error                             759.00  691.00     .       .  
Train: Model Degrees of Freedom                                  32.00  100.00     .       .  
Train: Total Degrees of Freedom                                 791.00  791.00  791.00  791.00
Train: Divisor for ASE                                         1582.00 1582.00 1582.00 1582.00
Train: Error Function                                           519.80  371.49     .       .  
Train: Final Prediction Error                                     0.11    0.09     .       .  
Train: Gain                                                     317.13  425.27  132.47  132.47
Train: Gini Coefficient                                           0.65    0.85    0.17    0.17
Train: Bin-Based Two-Way Kolmogorov-Smirnov Statistic             0.49    0.70    0.16    0.16
Train: Kolmogorov-Smirnov Probability Cutoff                      0.20    0.24    0.14    0.14
Train: Cumulative Lift                                            4.17    5.25    2.32    2.32
Train: Lift                                                       3.24    4.48    1.00    1.00
Train: Maximum Absolute Error                                     0.99    1.00    0.86    0.86
Train: Misclassification Rate                                     0.13    0.09    0.15    0.15
Train: Mean Square Error                                          0.10    0.08     .       .  
Train: Sum of Frequencies                                       791.00  791.00  791.00  791.00
Train: Number of Estimate Weights                                32.00  100.00     .       .  
Train: Root Average Squared Error                                 0.31    0.26    0.35    0.35
Train: Cumulative Percent Response                               67.50   85.00   37.62   37.62
Train: Percent Response                                          52.50   72.50   16.24   16.24
Train: Root Final Prediction Error                                0.33    0.30     .       .  
Train: Root Mean Squared Error                                    0.32    0.28     .       .  
Train: Schwarz's Bayesian Criterion                             733.34 1038.82     .       .  
Train: Sum of Squared Errors                                    154.65  110.55  195.95  195.95
Train: Sum of Case Weights Times Freq                          1582.00 1582.00     .       .  
Train: Number of Wrong Classifications                             .     70.00     .       .  


Data Role=Valid

Statistics                                                         Reg  Neural    Tree   Tree2

Valid: Kolmogorov-Smirnov Statistic                              0.565   0.558   0.081   0.081
Valid: Average Squared Error                                     0.099   0.114   0.133   0.133
Valid: Roc Index                                                 0.829   0.827   0.542   0.542
Valid: Average Error Function                                    0.332   0.391    .       .   
Valid: Bin-Based Two-Way Kolmogorov-Smirnov Probability Cutoff   0.300   0.197   0.302   0.302
Valid: Cumulative Percent Captured Response                     37.037  37.037  16.521  16.521
Valid: Percent Captured Response                                14.815  18.519   5.040   5.040
Valid: Divisor for VASE                                        678.000 678.000 678.000 678.000
Valid: Error Function                                          225.308 264.981    .       .   
Valid: Gain                                                    269.281 269.281  64.725  64.725
Valid: Gini Coefficient                                          0.659   0.654   0.083   0.083
Valid: Bin-Based Two-Way Kolmogorov-Smirnov Statistic            0.561   0.545   0.077   0.077
Valid: Kolmogorov-Smirnov Probability Cutoff                     0.190   0.180   0.140   0.140
Valid: Cumulative Lift                                           3.693   3.693   1.647   1.647
Valid: Lift                                                      2.954   3.693   1.005   1.005
Valid: Maximum Absolute Error                                    0.982   1.000   0.862   0.862
Valid: Misclassification Rate                                    0.133   0.145   0.153   0.153
Valid: Mean Square Error                                         0.099   0.114    .       .   
Valid: Sum of Frequencies                                      339.000 339.000 339.000 339.000
Valid: Root Average Squared Error                                0.315   0.338   0.365   0.365
Valid: Cumulative Percent Response                              58.824  58.824  26.239  26.239
Valid: Percent Response                                         47.059  58.824  16.008  16.008
Valid: Root Mean Square Error                                    0.315   0.338    .       .   
Valid: Sum of Squared Errors                                    67.411  77.500  90.158  90.158
Valid: Sum of Case Weights Times Freq                          678.000 678.000    .       .   
Valid: Number of Wrong Classifications                            .     49.000    .       .   


Data Role=Test

Statistics                                                         Reg  Neural    Tree   Tree2

Test:  Kolmogorov-Smirnov Statistic                              0.626   0.533   0.184   0.184
Test: Average Squared Error                                      0.090   0.111   0.126   0.126
Test:  Roc Index                                                 0.854   0.803   0.594   0.594
Test: Average Error Function                                     0.321   0.407    .       .   
Test:  Bin-Based Two-Way Kolmogorov-Smirnov Probability Cutoff   0.190   0.118   0.302   0.302
Test: Cumulative Percent Captured Response                      49.091  36.364  25.105  25.105
Test: Percent Captured Response                                 23.636  20.000   8.135   8.135
Test: Divisor for TASE                                         680.000 680.000 680.000 680.000
Test: Error Function                                           217.963 276.743    .       .   
Test: Gain                                                     390.909 263.636 151.049 151.049
Test:  Gini Coefficient                                          0.707   0.606   0.188   0.188
Test:  Bin-Based Two-Way Kolmogorov-Smirnov Statistic            0.596   0.515   0.180   0.180
Test:  Kolmogorov-Smirnov Probability Cutoff                     0.160   0.110   0.140   0.140
Test: Cumulative Lift                                            4.909   3.636   2.510   2.510
Test: Lift                                                       4.727   4.000   1.627   1.627
Test: Maximum Absolute Error                                     0.998   1.000   0.862   0.862
Test: Misclassification Rate                                     0.126   0.141   0.150   0.150
Test: Lower 95% Conf. Limit for TMISC                            0.093    .       .       .   
Test: Upper 95% Conf. Limit for TMISC                            0.167    .       .       .   
Test: Mean Square Error                                          0.090   0.111    .       .   
Test: Sum of Frequencies                                       340.000 340.000 340.000 340.000
Test: Root Average Squared Error                                 0.300   0.334   0.356   0.356
Test: Cumulative Percent Response                               79.412  58.824  40.611  40.611
Test: Percent Response                                          76.471  64.706  26.320  26.320
Test: Root Mean Square Error                                     0.300   0.334    .       .   
Test: Sum of Squared Errors                                     61.226  75.781  85.965  85.965
Test: Sum of Weights Times Freqs                               680.000 680.000 680.000 680.000
Test: Number of Wrong Classifications                             .     48.000    .       .   
 
                                                                                               
 
 







Event Classification Table
Model Selection based on Valid: Average Squared Error (_VASE_)

Model                      Data                 Target    False     True      False     True
Node    Model Description  Role       Target    Label   Negative  Negative  Positive  Positive

Tree    Decision Tree      TRAIN     Attrition             117       661        2        11   
Tree    Decision Tree      VALIDATE  Attrition              50       283        2         4   
Reg     Regression         TRAIN     Attrition              85       648       15        43   
Reg     Regression         VALIDATE  Attrition              31       271       14        23   
Neural  Neural Network     TRAIN     Attrition              61       654        9        67   
Neural  Neural Network     VALIDATE  Attrition              29       265       20        25   
Tree2   Decision Tree (2)  TRAIN     Attrition             117       661        2        11   
Tree2   Decision Tree (2)  VALIDATE  Attrition              50       283        2         4   
