*------------------------------------------------------------*
* Report Log
Date:                December 19, 2019
Time:                16:53:18
*------------------------------------------------------------*
13108  data EMWS5.Neural_EMOUTFIT(rename=(_NAME_=TARGET));
13109  set EMWS5.Neural_OUTFIT(where=(_NAME_ eq 'OVERALL'));
13110  label _NAME_ = "%sysfunc(sasmsg(sashelp.dmine, rpt_target_vlabel  , NOQUOTE))";
13111  if _NAME_='OVERALL' then _NAME_='Attrition';
13112  drop _ITER_;
13113  run;

NOTE: There were 1 observations read from the data set EMWS5.NEURAL_OUTFIT.
      WHERE _NAME_='OVERALL';
NOTE: The data set EMWS5.NEURAL_EMOUTFIT has 1 observations and 50 variables.
NOTE: DATA statement used (Total process time):
      real time           0.00 seconds
      cpu time            0.00 seconds
      

13114  proc sort data=EMWS5.Neural_EMOUTFIT nodupkey;
13115  by TARGET;
13116  run;

NOTE: There were 1 observations read from the data set EMWS5.NEURAL_EMOUTFIT.
NOTE: 0 observations with duplicate key values were deleted.
NOTE: The data set EMWS5.NEURAL_EMOUTFIT has 1 observations and 50 variables.
NOTE: PROCEDURE SORT used (Total process time):
      real time           0.00 seconds
      cpu time            0.01 seconds
      

13117  data EMWS5.Neural_EMOUTFIT;
13118  set EMWS5.Neural_EMOUTFIT;
13119  length TargetLabel $200;
13120  label targetLabel = "%sysfunc(sasmsg(sashelp.dmine, meta_targetlabel_vlabel, NOQUOTE))";
13121  run;

NOTE: Variable TargetLabel is uninitialized.
NOTE: There were 1 observations read from the data set EMWS5.NEURAL_EMOUTFIT.
NOTE: The data set EMWS5.NEURAL_EMOUTFIT has 1 observations and 51 variables.
NOTE: DATA statement used (Total process time):
      real time           0.00 seconds
      cpu time            0.00 seconds
      

13122  proc sort data=EMWS5.Neural_EMREPORTFIT nothreads;
13123  by TARGET;
13124  run;

NOTE: There were 21 observations read from the data set EMWS5.NEURAL_EMREPORTFIT.
NOTE: The data set EMWS5.NEURAL_EMREPORTFIT has 21 observations and 7 variables.
NOTE: PROCEDURE SORT used (Total process time):
      real time           0.00 seconds
      cpu time            0.00 seconds
      

13125  %let _EMwarndup = 0;
13126  %let _EMtargetdup =;
13127  %let _EMASEtargetdup =;
13128  data _null_;
13129  set EMWS5.Neural_EMOUTFIT;
13130  if .<_ASE_<0.000001 then do;
13131  call symput('_EMwarndup', '1');
13132  call symput('_EMtargetdup', target);
13133  call symput('_EMASEtargetdup', put(_ASE_, best.));
13134  end;
13135  run;

NOTE: There were 1 observations read from the data set EMWS5.NEURAL_EMOUTFIT.
NOTE: DATA statement used (Total process time):
      real time           0.00 seconds
      cpu time            0.00 seconds
      

13136  proc sort data=EMWS5.AutoNeural_CMeta_TRAIN out=WORK.SUBSETINMETA;
13137  by NAME;
13138  run;

NOTE: There were 41 observations read from the data set EMWS5.AUTONEURAL_CMETA_TRAIN.
NOTE: The data set WORK.SUBSETINMETA has 41 observations and 21 variables.
NOTE: PROCEDURE SORT used (Total process time):
      real time           0.00 seconds
      cpu time            0.01 seconds
      

13139  proc sort data=EMWS5.Neural_VariableSet out=WORK.SUBSETVARSET(keep=NAME REPORT);
13140  by NAME;
13141  run;

NOTE: There were 32 observations read from the data set EMWS5.NEURAL_VARIABLESET.
NOTE: The data set WORK.SUBSETVARSET has 32 observations and 2 variables.
NOTE: PROCEDURE SORT used (Total process time):
      real time           0.00 seconds
      cpu time            0.00 seconds
      

13142  data WORK.ASSESS_META;
13143  merge WORK.SUBSETINMETA WORK.SUBSETVARSET;
13144  by NAME;
13145  run;

NOTE: There were 41 observations read from the data set WORK.SUBSETINMETA.
NOTE: There were 32 observations read from the data set WORK.SUBSETVARSET.
NOTE: The data set WORK.ASSESS_META has 41 observations and 21 variables.
NOTE: DATA statement used (Total process time):
      real time           0.00 seconds
      cpu time            0.00 seconds
      

13146  data EM_temp_assessMeta;
13147  set EMWS5.Neural_CMeta_TRAIN;
13148  where role in('DECISION', 'PREDICT', 'RESIDUAL', 'CLASSIFICATION', 'ASSESS', 'COST');
13149  run;

NOTE: There were 8 observations read from the data set EMWS5.NEURAL_CMETA_TRAIN.
      WHERE role in ('ASSESS', 'CLASSIFICATION', 'COST', 'DECISION', 'PREDICT', 'RESIDUAL');
NOTE: The data set WORK.EM_TEMP_ASSESSMETA has 8 observations and 21 variables.
NOTE: DATA statement used (Total process time):
      real time           0.00 seconds
      cpu time            0.01 seconds
      

13150  data EM_temp_assessdata;
13151  set EMWS5.Neural_TRAIN(keep=
13152  F_Attrition
13153  I_Attrition
13154  P_Attrition0
13155  P_Attrition1
13156  R_Attrition0
13157  R_Attrition1
13158  U_Attrition
13159  _WARN_
13160  Attrition
13161  );
13162  run;

NOTE: There were 791 observations read from the data set EMWS5.PART_TRAIN.
NOTE: View EMWS5.NEURAL_TRAIN.VIEW used (Total process time):
      real time           0.05 seconds
      cpu time            0.04 seconds
      
NOTE: There were 791 observations read from the data set EMWS5.AUTONEURAL_TRAIN.
NOTE: There were 791 observations read from the data set EMWS5.NEURAL_TRAIN.
NOTE: The data set WORK.EM_TEMP_ASSESSDATA has 791 observations and 9 variables.
NOTE: DATA statement used (Total process time):
      real time           0.06 seconds
      cpu time            0.06 seconds
      
















17443  data EM_temp_assessMeta;
17444  set EMWS5.Neural_CMeta_TRAIN;
17445  where role in('DECISION', 'PREDICT', 'RESIDUAL', 'CLASSIFICATION', 'ASSESS', 'COST');
17446  run;

NOTE: There were 8 observations read from the data set EMWS5.NEURAL_CMETA_TRAIN.
      WHERE role in ('ASSESS', 'CLASSIFICATION', 'COST', 'DECISION', 'PREDICT', 'RESIDUAL');
NOTE: The data set WORK.EM_TEMP_ASSESSMETA has 8 observations and 21 variables.
NOTE: DATA statement used (Total process time):
      real time           0.00 seconds
      cpu time            0.01 seconds
      

17447  data EM_temp_assessdata;
17448  set EMWS5.Neural_VALIDATE(keep=
17449  F_Attrition
17450  I_Attrition
17451  P_Attrition0
17452  P_Attrition1
17453  R_Attrition0
17454  R_Attrition1
17455  U_Attrition
17456  _WARN_
17457  Attrition
17458  );
17459  run;

NOTE: There were 339 observations read from the data set EMWS5.PART_VALIDATE.
NOTE: View EMWS5.NEURAL_VALIDATE.VIEW used (Total process time):
      real time           0.05 seconds
      cpu time            0.04 seconds
      
NOTE: There were 339 observations read from the data set EMWS5.AUTONEURAL_VALIDATE.
NOTE: There were 339 observations read from the data set EMWS5.NEURAL_VALIDATE.
NOTE: The data set WORK.EM_TEMP_ASSESSDATA has 339 observations and 9 variables.
NOTE: DATA statement used (Total process time):
      real time           0.06 seconds
      cpu time            0.07 seconds
      
















21749  %let _cn = %sysfunc(getoption(CENTER));
21750  options nocenter;
21751  proc print data=EMWS5.Neural_EMREPORTFIT noobs label;
21752  var STAT LABEL TRAIN
21753  VALIDATE
21754  TEST
21755  ;
21756  by TARGET TARGETLABEL;
21757  title9 ' ';
21758  title10 "%sysfunc(sasmsg(sashelp.dmine, rpt_fitstat_title  , NOQUOTE))";
21759  run;

NOTE: There were 21 observations read from the data set EMWS5.NEURAL_EMREPORTFIT.
NOTE: The PROCEDURE PRINT printed page 8.
NOTE: PROCEDURE PRINT used (Total process time):
      real time           0.00 seconds
      cpu time            0.00 seconds
      

21760  title10;
21761  options &_cn;

21762  proc sort data=EMWS5.Neural_EMCLASSIFICATION nothreads;
21763  by DATAROLE TARGET TARGETLABEL;
21764  run;

NOTE: There were 8 observations read from the data set EMWS5.NEURAL_EMCLASSIFICATION.
NOTE: The data set EMWS5.NEURAL_EMCLASSIFICATION has 8 observations and 12 variables.
NOTE: PROCEDURE SORT used (Total process time):
      real time           0.00 seconds
      cpu time            0.01 seconds
      

21765  %let _cn = %sysfunc(getoption(CENTER));
21766  options nocenter;
21767  proc print data=EMWS5.Neural_EMCLASSIFICATION noobs label;
21768  var from into pct_row pct_col count percent
21769  ;
21770  by DATAROLE TARGET TARGETLABEL;
21771  label FROM = "%sysfunc(sasmsg(sashelp.dmine, rpt_target_vlabel ,     NOQUOTE))";
21772  label INTO = "%sysfunc(sasmsg(sashelp.dmine, rpt_outcome_vlabel ,    NOQUOTE))";
21773  label PCT_ROW = "%sysfunc(sasmsg(sashelp.dmine, rpt_targetpct_vlabel ,  NOQUOTE))";
21774  label PCT_COL = "%sysfunc(sasmsg(sashelp.dmine, rpt_outcomepct_vlabel , NOQUOTE))";
21775  label COUNT = "%sysfunc(sasmsg(sashelp.dmine, rpt_count_vlabel ,      NOQUOTE))";
21776  label PERCENT = "%sysfunc(sasmsg(sashelp.dmine, rpt_totalpct_vlabel ,   NOQUOTE))";
21777  where _TYPE_='PREDICTION';
21778  title9 ' ';
21779  title10 "%sysfunc(sasmsg(sashelp.dmine, rpt_classification_title    , NOQUOTE))";
21780  run;

NOTE: There were 8 observations read from the data set EMWS5.NEURAL_EMCLASSIFICATION.
      WHERE _TYPE_='PREDICTION';
NOTE: The PROCEDURE PRINT printed page 9.
NOTE: PROCEDURE PRINT used (Total process time):
      real time           0.01 seconds
      cpu time            0.01 seconds
      

21781  title9;
21782  title10;
21783  options &_cn;

21784  %let _cn = %sysfunc(getoption(CENTER));
21785  options nocenter;
21786  data EMWS5.Neural_EMEVENTREPORT;
21787  length DATAROLE TARGET $32 TARGETLABEL $200 FALSENEVENT TRUENEVENT FALSEEVENT TRUEEVENT
21787! 8;
21788  label DATAROLE = "%sysfunc(sasmsg(sashelp.dmine, rpt_datarole_vlabel ,    NOQUOTE))"
21788! TARGET = "%sysfunc(sasmsg(sashelp.dmine, rpt_target_vlabel ,      NOQUOTE))" TARGETLABEL
21788!  = "%sysfunc(sasmsg(sashelp.dmine, meta_targetlabel_vlabel, NOQUOTE))" FALSEEVENT
21789  = "%sysfunc(sasmsg(sashelp.dmine, rpt_falseevent_vlabel ,  NOQUOTE))" FALSENEVENT =
21789! "%sysfunc(sasmsg(sashelp.dmine, rpt_falsenevent_vlabel , NOQUOTE))" TRUEEVENT =
21789! "%sysfunc(sasmsg(sashelp.dmine, rpt_trueevent_vlabel ,   NOQUOTE))" TRUENEVENT =
21790     "%sysfunc(sasmsg(sashelp.dmine, rpt_truenevent_vlabel ,  NOQUOTE))";
21791  FALSEEVENT=0;
21792  FALSENEVENT=0;
21793  TRUEEVENT=0;
21794  TRUENEVENT=0;
21795  set EMWS5.Neural_EMEVENTREPORT;
21796  run;

NOTE: There were 2 observations read from the data set EMWS5.NEURAL_EMEVENTREPORT.
NOTE: The data set EMWS5.NEURAL_EMEVENTREPORT has 2 observations and 7 variables.
NOTE: DATA statement used (Total process time):
      real time           0.01 seconds
      cpu time            0.01 seconds
      

21797  proc print data=EMWS5.Neural_EMEVENTREPORT noobs label;
21798  title9 ' ';
21799  title10 "%sysfunc(sasmsg(sashelp.dmine, rpt_eventtable_title    , NOQUOTE))";
21800  by notsorted DATAROLE notsorted TARGET notsorted TARGETLABEL;
21801  run;

NOTE: There were 2 observations read from the data set EMWS5.NEURAL_EMEVENTREPORT.
NOTE: The PROCEDURE PRINT printed page 10.
NOTE: PROCEDURE PRINT used (Total process time):
      real time           0.00 seconds
      cpu time            0.00 seconds
      

21802  title10;
21803  options &_cn;

21804  proc datasets library=EMWS5 nolist;
21805  modify Neural_EMRANK;
21806  label target = "%sysfunc(sasmsg(sashelp.dmine, rpt_targetvar_vlabel ,   NOQUOTE))";
21807  label datarole = "%sysfunc(sasmsg(sashelp.dmine, rpt_datarole_vlabel ,    NOQUOTE))";
21808  run;

NOTE: MODIFY was successful for EMWS5.NEURAL_EMRANK.DATA.
21809  quit;

NOTE: PROCEDURE DATASETS used (Total process time):
      real time           0.04 seconds
      cpu time            0.03 seconds
      

21810  %let _cn = %sysfunc(getoption(CENTER));
21811  options nocenter;
21812  proc print data=EMWS5.Neural_EMRANK label noobs;
21813  var
21814  decile gain lift liftc resp respc N _meanP_;
21815  by
21816  notsorted DATAROLE
21817  notsorted TARGET
21818  notsorted TARGETLABEL
21819  ;
21820  title9 ' ';
21821  title10 "%sysfunc(sasmsg(sashelp.dmine, rpt_scoreranking_title , NOQUOTE))";
21822  run;

NOTE: There were 40 observations read from the data set EMWS5.NEURAL_EMRANK.
NOTE: The PROCEDURE PRINT printed page 11.
NOTE: PROCEDURE PRINT used (Total process time):
      real time           0.00 seconds
      cpu time            0.00 seconds
      

21823  title10;
21824  options &_cn;

21825  proc datasets library=EMWS5 nolist;
21826  modify Neural_EMSCOREDIST;
21827  label target = "%sysfunc(sasmsg(sashelp.dmine, rpt_targetvar_vlabel ,      NOQUOTE))";
21828  label datarole = "%sysfunc(sasmsg(sashelp.dmine, rpt_datarole_vlabel ,    NOQUOTE))";
21829  run;

NOTE: MODIFY was successful for EMWS5.NEURAL_EMSCOREDIST.DATA.
21830  quit;

NOTE: PROCEDURE DATASETS used (Total process time):
      real time           0.04 seconds
      cpu time            0.04 seconds
      

