*------------------------------------------------------------*
* Training Log
Date:                December 19, 2019
Time:                16:53:13
*------------------------------------------------------------*
10869  proc freq data=EMWS5.Neural_VariableSet noprint;
10870  table ROLE*LEVEL/out=WORK.NeuralMETA;
10871  run;

NOTE: There were 32 observations read from the data set EMWS5.NEURAL_VARIABLESET.
NOTE: The data set WORK.NEURALMETA has 2 observations and 4 variables.
NOTE: PROCEDURE FREQ used (Total process time):
      real time           0.01 seconds
      cpu time            0.01 seconds
      

10872  proc print data=WORK.NeuralMETA label noobs;
10873  var ROLE LEVEL COUNT;
10874  label ROLE = "%sysfunc(sasmsg(sashelp.dmine, meta_role_vlabel, NOQUOTE))" LEVEL = "%sysfunc(sasmsg(sashelp.dmine, meta_level_vlabel, NOQUOTE))" COUNT = "%sysfunc(sasmsg(sashelp.dmine, rpt_count_vlabel, NOQUOTE))";
10875  title9 ' ';
10876  title10 "%sysfunc(sasmsg(sashelp.dmine, rpt_varSummary_title  , NOQUOTE))";
10877  run;

NOTE: There were 2 observations read from the data set WORK.NEURALMETA.
NOTE: The PROCEDURE PRINT printed page 1.
NOTE: PROCEDURE PRINT used (Total process time):
      real time           0.00 seconds
      cpu time            0.01 seconds
      

10878  title10;

10879  %let EMNORLEN = %DMNORLEN;
EMWS5.AutoNeural_TRAIN EMWS5.AutoNeural_TRAIN 
EMWS5.AutoNeural_TRAIN EMWS5.AutoNeural_TRAIN EMWS5 AutoNeural_TRAIN 
EMWS5.AutoNeural_TRAIN EMWS5.AutoNeural_TRAIN 
EMWS5.AutoNeural_TRAIN EMWS5.AutoNeural_TRAIN EMWS5 AutoNeural_TRAIN 
Executing  SASHELP.EMCORE.EMINFOITERATOR.SCL _INIT >> 
Executing  SASHELP.EMCORE.EMINFOITERATOR.SCL setMetaData >> 
Executing  SASHELP.EMCORE.EMINFOITERATOR.SCL next >> 
Executing  SASHELP.EMCORE.EMINFOITERATOR.SCL next >> 
Executing  SASHELP.EMCORE.EMINFOITERATOR.SCL setMetaData >> 
Executing  SASHELP.EMCORE.EMINFOITERATOR.SCL next >> 
Executing  SASHELP.EMCORE.EMINFOITERATOR.SCL next >> 
Executing  SASHELP.EMCORE.EMINFOITERATOR.SCL _term >> 
10908  data WORK.Neural_EVENT(KEEP=VARIABLE LABEL LEVEL EVENT NUMLEVELS ORDER);
10909  length ORDER $20;
10910  label VARIABLE = "%sysfunc(sasmsg(sashelp.dmine, rpt_target_vlabel,  NOQUOTE))" EVENT = "%sysfunc(sasmsg(sashelp.dmine, assmt_event_vlabel, NOQUOTE))" NUMLEVELS = "%sysfunc(sasmsg(sashelp.dmine, rpt_numcat_vlabel, NOQUOTE))" LEVEL =
10911     "%sysfunc(sasmsg(sashelp.dmine, meta_level_vlabel, NOQUOTE))" ORDER = "%sysfunc(sasmsg(sashelp.dmine, meta_order_vlabel, NOQUOTE))" LABEL = "%sysfunc(sasmsg(sashelp.dmine, meta_label_vlabel, NOQUOTE))";
10912  set EMWS5.AUTONEURAL_ATTRITION_DM( where=(_TYPE_="TARGET"));
10913  NumLevels=2;
10914  select(upcase(ORDER));
10915  when('DESC') ORDER = 'Descending';
10916  when('ASC') ORDER = 'Ascending';
10917  when('FMTDESC') ORDER = 'Formatted Descending';
10918  when('FMTASC') ORDER = 'Formatted Ascending';
10919  otherwise ORDER = 'Descending';
10920  end;
10921  output;
10922  run;

NOTE: There were 1 observations read from the data set EMWS5.AUTONEURAL_ATTRITION_DM.
      WHERE _TYPE_='TARGET';
NOTE: The data set WORK.NEURAL_EVENT has 1 observations and 6 variables.
NOTE: DATA statement used (Total process time):
      real time           0.01 seconds
      cpu time            0.01 seconds
      

10923  title9 ' ';
10924  proc print data=WORK.Neural_EVENT noobs label;
10925  var VARIABLE EVENT LEVEL NUMLEVELS ORDER LABEL;
10926  title9 ' ';
10927  title10 "%sysfunc(sasmsg(sashelp.dmine, rpt_modelEvent_title  , NOQUOTE))";
10928  run;

NOTE: There were 1 observations read from the data set WORK.NEURAL_EVENT.
NOTE: The PROCEDURE PRINT printed page 2.
NOTE: PROCEDURE PRINT used (Total process time):
      real time           0.00 seconds
      cpu time            0.00 seconds
      

10929  title10;

"No decisions defined for target "Attrition"." 
10930  proc print data = EMWS5.AutoNeural_Attrition_DM noobs label;
10931  var _type_ variable label;
10932  where _type_ ^in('MATRIX', 'DECISION', 'TRAINPRIOR', 'DATAPRIOR', 'DECPRIOR');
10933  label _TYPE_ = "%sysfunc(sasmsg(sashelp.dmine, rpt_type_vlabel,     NOQUOTE))" VARIABLE = "%sysfunc(sasmsg(sashelp.dmine, rpt_variable_vlabel, NOQUOTE))" LABEL = "%sysfunc(sasmsg(sashelp.dmine, meta_label_vlabel, NOQUOTE))";
10934  title9 ' ';
10935  title10 "%sysfunc(sasmsg(sashelp.dmine, rpt_predDecVars_title  , NOQUOTE))";
10936  run;

NOTE: There were 7 observations read from the data set EMWS5.AUTONEURAL_ATTRITION_DM.
      WHERE _type_ not in ('DATAPRIOR', 'DECISION', 'DECPRIOR', 'MATRIX', 'TRAINPRIOR');
NOTE: The PROCEDURE PRINT printed page 3.
NOTE: PROCEDURE PRINT used (Total process time):
      real time           0.00 seconds
      cpu time            0.01 seconds
      

10937  title10;

10947  data WORK.M3B8LM28;
10948  set WORK.M3B8LM28 end=eof;
10949  output;
10950  if eof then do;
10951  NAME="";
10952  ROLE="COST";
10953  LEVEL="INTERVAL";
10954  TYPE="N";
10955  output;
10956  end;
10957  run;

NOTE: There were 32 observations read from the data set WORK.M3B8LM28.
NOTE: The data set WORK.M3B8LM28 has 33 observations and 22 variables.
NOTE: DATA statement used (Total process time):
      real time           0.00 seconds
      cpu time            0.00 seconds
      

NOTE: There were 2 observations read from the data set EMWS5.AUTONEURAL_ATTRITION_DD.
NOTE: The data set WORK.ATTRITION has 2 observations and 7 variables.
NOTE: There were 2 observations read from the data set EMWS5.AUTONEURAL_ATTRITION_DD.
NOTE: The data set WORK.ATTRITION has 2 observations and 7 variables.
10958  *------------------------------------------------------------*;
10959  * Neural: Create decision matrix;
10960  *------------------------------------------------------------*;
10961  data WORK.Attrition(label="Attrition");
10962    length   Attrition                        $  32
10963             COUNT                                8
10964             DATAPRIOR                            8
10965             TRAINPRIOR                           8
10966             DECPRIOR                             8
10967             DECISION1                            8
10968             DECISION2                            8
10969             ;
10970  
10971    label    COUNT="Level Counts"
10972             DATAPRIOR="Data Proportions"
10973             TRAINPRIOR="Training Proportions"
10974             DECPRIOR="Decision Priors"
10975             DECISION1="1"
10976             DECISION2="0"
10977             ;
10978  Attrition="1"; COUNT=128; DATAPRIOR=0.16182048040455; TRAINPRIOR=0.16182048040455; DECPRIOR=.; DECISION1=1; DECISION2=0;
10979  output;
10980  Attrition="0"; COUNT=663; DATAPRIOR=0.83817951959544; TRAINPRIOR=0.83817951959544; DECPRIOR=.; DECISION1=0; DECISION2=1;
10981  output;
10982  ;
10983  run;

NOTE: The data set WORK.ATTRITION has 2 observations and 7 variables.
NOTE: DATA statement used (Total process time):
      real time           0.00 seconds
      cpu time            0.01 seconds
      

10984  proc datasets lib=work nolist;
10985  modify Attrition(type=PROFIT label=Attrition);
10986  label DECISION1= '1';
10987  label DECISION2= '0';
10988  run;

NOTE: MODIFY was successful for WORK.ATTRITION.DATA.
10989  quit;

NOTE: PROCEDURE DATASETS used (Total process time):
      real time           0.00 seconds
      cpu time            0.00 seconds
      

10990  data EM_Neural;
10991  set EMWS5.AutoNeural_TRAIN(keep=
10992  Age Attrition BusinessTravel DailyRate Department DistanceFromHome Education
10993  EducationFiled EmployeeNumber EnvironmentSatisfaction Gender HourlyRate
10994  JobInvolvement JobLevel JobRole JobSatisfaction MartialStatus MonthlyIncome
10995  MonthlyRate NumCompaniesWorked OverTime PercentSalaryHike PerformanceRating
10996  RelationshipSatisfaction StockOptionLevel TotalWorkingYears
10997  TrainingTimesLastYear WorkLifeBalance YearsAtCompany YearsInCurrentRole
10998  YearsSinceLastPromotion YearsWithCurrManager );
10999  run;

NOTE: View EMWS5.AUTONEURAL_TRAIN.VIEW used (Total process time):
      real time           0.02 seconds
      cpu time            0.03 seconds
      
NOTE: There were 791 observations read from the data set EMWS5.PART_TRAIN.
NOTE: There were 791 observations read from the data set EMWS5.AUTONEURAL_TRAIN.
NOTE: The data set WORK.EM_NEURAL has 791 observations and 32 variables.
NOTE: DATA statement used (Total process time):
      real time           0.03 seconds
      cpu time            0.04 seconds
      

11000  *------------------------------------------------------------* ;
11001  * Neural: DMDBClass Macro ;
11002  *------------------------------------------------------------* ;
11003  %macro DMDBClass;
11004      Attrition(DESC)
11005  %mend DMDBClass;
11006  *------------------------------------------------------------* ;
11007  * Neural: DMDBVar Macro ;
11008  *------------------------------------------------------------* ;
11009  %macro DMDBVar;
11010      Age BusinessTravel DailyRate Department DistanceFromHome Education
11011     EducationFiled EmployeeNumber EnvironmentSatisfaction Gender HourlyRate
11012     JobInvolvement JobLevel JobRole JobSatisfaction MartialStatus MonthlyIncome
11013     MonthlyRate NumCompaniesWorked OverTime PercentSalaryHike PerformanceRating
11014     RelationshipSatisfaction StockOptionLevel TotalWorkingYears
11015     TrainingTimesLastYear WorkLifeBalance YearsAtCompany YearsInCurrentRole
11016     YearsSinceLastPromotion YearsWithCurrManager
11017  %mend DMDBVar;
11018  *------------------------------------------------------------*;
11019  * Neural: Create DMDB;
11020  *------------------------------------------------------------*;
11021  proc dmdb batch data=WORK.EM_Neural
11022  dmdbcat=WORK.Neural_DMDB
11023  maxlevel = 513
11024  ;
11025  class %DMDBClass;
11026  var %DMDBVar;
11027  target
11028  Attrition
11029  ;
11030  run;

NOTE: Records processed = 791   Memory used = 511K.
NOTE: There were 791 observations read from the data set WORK.EM_NEURAL.
NOTE: PROCEDURE DMDB used (Total process time):
      real time           0.00 seconds
      cpu time            0.00 seconds
      

11031  quit;
11032  *--- end code ---*;

11033  *------------------------------------------------------------* ;
11034  * Neural: Interval Input Variables Macro ;
11035  *------------------------------------------------------------* ;
11036  %macro INTINPUTS;
11037      Age BusinessTravel DailyRate Department DistanceFromHome Education
11038     EducationFiled EmployeeNumber EnvironmentSatisfaction Gender HourlyRate
11039     JobInvolvement JobLevel JobRole JobSatisfaction MartialStatus MonthlyIncome
11040     MonthlyRate NumCompaniesWorked OverTime PercentSalaryHike PerformanceRating
11041     RelationshipSatisfaction StockOptionLevel TotalWorkingYears
11042     TrainingTimesLastYear WorkLifeBalance YearsAtCompany YearsInCurrentRole
11043     YearsSinceLastPromotion YearsWithCurrManager
11044  %mend INTINPUTS;
11045  *------------------------------------------------------------* ;
11046  * Neural: Binary Inputs Macro ;
11047  *------------------------------------------------------------* ;
11048  %macro BININPUTS;
11049  
11050  %mend BININPUTS;
11051  *------------------------------------------------------------* ;
11052  * Neural: Nominal Inputs Macro ;
11053  *------------------------------------------------------------* ;
11054  %macro NOMINPUTS;
11055  
11056  %mend NOMINPUTS;
11057  *------------------------------------------------------------* ;
11058  * Neural: Ordinal Inputs Macro ;
11059  *------------------------------------------------------------* ;
11060  %macro ORDINPUTS;
11061  
11062  %mend ORDINPUTS;
11063  *------------------------------------------------------------*;
11064  * Neural Network Training;
11065  ;
11066  *------------------------------------------------------------*;
11067  proc neural data=EM_Neural dmdbcat=WORK.Neural_DMDB
11068  validdata = EMWS5.AutoNeural_VALIDATE
11069  random=12345
11070  ;
11071  nloptions
11072  ;
11073  performance alldetails noutilfile;
11074  netopts
11075  decay=0;
11076  input %INTINPUTS / level=interval id=intvl
11077  ;
11078  target Attrition / level=NOMINAL id=Attrition
11079  bias
11080  ;
11081  arch MLP
11082  Hidden=3
11083  ;
11084  Prelim 5 preiter=10
11085  pretime=3600
11086  Outest=EMWS5.Neural_PRELIM_OUTEST
11087  ;
NOTE:  Synchronizing the objectives and the Solution.
NOTE: LEVMAR Optimization cannot be completed.
NOTE: LEVMAR needs more than 10 iterations or 2147483647 function calls.
NOTE: LEVMAR Optimization cannot be completed.
NOTE: LEVMAR needs more than 10 iterations or 2147483647 function calls.
NOTE: LEVMAR Optimization cannot be completed.
NOTE: LEVMAR needs more than 10 iterations or 2147483647 function calls.
NOTE: LEVMAR Optimization cannot be completed.
NOTE: LEVMAR needs more than 10 iterations or 2147483647 function calls.
NOTE: LEVMAR Optimization cannot be completed.
NOTE: LEVMAR needs more than 10 iterations or 2147483647 function calls.
NOTE: The data set EMWS5.NEURAL_PRELIM_OUTEST has 11 observations and 115 variables.
11088  save network=EMWS5.Neural_NETWORK.dm_neural;
NOTE: Entry EMWS5.NEURAL_NETWORK.DM_NEURAL has been opened.
NOTE: Entry EMWS5.NEURAL_NETWORK.DM_NEURAL has been closed.
11089  train Maxiter=50
11090  maxtime=14400
11091  Outest=EMWS5.Neural_outest estiter=1
11092  Outfit=EMWS5.Neural_OUTFIT
11093  ;
WARNING: LEVMAR Optimization cannot be completed.
NOTE: LEVMAR needs more than 50 iterations or 2147483647 function calls.
NOTE: The data set EMWS5.NEURAL_OUTEST has 153 observations and 115 variables.
NOTE: The data set EMWS5.NEURAL_OUTFIT has 104 observations and 36 variables.
11094  run;

NOTE: The data set WORK.EM_NEURAL has 791 observations and 32 variables.
NOTE: The data set EMWS5.AUTONEURAL_VALIDATE has . observations and 44 variables.
NOTE: View EMWS5.AUTONEURAL_VALIDATE.VIEW used (Total process time):
      real time           1.53 seconds
      cpu time            1.51 seconds
      
NOTE: There were 339 observations read from the data set EMWS5.PART_VALIDATE.
NOTE: Closing the Neural Application.
NOTE: The PROCEDURE NEURAL printed pages 4-7.
NOTE: PROCEDURE NEURAL used (Total process time):
      real time           1.54 seconds
      cpu time            1.53 seconds
      

11095  quit;

11096  proc sort data=EMWS5.Neural_OUTFIT(where=(_iter_ ne . and _NAME_="OVERALL")) out=fit_Neural;
11097  by _VAVERR_;
11098  run;

NOTE: There were 52 observations read from the data set EMWS5.NEURAL_OUTFIT.
      WHERE (_iter_ not = .) and (_NAME_='OVERALL');
NOTE: The data set WORK.FIT_NEURAL has 52 observations and 36 variables.
NOTE: PROCEDURE SORT used (Total process time):
      real time           0.00 seconds
      cpu time            0.00 seconds
      

11099  %GLOBAL ITER;
11100  data _null_;
11101  set fit_Neural(obs=1);
11102  call symput('ITER',put(_ITER_, 6.));
11103  run;

NOTE: There were 1 observations read from the data set WORK.FIT_NEURAL.
NOTE: DATA statement used (Total process time):
      real time           0.00 seconds
      cpu time            0.00 seconds
      

11104  data EMWS5.Neural_INITIAL;
11105  set EMWS5.Neural_outest(where=(_ITER_ eq &ITER and _OBJ_ ne .));
11106  run;

NOTE: There were 1 observations read from the data set EMWS5.NEURAL_OUTEST.
      WHERE (_ITER_=1) and (_OBJ_ not = .);
NOTE: The data set EMWS5.NEURAL_INITIAL has 1 observations and 115 variables.
NOTE: DATA statement used (Total process time):
      real time           0.00 seconds
      cpu time            0.00 seconds
      

11107  *------------------------------------------------------------*;
11108  * Neural Network Model Selection;
11109  ;
11110  *------------------------------------------------------------*;
11111  proc neural data=EM_Neural dmdbcat=WORK.Neural_DMDB
11112  validdata = EMWS5.AutoNeural_VALIDATE
11113  network = EMWS5.Neural_NETWORK.dm_neural
11114  random=12345
11115  ;
NOTE: Entry EMWS5.NEURAL_NETWORK.DM_NEURAL has been opened.
NOTE: Entry EMWS5.NEURAL_NETWORK.DM_NEURAL has been closed.
11116  nloptions noprint;
11117  performance alldetails noutilfile;
11118  initial inest=EMWS5.Neural_INITIAL;
NOTE: The data set EMWS5.NEURAL_INITIAL has 1 observations and 115 variables.
11119  train tech=NONE;
NOTE: No optimization performed.
11120  code file="F:\WQD7005\MalaysiaStockPrediction-master\SAS\Mildstone5\Milestone5-Insight\Workspaces\EMWS5\Neural\SCORECODE.sas"
11121  group=Neural
11122  ;
NOTE: External file F:\WQD7005\MalaysiaStockPrediction-master\SAS\Mildstone5\Milestone5-Insight\Workspaces\EMWS5\Neural\SCORECODE.sas opened.
11123  ;
11124  code file="F:\WQD7005\MalaysiaStockPrediction-master\SAS\Mildstone5\Milestone5-Insight\Workspaces\EMWS5\Neural\RESIDUALSCORECODE.sas"
11125  group=Neural
11126  residual
11127  ;
NOTE: External file F:\WQD7005\MalaysiaStockPrediction-master\SAS\Mildstone5\Milestone5-Insight\Workspaces\EMWS5\Neural\RESIDUALSCORECODE.sas opened.
11128  ;
11129  score data=EMWS5.AutoNeural_TRAIN out=_NULL_
NOTE: View EMWS5.AUTONEURAL_TRAIN.VIEW used (Total process time):
      real time           0.03 seconds
      cpu time            0.03 seconds
      
11130  outfit=WORK.FIT1
11131  role=TRAIN
11132  outkey=EMWS5.Neural_OUTKEY;
NOTE: The data set EMWS5.NEURAL_OUTKEY has 46 observations and 8 variables.
NOTE: The data set EMWS5.AUTONEURAL_TRAIN has . observations and 44 variables.
NOTE: There were 791 observations read from the data set EMWS5.PART_TRAIN.
NOTE: The data set WORK.FIT1 has 2 observations and 23 variables.
11133  score data=EMWS5.AutoNeural_VALIDATE out=_NULL_
NOTE: View EMWS5.AUTONEURAL_VALIDATE.VIEW used (Total process time):
      real time           0.03 seconds
      cpu time            0.03 seconds
      
11134  outfit=WORK.FIT2
11135  role=VALID
11136  outkey=EMWS5.Neural_OUTKEY;
NOTE: The data set EMWS5.NEURAL_OUTKEY has 46 observations and 8 variables.
NOTE: The data set EMWS5.AUTONEURAL_VALIDATE has . observations and 44 variables.
NOTE: There were 339 observations read from the data set EMWS5.PART_VALIDATE.
NOTE: The data set WORK.FIT2 has 2 observations and 15 variables.
11137  score data=EMWS5.AutoNeural_TEST out=_NULL_
NOTE: View EMWS5.AUTONEURAL_TEST.VIEW used (Total process time):
      real time           0.03 seconds
      cpu time            0.03 seconds
      
11138  outfit=WORK.FIT3
11139  role=TEST
11140  outkey=EMWS5.Neural_OUTKEY;
NOTE: The data set EMWS5.NEURAL_OUTKEY has 46 observations and 8 variables.
NOTE: The data set EMWS5.AUTONEURAL_TEST has . observations and 44 variables.
NOTE: There were 340 observations read from the data set EMWS5.PART_TEST.
NOTE: The data set WORK.FIT3 has 2 observations and 17 variables.
11141  run;

NOTE: The data set WORK.EM_NEURAL has 791 observations and 32 variables.
NOTE: The data set EMWS5.AUTONEURAL_VALIDATE has . observations and 44 variables.
NOTE: View EMWS5.AUTONEURAL_VALIDATE.VIEW used (Total process time):
      real time           0.19 seconds
      cpu time            0.20 seconds
      
NOTE: There were 339 observations read from the data set EMWS5.PART_VALIDATE.
NOTE: Closing the Neural Application.
NOTE: PROCEDURE NEURAL used (Total process time):
      real time           0.20 seconds
      cpu time            0.20 seconds
      

11142  quit;
11143  data EMWS5.Neural_OUTFIT;
11144  merge WORK.FIT1 WORK.FIT2 WORK.FIT3;
11145  run;

NOTE: There were 2 observations read from the data set WORK.FIT1.
NOTE: There were 2 observations read from the data set WORK.FIT2.
NOTE: There were 2 observations read from the data set WORK.FIT3.
NOTE: The data set EMWS5.NEURAL_OUTFIT has 2 observations and 51 variables.
NOTE: DATA statement used (Total process time):
      real time           0.00 seconds
      cpu time            0.01 seconds
      

11146  data EMWS5.Neural_EMESTIMATE;
11147  set EMWS5.Neural_outest;
11148  if _type_ ^in('HESSIAN' 'GRAD');
11149  run;

NOTE: There were 153 observations read from the data set EMWS5.NEURAL_OUTEST.
NOTE: The data set EMWS5.NEURAL_EMESTIMATE has 52 observations and 115 variables.
NOTE: DATA statement used (Total process time):
      real time           0.00 seconds
      cpu time            0.00 seconds
      

11150  proc datasets lib=work nolist;
11151  delete EM_Neural;
11152  run;

NOTE: Deleting WORK.EM_NEURAL (memtype=DATA).
11153  quit;

NOTE: PROCEDURE DATASETS used (Total process time):
      real time           0.00 seconds
      cpu time            0.01 seconds
      

11154  data EMWS5.Neural_PLOTDS(where=(_iter_ ne . and _NAME_="OVERALL"));
11155  set fit_Neural;
11156  attrib _ITER_ label="%sysfunc(sasmsg(sashelp.dmine, rpt_trainiterations_vlabel  , NOQUOTE))";
11157  attrib _NAME_ label="%sysfunc(sasmsg(sashelp.dmine, rpt_varsel_label_name  , NOQUOTE))";
11158  run;

NOTE: There were 52 observations read from the data set WORK.FIT_NEURAL.
NOTE: The data set EMWS5.NEURAL_PLOTDS has 52 observations and 36 variables.
NOTE: DATA statement used (Total process time):
      real time           0.00 seconds
      cpu time            0.00 seconds
      

11159  proc sort data=EMWS5.Neural_PLOTDS;
11160  by _ITER_;
11161  run;

NOTE: There were 52 observations read from the data set EMWS5.NEURAL_PLOTDS.
NOTE: The data set EMWS5.NEURAL_PLOTDS has 52 observations and 36 variables.
NOTE: PROCEDURE SORT used (Total process time):
      real time           0.00 seconds
      cpu time            0.00 seconds
      

11162  data tempweight (drop= _tech_ _decay_ _seed_ _nobj_ _obj_ _objerr_ _averr_ _p_num_ where=(_type_ eq "PARMS" and _iter_ eq 1) );
11163  set EMWS5.Neural_EMESTIMATE;
11164  run;

NOTE: There were 52 observations read from the data set EMWS5.NEURAL_EMESTIMATE.
NOTE: The data set WORK.TEMPWEIGHT has 1 observations and 107 variables.
NOTE: DATA statement used (Total process time):
      real time           0.00 seconds
      cpu time            0.01 seconds
      

11165  proc sort;
11166  by _name_;
11167  run;

NOTE: There were 1 observations read from the data set WORK.TEMPWEIGHT.
NOTE: The data set WORK.TEMPWEIGHT has 1 observations and 107 variables.
NOTE: PROCEDURE SORT used (Total process time):
      real time           0.00 seconds
      cpu time            0.00 seconds
      

11168  proc transpose data=tempweight out=EMWS5.Neural_WEIGHTDS;
11169  by _name_;
11170  run;

NOTE: There were 1 observations read from the data set WORK.TEMPWEIGHT.
NOTE: The data set EMWS5.NEURAL_WEIGHTDS has 105 observations and 3 variables.
NOTE: PROCEDURE TRANSPOSE used (Total process time):
      real time           0.00 seconds
      cpu time            0.00 seconds
      

11171  data EMWS5.Neural_WEIGHTDS;
11172  set EMWS5.Neural_WEIGHTDS;
11173  FROM = trim(left(scan(_LABEL_, 1, '->')));
11174  TO = trim(left(scan(_LABEL_, 2, '>')));
11175  WEIGHT = COL1;
11176  if (TO eq '') or (FROM eq '') then delete;
11177  label _LABEL_ ="%sysfunc(sasmsg(sashelp.dmine, meta_label_vlabel  , NOQUOTE))" FROM = "%sysfunc(sasmsg(sashelp.dmine, rpt_from_vlabel  , NOQUOTE))" TO = "%sysfunc(sasmsg(sashelp.dmine, rpt_into_vlabel  , NOQUOTE))" WEIGHT =
11178     "%sysfunc(sasmsg(sashelp.dmine, rpt_weight_vlabel  , NOQUOTE))";
11179  keep FROM TO WEIGHT _LABEL_;
11180  run;

NOTE: There were 105 observations read from the data set EMWS5.NEURAL_WEIGHTDS.
NOTE: The data set EMWS5.NEURAL_WEIGHTDS has 100 observations and 4 variables.
NOTE: DATA statement used (Total process time):
      real time           0.01 seconds
      cpu time            0.01 seconds
      

11181  proc sort data=EMWS5.Neural_WEIGHTDS nodupkey;
11182  by _LABEL_;
11183  run;

NOTE: There were 100 observations read from the data set EMWS5.NEURAL_WEIGHTDS.
NOTE: 0 observations with duplicate key values were deleted.
NOTE: The data set EMWS5.NEURAL_WEIGHTDS has 100 observations and 4 variables.
NOTE: PROCEDURE SORT used (Total process time):
      real time           0.00 seconds
      cpu time            0.01 seconds
      

