*------------------------------------------------------------*
* Score Log
Date:                December 16, 2019
Time:                12:32:24
*------------------------------------------------------------*
11454  *------------------------------------------------------------*;
11455  * Stat5: Scoring DATA data;
11456  *------------------------------------------------------------*;
11457  data EMWS2.Stat5_TRAIN
11458  / view=EMWS2.Stat5_TRAIN
11459  ;
11460  set EMWS2.Repl_TRAIN
11461  ;
11462  run;

NOTE: DATA STEP view saved on file EMWS2.STAT5_TRAIN.
NOTE: A stored DATA STEP view cannot run under a different operating system.
NOTE: View EMWS2.REPL_TRAIN.VIEW used (Total process time):
      real time           0.05 seconds
      cpu time            0.04 seconds
      
NOTE: DATA statement used (Total process time):
      real time           0.06 seconds
      cpu time            0.06 seconds
      

11463  quit;

11464  *------------------------------------------------------------*;
11465  * Stat5: Computing metadata for TRAIN data;
11466  *------------------------------------------------------------*;

NOTE: View EMWS2.STAT5_TRAIN.VIEW used (Total process time):
      real time           0.07 seconds
      cpu time            0.07 seconds
      
NOTE: View EMWS2.STAT5_TRAIN.VIEW used (Total process time):
      real time           0.07 seconds
      cpu time            0.07 seconds
      
