*------------------------------------------------------------*
* Training Log
Date:                December 16, 2019
Time:                12:32:23
*------------------------------------------------------------*
10869  proc freq data=EMWS2.Stat5_VariableSet noprint;
10870  table ROLE*LEVEL/out=WORK.Stat5META;
10871  run;

NOTE: There were 12 observations read from the data set EMWS2.STAT5_VARIABLESET.
NOTE: The data set WORK.STAT5META has 4 observations and 4 variables.
NOTE: PROCEDURE FREQ used (Total process time):
      real time           0.01 seconds
      cpu time            0.01 seconds
      

10872  proc print data=WORK.Stat5META label noobs;
10873  var ROLE LEVEL COUNT;
10874  label ROLE = "%sysfunc(sasmsg(sashelp.dmine, meta_role_vlabel, NOQUOTE))" LEVEL = "%sysfunc(sasmsg(sashelp.dmine, meta_level_vlabel, NOQUOTE))" COUNT = "%sysfunc(sasmsg(sashelp.dmine, rpt_count_vlabel, NOQUOTE))";
10875  title9 ' ';
10876  title10 "%sysfunc(sasmsg(sashelp.dmine, rpt_varSummary_title  , NOQUOTE))";
10877  run;

NOTE: There were 4 observations read from the data set WORK.STAT5META.
NOTE: The PROCEDURE PRINT printed page 1.
NOTE: PROCEDURE PRINT used (Total process time):
      real time           0.00 seconds
      cpu time            0.01 seconds
      

10878  title10;

10879  data WORK.M2JCIXGE;
10880  set WORK.M2JCIXGE;
10881  where((role in('TARGET' 'FREQ' 'INPUT') and use in('D','Y')) or (role = 'REJECTED' and use = 'Y'));
10882  if ROLE = 'REJECTED' then role = 'INPUT';
10883  run;

NOTE: There were 7 observations read from the data set WORK.M2JCIXGE.
      WHERE (role in ('FREQ', 'INPUT', 'TARGET') and use in ('D', 'Y')) or ((role='REJECTED') and (use='Y'));
NOTE: The data set WORK.M2JCIXGE has 7 observations and 21 variables.
NOTE: DATA statement used (Total process time):
      real time           0.00 seconds
      cpu time            0.01 seconds
      

10884  *------------------------------------------------------------*;
10885  * Stat5: Determining Analysis Variables;
10886  *------------------------------------------------------------*;
10887  *------------------------------------------------------------*;
10888  * Stat5: Creating Macros for Variable Selection;
10889  *------------------------------------------------------------*;
10890  *------------------------------------------------------------* ;
10891  * Stat5: Interval Input Variables Macro ;
10892  *------------------------------------------------------------* ;
10893  %macro INTINPUTS;
10894      REP_gasprice REP_goldprice REP_newspolarity REP_oilprice REP_silverprice
10895  %mend INTINPUTS;
10896  *------------------------------------------------------------*;
10897  * Stat5: Creating Macros for Variable Selection;
10898  *------------------------------------------------------------*;
10899  *------------------------------------------------------------* ;
10900  * Stat5: Binary and Nominal Input Variables Macro ;
10901  *------------------------------------------------------------* ;
10902  %macro NOMINPUTS;
10903      polarity_cat
10904  %mend NOMINPUTS;
10905  *------------------------------------------------------------*;
10906  * Stat5: Creating Macros for Variable Selection;
10907  *------------------------------------------------------------*;
10908  *------------------------------------------------------------* ;
10909  * Stat5: Ordinal Input Variables Macro ;
10910  *------------------------------------------------------------* ;
10911  %macro ORDINPUTS;
10912  
10913  %mend ORDINPUTS;
10914  data work.EM_Stat5_tree / view=work.EM_Stat5_tree;
10915  set EMWS2.Repl_TRAIN(obs=100000 keep=%INTINPUTS %ORDINPUTS %NOMINPUTS stockprice);
10916  run;

NOTE: DATA STEP view saved on file WORK.EM_STAT5_TREE.
NOTE: A stored DATA STEP view cannot run under a different operating system.
NOTE: View EMWS2.REPL_TRAIN.VIEW used (Total process time):
      real time           0.05 seconds
      cpu time            0.04 seconds
      
NOTE: DATA statement used (Total process time):
      real time           0.06 seconds
      cpu time            0.06 seconds
      

10917  proc arbor data=EMWS2.Repl_TRAIN(obs=100000 keep=%INTINPUTS %ORDINPUTS %NOMINPUTS stockprice) Criterion=VARIANCE Leafsize=5 Mincatsize = 5 Maxbranch=5 Maxdepth=1 Padjust= NONE NORULELIMIT MAXRULES=6 MAXSURRS=0 Missing=USEINSEARCH Exhaustive=5000;
WARNING: PADJUST and PVAR options are ignored with this splitting criterion.
10918  input %INTINPUTS / level = interval;
10919  input %NOMINPUTS / level=nominal;
10920  target stockprice / level=INTERVAL;
10921  Performance Disk NodeSize=10000;
10922  Assess NoValidata measure=ASE;
NOTE: 1552728 kilobytes of physical memory.
NOTE: Will use 28 out of 28 training cases.
NOTE: Using memory pool with 19884032 bytes.
NOTE: Passed training data 2 times.
NOTE: Training used 14400 bytes of work memory.
NOTE: The subtree sequence contains 2 subtrees. The largest has 4 nodes and 3 leaves.
NOTE: Using subtree with 4 nodes and 3 leaves.
10923  SUBTREE BEST;
NOTE: Using subtree with 4 nodes and 3 leaves.
10924  save RULES=WORK.Stat5_RULE;
NOTE: The data set WORK.STAT5_RULE has 42 observations and 6 variables.
10925  run;

10926  quit;

NOTE: There were 28 observations read from the data set FINALIB.AIRASIA_CSV.
NOTE: View EMWS2.REPL_TRAIN.VIEW used (Total process time):
      real time           0.13 seconds
      cpu time            0.12 seconds
      
NOTE: There were 28 observations read from the data set EMWS2.IDS5_DATA.
NOTE: There were 28 observations read from the data set EMWS2.REPL_TRAIN.
NOTE: PROCEDURE ARBOR used (Total process time):
      real time           0.15 seconds
      cpu time            0.14 seconds
      

10927  data WORK.Stat5_RULE(keep=Target Name Rank Numeric_Value StatVar rename=(numeric_value=Worth));
10928  label Target = "%sysfunc(sasmsg(sashelp.dmine, rpt_target_vlabel,      NOQUOTE))" Name = "%sysfunc(sasmsg(sashelp.dmine, rpt_variable_vlabel,    NOQUOTE))" Rank = "%sysfunc(sasmsg(sashelp.dmine, rpt_importance_vlabel,  NOQUOTE))" Numeric_Value =
10929     "%sysfunc(sasmsg(sashelp.dmine, rpt_worth_vlabel,       NOQUOTE))" StatVar = "%sysfunc(sasmsg(sashelp.dmine, rpt_analysisVar_vlabel, NOQUOTE))";
10930  length Target $32 Name $32;
10931  retain TARGET "stockprice" Name;
10932  format STATVAR 6.0;
10933  set WORK.Stat5_RULE;
10934  where stat in('VARIABLE','WORTH');
10935  if stat = 'VARIABLE' then Name = character_value;
10936  else do;
10937  if _N_<= 2*1000 then STATVAR=1;
10938  else STATVAR=0;
10939  output;
10940  end;
10941  run;

NOTE: There were 12 observations read from the data set WORK.STAT5_RULE.
      WHERE stat in ('VARIABLE', 'WORTH');
NOTE: The data set WORK.STAT5_RULE has 6 observations and 5 variables.
NOTE: DATA statement used (Total process time):
      real time           0.01 seconds
      cpu time            0.01 seconds
      

10942  proc append base=EMWS2.Stat5_WORTH data=WORK.Stat5_RULE force;
10943  run;

NOTE: Appending WORK.STAT5_RULE to EMWS2.STAT5_WORTH.
NOTE: BASE data set does not exist. DATA file is being copied to BASE file.
NOTE: There were 6 observations read from the data set WORK.STAT5_RULE.
NOTE: The data set EMWS2.STAT5_WORTH has 6 observations and 5 variables.
NOTE: PROCEDURE APPEND used (Total process time):
      real time           0.00 seconds
      cpu time            0.00 seconds
      

10944  proc sort data=EMWS2.Stat5_WORTH nodupkey out=WORK.Stat5_SELVAR(keep=Name StatVar);
10945  by NAME;
10946  where statvar=1;
10947  run;

NOTE: There were 6 observations read from the data set EMWS2.STAT5_WORTH.
      WHERE statvar=1;
NOTE: 0 observations with duplicate key values were deleted.
NOTE: The data set WORK.STAT5_SELVAR has 6 observations and 2 variables.
NOTE: PROCEDURE SORT used (Total process time):
      real time           0.00 seconds
      cpu time            0.00 seconds
      

10948  proc sort data=EMWS2.Stat5_WORTH;
10949  by Rank;
10950  where statvar=1;
10951  run;

NOTE: There were 6 observations read from the data set EMWS2.STAT5_WORTH.
      WHERE statvar=1;
NOTE: The data set EMWS2.STAT5_WORTH has 6 observations and 5 variables.
NOTE: PROCEDURE SORT used (Total process time):
      real time           0.00 seconds
      cpu time            0.00 seconds
      

10952  proc sort data=WORK.M16RWBUW;
10953  by name;
10954  run;

NOTE: There were 12 observations read from the data set WORK.M16RWBUW.
NOTE: The data set WORK.M16RWBUW has 12 observations and 21 variables.
NOTE: PROCEDURE SORT used (Total process time):
      real time           0.00 seconds
      cpu time            0.00 seconds
      

10955  data WORK.Stat5_analysisMeta;
10956  merge WORK.M16RWBUW WORK.Stat5_SELVAR(in=_a);
10957  by name;
10958  if _a then STATVAR = 1;
10959  else if ROLE in('INPUT', 'REJECTED') and REPORT ne 'Y' then delete;
10960  if REPORT eq 'Y' then STATVAR = 1;
10961  run;

NOTE: There were 12 observations read from the data set WORK.M16RWBUW.
NOTE: There were 6 observations read from the data set WORK.STAT5_SELVAR.
NOTE: The data set WORK.STAT5_ANALYSISMETA has 7 observations and 22 variables.
NOTE: DATA statement used (Total process time):
      real time           0.00 seconds
      cpu time            0.01 seconds
      

10962  data WORK.M07CPEUV;
10963  set WORK.M07CPEUV;
10964  where(use = 'Y' or Report='Y' or (role in('TARGET' 'FREQ' 'PREDICT' 'RESIDUAL' 'INPUT') and use = 'D'));
10965  if ROLE = 'SEGMENT' then delete;
10966  else if ROLE ^in('FREQ','TARGET') then role = 'INPUT';
10967  run;

NOTE: There were 7 observations read from the data set WORK.M07CPEUV.
      WHERE (use='Y') or (Report='Y') or (role in ('FREQ', 'INPUT', 'PREDICT', 'RESIDUAL', 'TARGET') and (use='D'));
NOTE: The data set WORK.M07CPEUV has 7 observations and 22 variables.
NOTE: DATA statement used (Total process time):
      real time           0.00 seconds
      cpu time            0.00 seconds
      

10968  data WORK.M1NS_ZGK;
10969  set WORK.M1NS_ZGK;
10970  where(use = 'Y' or Report='Y' or (role in('SEGMENT', 'TARGET' 'FREQ' 'PREDICT' 'RESIDUAL' 'INPUT') and use = 'D'));
10971  if ROLE ne 'FREQ' then role = 'INPUT';
10972  run;

NOTE: There were 7 observations read from the data set WORK.M1NS_ZGK.
      WHERE (use='Y') or (Report='Y') or (role in ('FREQ', 'INPUT', 'PREDICT', 'RESIDUAL', 'SEGMENT', 'TARGET') and (use='D'));
NOTE: The data set WORK.M1NS_ZGK has 7 observations and 22 variables.
NOTE: DATA statement used (Total process time):
      real time           0.00 seconds
      cpu time            0.01 seconds
      

10973  *------------------------------------------------------------*;
10974  * Stat5: Computing Statistics for Interval Variables;
10975  *------------------------------------------------------------*;
10976  proc dmdb data=EMWS2.Repl_TRAIN(obs=100000) nonorm maxlevel=513
10977  varout=work._DMDBVAR(RENAME=(NAME=VARIABLE))
10978  classout=WORK.Stat5CLASS(drop=NMISSPERCENT rename=(NAME=VARIABLE FREQUENCY=COUNT FREQPERCENT=PERCENT))
10979  ;
10980  var
10981  REP_gasprice REP_goldprice REP_newspolarity REP_oilprice REP_silverprice
10982  stockprice
10983  ;
10984  class
10985  polarity_cat
10986  ;
10987  ;
10988  run;

NOTE: Records processed = 28   Memory used = 511K.
NOTE: There were 28 observations read from the data set FINALIB.AIRASIA_CSV.
NOTE: View EMWS2.REPL_TRAIN.VIEW used (Total process time):
      real time           0.05 seconds
      cpu time            0.06 seconds
      
NOTE: There were 28 observations read from the data set EMWS2.IDS5_DATA.
NOTE: There were 28 observations read from the data set EMWS2.REPL_TRAIN.
NOTE: The data set WORK._DMDBVAR has 6 observations and 9 variables.
NOTE: The data set WORK.STAT5CLASS has 3 observations and 8 variables.
NOTE: PROCEDURE DMDB used (Total process time):
      real time           0.07 seconds
      cpu time            0.07 seconds
      

10989  proc stdize data = EMWS2.Repl_TRAIN(obs=100000) out=_null_ outstat=work._STDIZE add=0 fuzz=1E-14 initial=MAD vardef=df method=STD mult=1 pctlmtd=ORD_STAT pctldef=2 pctlpts=(0 5 50 95 100);
10990  var
10991  REP_gasprice REP_goldprice REP_newspolarity REP_oilprice REP_silverprice
10992  stockprice
10993  ;
10994  run;

NOTE: INITIAL= will be ignored.
NOTE: There were 28 observations read from the data set FINALIB.AIRASIA_CSV.
NOTE: View EMWS2.REPL_TRAIN.VIEW used (Total process time):
      real time           0.09 seconds
      cpu time            0.09 seconds
      
NOTE: There were 28 observations read from the data set EMWS2.IDS5_DATA.
NOTE: There were 28 observations read from the data set EMWS2.REPL_TRAIN.
NOTE: The data set WORK._STDIZE has 13 observations and 7 variables.
NOTE: PROCEDURE STDIZE used (Total process time):
      real time           0.10 seconds
      cpu time            0.10 seconds
      

10995  proc transpose data=work._STDIZE out=work._TRANSSTDIZE(drop=_LABEL_ rename=(_NAME_=VARIABLE));
10996  id _type_;
10997  where _TYPE_='P50';
10998  run;

NOTE: There were 1 observations read from the data set WORK._STDIZE.
      WHERE _TYPE_='P50';
NOTE: The data set WORK._TRANSSTDIZE has 6 observations and 2 variables.
NOTE: PROCEDURE TRANSPOSE used (Total process time):
      real time           0.00 seconds
      cpu time            0.01 seconds
      

10999  proc sort data=work._TRANSSTDIZE;
11000  by VARIABLE;
11001  run;

NOTE: There were 6 observations read from the data set WORK._TRANSSTDIZE.
NOTE: The data set WORK._TRANSSTDIZE has 6 observations and 2 variables.
NOTE: PROCEDURE SORT used (Total process time):
      real time           0.00 seconds
      cpu time            0.00 seconds
      

11002  proc sort data=work._DMDBVAR;
11003  by VARIABLE;
11004  run;

NOTE: There were 6 observations read from the data set WORK._DMDBVAR.
NOTE: The data set WORK._DMDBVAR has 6 observations and 9 variables.
NOTE: PROCEDURE SORT used (Total process time):
      real time           0.00 seconds
      cpu time            0.00 seconds
      

11005  data WORK.Stat5INTERVAL;
11006  merge work._TRANSSTDIZE work._DMDBVAR;
11007  format N NMISS 8. MIN MAX P50 MEAN STD SKEWNESS KURTOSIS BEST8.3;
11008  by VARIABLE;
11009  run;

WARNING: Multiple lengths were specified for the BY variable VARIABLE by input data sets. This might cause unexpected results.
NOTE: There were 6 observations read from the data set WORK._TRANSSTDIZE.
NOTE: There were 6 observations read from the data set WORK._DMDBVAR.
NOTE: The data set WORK.STAT5INTERVAL has 6 observations and 10 variables.
NOTE: DATA statement used (Total process time):
      real time           0.00 seconds
      cpu time            0.00 seconds
      

11010  proc sort data=WORK.Stat5CLASS;
11011  by Variable Level;
11012  run;

NOTE: There were 3 observations read from the data set WORK.STAT5CLASS.
NOTE: The data set WORK.STAT5CLASS has 3 observations and 8 variables.
NOTE: PROCEDURE SORT used (Total process time):
      real time           0.00 seconds
      cpu time            0.00 seconds
      

NOTE: There were 13 observations read from the data set WORK._STDIZE.
NOTE: The data set EMWS2.STAT5_TRAINPCTLS has 13 observations and 7 variables.
11013  data colorindex;
11014  retain LevelIndex 0;
11015  set WORK.Stat5CLASS(keep=Variable Level);
11016  by variable level;
11017  if first.variable then LevelIndex = 0;
11018  if first.level then LevelIndex + 1;
11019  run;

NOTE: There were 3 observations read from the data set WORK.STAT5CLASS.
NOTE: The data set WORK.COLORINDEX has 3 observations and 3 variables.
NOTE: DATA statement used (Total process time):
      real time           0.00 seconds
      cpu time            0.00 seconds
      

11020  data WORK.Stat5CLASS;
11021  merge WORK.Stat5CLASS(in=_a) colorindex;
11022  by variable level;
11023  if _a then output;
11024  run;

NOTE: There were 3 observations read from the data set WORK.STAT5CLASS.
NOTE: There were 3 observations read from the data set WORK.COLORINDEX.
NOTE: The data set WORK.STAT5CLASS has 3 observations and 9 variables.
NOTE: DATA statement used (Total process time):
      real time           0.00 seconds
      cpu time            0.01 seconds
      

11025  data WORK.Stat5INTERVAL;
11026  length DATAROLE $20;
11027  retain DATAROLE "TRAIN";
11028  set WORK.Stat5INTERVAL;
11029  run;

NOTE: There were 6 observations read from the data set WORK.STAT5INTERVAL.
NOTE: The data set WORK.STAT5INTERVAL has 6 observations and 11 variables.
NOTE: DATA statement used (Total process time):
      real time           0.00 seconds
      cpu time            0.00 seconds
      

11030  proc append base=EMWS2.Stat5_INTERVAL data=WORK.Stat5INTERVAL force;
11031  run;

NOTE: Appending WORK.STAT5INTERVAL to EMWS2.STAT5_INTERVAL.
NOTE: BASE data set does not exist. DATA file is being copied to BASE file.
NOTE: There were 6 observations read from the data set WORK.STAT5INTERVAL.
NOTE: The data set EMWS2.STAT5_INTERVAL has 6 observations and 11 variables.
NOTE: PROCEDURE APPEND used (Total process time):
      real time           0.00 seconds
      cpu time            0.00 seconds
      

11032  data WORK.Stat5CLASS;
11033  length DATAROLE $20;
11034  retain DATAROLE "TRAIN";
11035  set WORK.Stat5CLASS;
11036  run;

NOTE: There were 3 observations read from the data set WORK.STAT5CLASS.
NOTE: The data set WORK.STAT5CLASS has 3 observations and 10 variables.
NOTE: DATA statement used (Total process time):
      real time           0.00 seconds
      cpu time            0.00 seconds
      

11037  proc append base=EMWS2.Stat5_CLASS data=WORK.Stat5CLASS force;
11038  run;

NOTE: Appending WORK.STAT5CLASS to EMWS2.STAT5_CLASS.
NOTE: BASE data set does not exist. DATA file is being copied to BASE file.
NOTE: There were 3 observations read from the data set WORK.STAT5CLASS.
NOTE: The data set EMWS2.STAT5_CLASS has 3 observations and 10 variables.
NOTE: PROCEDURE APPEND used (Total process time):
      real time           0.00 seconds
      cpu time            0.00 seconds
      

11039  proc sort data=EMWS2.Stat5_VariableSet out=tempVariable(keep=name label role rename=(name=variable));
11040  by name;
11041  run;

NOTE: There were 12 observations read from the data set EMWS2.STAT5_VARIABLESET.
NOTE: The data set WORK.TEMPVARIABLE has 12 observations and 3 variables.
NOTE: PROCEDURE SORT used (Total process time):
      real time           0.00 seconds
      cpu time            0.01 seconds
      

11042  proc sort data=EMWS2.Stat5_CLASS;
11043  by Variable;
11044  run;

NOTE: There were 3 observations read from the data set EMWS2.STAT5_CLASS.
NOTE: The data set EMWS2.STAT5_CLASS has 3 observations and 10 variables.
NOTE: PROCEDURE SORT used (Total process time):
      real time           0.00 seconds
      cpu time            0.00 seconds
      

11045  data EMWS2.Stat5_CLASS;
11046  merge EMWS2.Stat5_CLASS(in=_a) tempVariable;
11047  by variable;
11048  if label = '' then label=Variable;
11049  if _a then output;
11050  run;

WARNING: Multiple lengths were specified for the BY variable VARIABLE by input data sets. This might cause unexpected results.
NOTE: There were 3 observations read from the data set EMWS2.STAT5_CLASS.
NOTE: There were 12 observations read from the data set WORK.TEMPVARIABLE.
NOTE: The data set EMWS2.STAT5_CLASS has 3 observations and 12 variables.
NOTE: DATA statement used (Total process time):
      real time           0.00 seconds
      cpu time            0.00 seconds
      

11051  run;
11052  proc sort data=EMWS2.Stat5_VariableSet out=tempVariable(keep=name label role rename=(name=variable));
11053  by name;
11054  run;

NOTE: There were 12 observations read from the data set EMWS2.STAT5_VARIABLESET.
NOTE: The data set WORK.TEMPVARIABLE has 12 observations and 3 variables.
NOTE: PROCEDURE SORT used (Total process time):
      real time           0.00 seconds
      cpu time            0.00 seconds
      

11055  proc sort data=EMWS2.Stat5_INTERVAL;
11056  by Variable;
11057  run;

NOTE: There were 6 observations read from the data set EMWS2.STAT5_INTERVAL.
NOTE: The data set EMWS2.STAT5_INTERVAL has 6 observations and 11 variables.
NOTE: PROCEDURE SORT used (Total process time):
      real time           0.00 seconds
      cpu time            0.00 seconds
      

11058  data EMWS2.Stat5_INTERVAL;
11059  merge EMWS2.Stat5_INTERVAL(in=_a) tempVariable;
11060  by variable;
11061  if label = '' then label=Variable;
11062  if _a then output;
11063  run;

WARNING: Multiple lengths were specified for the BY variable VARIABLE by input data sets. This might cause unexpected results.
NOTE: There were 6 observations read from the data set EMWS2.STAT5_INTERVAL.
NOTE: There were 12 observations read from the data set WORK.TEMPVARIABLE.
NOTE: The data set EMWS2.STAT5_INTERVAL has 6 observations and 13 variables.
NOTE: DATA statement used (Total process time):
      real time           0.00 seconds
      cpu time            0.01 seconds
      

11064  proc datasets library=EMWS2 nolist;
11065  modify Stat5_INTERVAL;
11066  label DATAROLE = "%sysfunc(sasmsg(sashelp.dmine, rpt_datarole_vlabel, NOQUOTE))";
11067  label Variable = "%sysfunc(sasmsg(sashelp.dmine, rpt_variable_vlabel, NOQUOTE))";
11068  label MEAN = "%sysfunc(sasmsg(sashelp.dmine, rpt_mean_vlabel,    NOQUOTE))";
11069  label N = "%sysfunc(sasmsg(sashelp.dmine, rpt_nonMiss_vlabel, NOQUOTE))";
11070  label STD = "%sysfunc(sasmsg(sashelp.dmine, rpt_std_vlabel,     NOQUOTE))";
11071  label NMISS = "%sysfunc(sasmsg(sashelp.dmine, rpt_missing_vlabel, NOQUOTE))";
11072  label p50 = "%sysfunc(sasmsg(sashelp.dmine, rpt_median_vlabel, NOQUOTE))";
11073  label MIN = "%sysfunc(sasmsg(sashelp.dmine, rpt_minimum_vlabel, NOQUOTE))";
11074  label MAX = "%sysfunc(sasmsg(sashelp.dmine, rpt_maximum_vlabel, NOQUOTE))";
11075  label SKEWNESS = "%sysfunc(sasmsg(sashelp.dmine, rpt_skewness_vlabel, NOQUOTE))";
11076  label KURTOSIS = "%sysfunc(sasmsg(sashelp.dmine, rpt_kurtosis_vlabel, NOQUOTE))";
11077  run;

NOTE: MODIFY was successful for EMWS2.STAT5_INTERVAL.DATA.

NOTE: PROCEDURE DATASETS used (Total process time):
      real time           0.06 seconds
      cpu time            0.06 seconds
      

11078  proc sort data=EMWS2.Stat5_CLASS NOTHREADS;
11079  by DATAROLE ROLE Variable descending COUNT;
11080  run;

NOTE: There were 3 observations read from the data set EMWS2.STAT5_CLASS.
NOTE: The data set EMWS2.STAT5_CLASS has 3 observations and 12 variables.
NOTE: PROCEDURE SORT used (Total process time):
      real time           0.00 seconds
      cpu time            0.01 seconds
      

11081  data WORK.Stat5CLASS(keep=DATAROLE Variable ROLE Numcat Nmiss Mode ModePct Mode2 Mode2Pct);
11082  set EMWS2.Stat5_CLASS;
11083  length Mode Mode2 $32;
11084  retain NMiss 0 ModePct 0 Mode2Pct 0 Mode '' Mode2 '';
11085  by DATAROLE ROLE Variable;
11086  if first.DATAROLE or first.variable then do;
11087  Numcat = 1;
11088  NMiss = 0;
11089  Mode = strip(LEVEL);
11090  ModePct = PERCENT;
11091  Mode2 = '';
11092  Mode2Pct = 0;
11093  end;
11094  else Numcat +1;
11095  if Numcat =2 then do;
11096  Mode2 = strip(LEVEL);
11097  Mode2Pct = PERCENT;
11098  end;
11099  if NRAW=. and CRAW='' then NMiss= COUNT;
11100  if last.DATAROLE or last.variable then output;
11101  run;

NOTE: There were 3 observations read from the data set EMWS2.STAT5_CLASS.
NOTE: The data set WORK.STAT5CLASS has 1 observations and 9 variables.
NOTE: DATA statement used (Total process time):
      real time           0.00 seconds
      cpu time            0.00 seconds
      

11102  %let _cn = %sysfunc(getoption(CENTER));
11103  %let _nb = %sysfunc(getoption(NUMBER));
11104  options nonumber nocenter;
11105  title;
11106  title9 ' ';
11107  proc print data=WORK.Stat5CLASS(obs=500) label noobs;
11108  var DATAROLE VARIABLE ROLE NUMCAT NMISS Mode ModePct Mode2 Mode2Pct;
11109  label DATAROLE = "%sysfunc(sasmsg(sashelp.dmine, rpt_datarole_vlabel, NOQUOTE))" ROLE = "%sysfunc(sasmsg(sashelp.dmine, meta_role_vlabel, NOQUOTE))" NUMCAT = "%sysfunc(sasmsg(sashelp.dmine, rpt_numcat_vlabel,   NOQUOTE))" NMISS =
11110     "%sysfunc(sasmsg(sashelp.dmine, rpt_missing_vlabel,  NOQUOTE))" MODE = "%sysfunc(sasmsg(sashelp.dmine, rpt_mode_vlabel,     NOQUOTE))" MODEPCT = "%sysfunc(sasmsg(sashelp.dmine, rpt_modepct_vlabel,  NOQUOTE))" MODE2 =
11111     "%sysfunc(sasmsg(sashelp.dmine, rpt_mode2_vlabel,     NOQUOTE))" MODE2PCT = "%sysfunc(sasmsg(sashelp.dmine, rpt_mode2pct_vlabel, NOQUOTE))";
11112  format ModePct Mode2Pct 5.2;
11113  by DATAROLE;
11114  title9 "%sysfunc(sasmsg(sashelp.dmine, rpt_classStats_title,     NOQUOTE))";
11115  title10 "%sysfunc(sasmsg(sashelp.dmine, rpt_maxObsPrinted_title,  NOQUOTE))";
11116  run;

NOTE: There were 1 observations read from the data set WORK.STAT5CLASS.
NOTE: The PROCEDURE PRINT printed page 2.
NOTE: PROCEDURE PRINT used (Total process time):
      real time           0.02 seconds
      cpu time            0.01 seconds
      

11117  title9;
11118  title10;
11119  options &_cn &_nb;

11120  data WORK.Stat5INTERVALSUMMARY;
11121  set EMWS2.Stat5_INTERVAL;
11122  length ROLE $32;
11123  if Variable = "REP_gasprice" then ROLE="INPUT";
11124  else
11125  if Variable = "REP_goldprice" then ROLE="INPUT";
11126  else
11127  if Variable = "REP_newspolarity" then ROLE="INPUT";
11128  else
11129  if Variable = "REP_oilprice" then ROLE="INPUT";
11130  else
11131  if Variable = "REP_silverprice" then ROLE="INPUT";
11132  else
11133  if Variable = "stockprice" then ROLE="TARGET";
11134  run;

NOTE: There were 6 observations read from the data set EMWS2.STAT5_INTERVAL.
NOTE: The data set WORK.STAT5INTERVALSUMMARY has 6 observations and 13 variables.
NOTE: DATA statement used (Total process time):
      real time           0.00 seconds
      cpu time            0.00 seconds
      

11135  proc sort data=WORK.Stat5INTERVALSUMMARY NOTHREADS;
11136  by DATAROLE ROLE Variable;
11137  run;

NOTE: There were 6 observations read from the data set WORK.STAT5INTERVALSUMMARY.
NOTE: The data set WORK.STAT5INTERVALSUMMARY has 6 observations and 13 variables.
NOTE: PROCEDURE SORT used (Total process time):
      real time           0.00 seconds
      cpu time            0.00 seconds
      

11138  %let _cn = %sysfunc(getoption(CENTER));
11139  %let _nb = %sysfunc(getoption(NUMBER));
11140  options nonumber nocenter;
11141  title;
11142  proc print data=WORK.Stat5INTERVALSUMMARY(obs=500) label noobs;
11143  var Variable ROLE MEAN STD N NMISS MIN P50 MAX SKEWNESS KURTOSIS;
11144  by DATAROLE;
11145  title9 "%sysfunc(sasmsg(sashelp.dmine, rpt_intervalStats_title, NOQUOTE))";
11146  title10 "%sysfunc(sasmsg(sashelp.dmine, rpt_maxObsPrinted_title, NOQUOTE))";
11147  run;

NOTE: There were 6 observations read from the data set WORK.STAT5INTERVALSUMMARY.
NOTE: The PROCEDURE PRINT printed page 3.
NOTE: PROCEDURE PRINT used (Total process time):
      real time           0.00 seconds
      cpu time            0.00 seconds
      

11148  title9;
11149  title10;
11150  options &_cn &_nb;

11151  *------------------------------------------------------------*;
11152  * Stat5: Computing Correlation Statistics;
11153  *------------------------------------------------------------*;
11154  proc corr data=EMWS2.Repl_TRAIN(obs=100000)
11155  pearson outp = WORK.Stat5_TEMP
11156  noprint
11157  ;
11158  var
11159  stockprice
11160  ;
11161  with
11162  REP_gasprice
11163  REP_goldprice
11164  REP_newspolarity
11165  REP_oilprice
11166  REP_silverprice
11167  stockprice
11168  ;
11169  ;
11170  run;

NOTE: There were 28 observations read from the data set FINALIB.AIRASIA_CSV.
NOTE: View EMWS2.REPL_TRAIN.VIEW used (Total process time):
      real time           0.09 seconds
      cpu time            0.09 seconds
      
NOTE: There were 28 observations read from the data set EMWS2.IDS5_DATA.
NOTE: The data set WORK.STAT5_TEMP has 9 observations and 3 variables.
NOTE: PROCEDURE CORR used (Total process time):
      real time           0.11 seconds
      cpu time            0.10 seconds
      

11171  quit;

11172  data WORK.Stat5CORR;
11173  length CORRTYPE $8;
11174  drop _TYPE_;
11175  set
11176  WORK.Stat5_TEMP(in=a)
11177  ;
11178  if a then CORRTYPE = 'PEARSON';
11179  where _TYPE_ = 'CORR';
11180  run;

NOTE: There were 6 observations read from the data set WORK.STAT5_TEMP.
      WHERE _TYPE_='CORR';
NOTE: The data set WORK.STAT5CORR has 6 observations and 3 variables.
NOTE: DATA statement used (Total process time):
      real time           0.00 seconds
      cpu time            0.01 seconds
      

11181  quit;
11182  proc sort data=WORK.Stat5CORR;
11183  by CORRTYPE _NAME_;
11184  run;

NOTE: There were 6 observations read from the data set WORK.STAT5CORR.
NOTE: The data set WORK.STAT5CORR has 6 observations and 3 variables.
NOTE: PROCEDURE SORT used (Total process time):
      real time           0.00 seconds
      cpu time            0.00 seconds
      

11185  proc transpose data=WORK.Stat5CORR(rename=_NAME_=INPUT) out=WORK.Stat5CORR(DROP=_LABEL_ RENAME=(COL1=CORRVALUE)) NAME=TARGET;
11186  by CORRTYPE INPUT;
11187  run;

WARNING: The variable _LABEL_ in the DROP, KEEP, or RENAME list has never been referenced.
NOTE: There were 6 observations read from the data set WORK.STAT5CORR.
NOTE: The data set WORK.STAT5CORR has 6 observations and 4 variables.
NOTE: PROCEDURE TRANSPOSE used (Total process time):
      real time           0.00 seconds
      cpu time            0.00 seconds
      

11188  proc datasets lib=WORK nolist;
11189  modify Stat5CORR;
11190  label Target = "%sysfunc(sasmsg(sashelp.dmine, rpt_target_vlabel ,      NOQUOTE))" INPUT = "%sysfunc(sasmsg(sashelp.dmine, rpt_input_vlabel ,       NOQUOTE))" CORRTYPE = "%sysfunc(sasmsg(sashelp.dmine, meta_type_vlabel ,       NOQUOTE))" CORRVALUE =
11191     "%sysfunc(sasmsg(sashelp.dmine, rpt_correlation_vlabel , NOQUOTE))";
11192  run;

NOTE: MODIFY was successful for WORK.STAT5CORR.DATA.

NOTE: PROCEDURE DATASETS used (Total process time):
      real time           0.00 seconds
      cpu time            0.01 seconds
      

11193  proc sort data=WORK.Stat5CORR;
11194  by CORRTYPE TARGET INPUT;
11195  where TARGET ne INPUT;
11196  run;

NOTE: There were 5 observations read from the data set WORK.STAT5CORR.
      WHERE TARGET not = INPUT;
NOTE: The data set WORK.STAT5CORR has 5 observations and 4 variables.
NOTE: PROCEDURE SORT used (Total process time):
      real time           0.00 seconds
      cpu time            0.00 seconds
      

11197  data WORK.Stat5CORR;
11198  length DATAROLE $20;
11199  retain DATAROLE "TRAIN";
11200  SegmentVar = "";
11201  SegmentValue = "";
11202  SegmentId = "_OVERALL_";
11203  set WORK.Stat5CORR;
11204  run;

NOTE: There were 5 observations read from the data set WORK.STAT5CORR.
NOTE: The data set WORK.STAT5CORR has 5 observations and 8 variables.
NOTE: DATA statement used (Total process time):
      real time           0.00 seconds
      cpu time            0.01 seconds
      

11205  proc append base=EMWS2.Stat5_CORR data=WORK.Stat5CORR force;
11206  run;

NOTE: Appending WORK.STAT5CORR to EMWS2.STAT5_CORR.
NOTE: BASE data set does not exist. DATA file is being copied to BASE file.
NOTE: There were 5 observations read from the data set WORK.STAT5CORR.
NOTE: The data set EMWS2.STAT5_CORR has 5 observations and 8 variables.
NOTE: PROCEDURE APPEND used (Total process time):
      real time           0.00 seconds
      cpu time            0.00 seconds
      

11207  %let _cn = %sysfunc(getoption(CENTER));
11208  %let _nb = %sysfunc(getoption(NUMBER));
11209  proc sort data=EMWS2.Stat5_VariableSet out=tempVariable(keep=name label role rename=(name=INPUT));
11210  by name;
11211  run;

NOTE: There were 12 observations read from the data set EMWS2.STAT5_VARIABLESET.
NOTE: The data set WORK.TEMPVARIABLE has 12 observations and 3 variables.
NOTE: PROCEDURE SORT used (Total process time):
      real time           0.00 seconds
      cpu time            0.01 seconds
      

11212  proc sort data=EMWS2.Stat5_CORR;
11213  by INPUT;
11214  run;

NOTE: There were 5 observations read from the data set EMWS2.STAT5_CORR.
NOTE: The data set EMWS2.STAT5_CORR has 5 observations and 8 variables.
NOTE: PROCEDURE SORT used (Total process time):
      real time           0.00 seconds
      cpu time            0.00 seconds
      

11215  data EMWS2.Stat5_CORR;
11216  merge EMWS2.Stat5_CORR(in=_a) tempVariable;
11217  by INPUT;
11218  if label = '' then label=INPUT;
11219  if _a then output;
11220  run;

WARNING: Multiple lengths were specified for the BY variable INPUT by input data sets. This might cause unexpected results.
NOTE: There were 5 observations read from the data set EMWS2.STAT5_CORR.
NOTE: There were 12 observations read from the data set WORK.TEMPVARIABLE.
NOTE: The data set EMWS2.STAT5_CORR has 5 observations and 10 variables.
NOTE: DATA statement used (Total process time):
      real time           0.00 seconds
      cpu time            0.00 seconds
      

11221  proc sort data=EMWS2.Stat5_CORR NOTHREADS;
11222  by DATAROLE CORRTYPE SEGMENTID TARGET descending CORRVALUE;
11223  run;

NOTE: There were 5 observations read from the data set EMWS2.STAT5_CORR.
NOTE: The data set EMWS2.STAT5_CORR has 5 observations and 10 variables.
NOTE: PROCEDURE SORT used (Total process time):
      real time           0.00 seconds
      cpu time            0.00 seconds
      

11224  data EMWS2.Stat5_CORR;
11225  set EMWS2.Stat5_CORR;
11226  label DATAROLE = "%sysfunc(sasmsg(sashelp.dmine,  rpt_datarole_vlabel, NOQUOTE))" ORDEREDINPUTS = "%sysfunc(sasmsg(sashelp.dmine, rpt_orderedInput_vlabel  , NOQUOTE))";
11227  label SegmentValue= "%sysfunc(sasmsg(sashelp.dmine, rpt_segmentId_vlabel, NOQUOTE))" SegmentVar = "%sysfunc(sasmsg(sashelp.dmine, rpt_segment_vlabel, NOQUOTE))" SegmentId = "%sysfunc(sasmsg(sashelp.dmine, rpt_segmentNameValue_vlabel, NOQUOTE))";
11228  format ORDEREDINPUTS 5.0;
11229  retain ORDEREDINPUTS 0;
11230  if first.DATAROLE or first.CORRTYPE or first.SEGMENTID or first.TARGET then ORDEREDINPUTS=1;
11231  else ORDEREDINPUTS+1;
11232  by DATAROLE CORRTYPE TARGET;
11233  run;

NOTE: Variable first.SEGMENTID is uninitialized.
NOTE: There were 5 observations read from the data set EMWS2.STAT5_CORR.
NOTE: The data set EMWS2.STAT5_CORR has 5 observations and 11 variables.
NOTE: DATA statement used (Total process time):
      real time           0.01 seconds
      cpu time            0.01 seconds
      

11234  options nonumber nocenter;
11235  title;
11236  title9 ' ';
11237  proc sort data=EMWS2.Stat5_CORR NOTHREADS;
11238  by DATAROLE CORRTYPE TARGET descending CORRVALUE;
11239  run;

NOTE: There were 5 observations read from the data set EMWS2.STAT5_CORR.
NOTE: The data set EMWS2.STAT5_CORR has 5 observations and 11 variables.
NOTE: PROCEDURE SORT used (Total process time):
      real time           0.00 seconds
      cpu time            0.00 seconds
      

11240  proc print data=EMWS2.Stat5_CORR(obs=500) noobs label;
11241  var INPUT CORRVALUE;
11242  by DATAROLE CORRTYPE TARGET;
11243  title9 "%sysfunc(sasmsg(sashelp.dmine, rpt_corrStats_title    , NOQUOTE))";
11244  title10 "%sysfunc(sasmsg(sashelp.dmine, rpt_maxObsPrinted_title, NOQUOTE))";
11245  run;

NOTE: There were 5 observations read from the data set EMWS2.STAT5_CORR.
NOTE: The PROCEDURE PRINT printed page 4.
NOTE: PROCEDURE PRINT used (Total process time):
      real time           0.00 seconds
      cpu time            0.01 seconds
      

11246  title10;
11247  options &_cn &_nb;
11248  proc sort data=WORK.M16RWBUW;
11249  by name;
11250  run;

NOTE: Input data set is already sorted, no sorting done.
NOTE: PROCEDURE SORT used (Total process time):
      real time           0.00 seconds
      cpu time            0.00 seconds
      

11251  proc means data=EMWS2.Stat5_CLASS noprint;
11252  class DATAROLE Variable;
11253  var PERCENT;
11254  output out=EMWS2.Stat5_CLASSPLOT;
11255  run;

NOTE: There were 3 observations read from the data set EMWS2.STAT5_CLASS.
NOTE: The data set EMWS2.STAT5_CLASSPLOT has 20 observations and 6 variables.
NOTE: PROCEDURE MEANS used (Total process time):
      real time           0.01 seconds
      cpu time            0.01 seconds
      

11256  proc transpose data=EMWS2.Stat5_CLASSPLOT out=EMWS2.Stat5_CLASSPLOT;
11257  where _type_=3 and _STAT_ = 'STD';
11258  var PERCENT;
11259  id _STAT_;
11260  by DATAROLE Variable;
11261  run;

NOTE: There were 1 observations read from the data set EMWS2.STAT5_CLASSPLOT.
      WHERE (_type_=3) and (_STAT_='STD');
NOTE: The data set EMWS2.STAT5_CLASSPLOT has 1 observations and 4 variables.
NOTE: PROCEDURE TRANSPOSE used (Total process time):
      real time           0.00 seconds
      cpu time            0.00 seconds
      

11262  proc sort data=EMWS2.Stat5_CLASSPLOT;
11263  by DATAROLE descending STD;
11264  where STD ne .;
11265  run;

NOTE: There were 1 observations read from the data set EMWS2.STAT5_CLASSPLOT.
      WHERE STD not = .;
NOTE: The data set EMWS2.STAT5_CLASSPLOT has 1 observations and 4 variables.
NOTE: PROCEDURE SORT used (Total process time):
      real time           0.00 seconds
      cpu time            0.00 seconds
      

11266  data EMWS2.Stat5_CLASSPLOT(keep=DATAROLE Variable STD OrderedInput);
11267  label OrderedInput = "%sysfunc(sasmsg(sashelp.dmine, rpt_orderedInput_vlabel, NOQUOTE))";
11268  format OrderedInput 5.0;
11269  label STD = "%sysfunc(sasmsg(sashelp.dmine, rpt_pctVariability_vlabel, NOQUOTE))";
11270  retain OrderedInput 0;
11271  set EMWS2.Stat5_CLASSPLOT;
11272  by DATAROLE;
11273  if first.DATAROLE then OrderedInput = 1;
11274  else OrderedInput + 1;
11275  run;

NOTE: There were 1 observations read from the data set EMWS2.STAT5_CLASSPLOT.
NOTE: The data set EMWS2.STAT5_CLASSPLOT has 1 observations and 4 variables.
NOTE: DATA statement used (Total process time):
      real time           0.00 seconds
      cpu time            0.00 seconds
      

11276  proc sort data=EMWS2.Stat5_CLASSPLOT;
11277  by Variable;
11278  run;

NOTE: There were 1 observations read from the data set EMWS2.STAT5_CLASSPLOT.
NOTE: The data set EMWS2.STAT5_CLASSPLOT has 1 observations and 4 variables.
NOTE: PROCEDURE SORT used (Total process time):
      real time           0.00 seconds
      cpu time            0.00 seconds
      

11279  data EMWS2.Stat5_CLASSPLOT;
11280  merge EMWS2.Stat5_CLASSPLOT(in=_a) WORK.M16RWBUW(rename=(NAME=VARIABLE) Keep=NAME ROLE LABEL REPORT);
11281  by Variable;
11282  if _a and (OrderedInput<100 or Report='Y') then output;
11283  run;

WARNING: Multiple lengths were specified for the BY variable VARIABLE by input data sets. This might cause unexpected results.
NOTE: There were 1 observations read from the data set EMWS2.STAT5_CLASSPLOT.
NOTE: There were 12 observations read from the data set WORK.M16RWBUW.
NOTE: The data set EMWS2.STAT5_CLASSPLOT has 1 observations and 7 variables.
NOTE: DATA statement used (Total process time):
      real time           0.00 seconds
      cpu time            0.00 seconds
      

11284  data temp;
11285  set EMWS2.Stat5_CLASSPLOT;
11286  where DATAROLE='TRAIN';
11287  if OrderedInput<21 then plot = 1;
11288  else plot=0;
11289  if LABEL = "" then LABEL = Variable;
11290  keep Variable Label plot;
11291  run;

NOTE: There were 1 observations read from the data set EMWS2.STAT5_CLASSPLOT.
      WHERE DATAROLE='TRAIN';
NOTE: The data set WORK.TEMP has 1 observations and 3 variables.
NOTE: DATA statement used (Total process time):
      real time           0.00 seconds
      cpu time            0.00 seconds
      

11292  data EMWS2.Stat5_CLASSPLOT;
11293  merge EMWS2.Stat5_CLASSPLOT temp;
11294  by Variable;
11295  label DATAROLE = "%sysfunc(sasmsg(sashelp.dmine,  rpt_datarole_vlabel, NOQUOTE))" ROLE = "%sysfunc(sasmsg(sashelp.dmine, meta_role_vlabel,          NOQUOTE))" PLOT = "%sysfunc(sasmsg(sashelp.dmine, rpt_plot_vlabel,           NOQUOTE))" REPORT =
11296     "%sysfunc(sasmsg(sashelp.dmine, meta_report_vlabel,         NOQUOTE))";
11297  run;

NOTE: There were 1 observations read from the data set EMWS2.STAT5_CLASSPLOT.
NOTE: There were 1 observations read from the data set WORK.TEMP.
NOTE: The data set EMWS2.STAT5_CLASSPLOT has 1 observations and 8 variables.
NOTE: DATA statement used (Total process time):
      real time           0.01 seconds
      cpu time            0.01 seconds
      

11298  proc sort data=EMWS2.Stat5_CLASSPLOT;
11299  by DATAROLE Variable;
11300  run;

NOTE: There were 1 observations read from the data set EMWS2.STAT5_CLASSPLOT.
NOTE: The data set EMWS2.STAT5_CLASSPLOT has 1 observations and 8 variables.
NOTE: PROCEDURE SORT used (Total process time):
      real time           0.00 seconds
      cpu time            0.00 seconds
      

11301  proc sort data=EMWS2.Stat5_CLASS;
11302  by DATAROLE Variable;
11303  run;

NOTE: There were 3 observations read from the data set EMWS2.STAT5_CLASS.
NOTE: The data set EMWS2.STAT5_CLASS has 3 observations and 12 variables.
NOTE: PROCEDURE SORT used (Total process time):
      real time           0.00 seconds
      cpu time            0.00 seconds
      

11304  data EMWS2.Stat5_CLASS;
11305  merge EMWS2.Stat5_CLASS(drop=NRAW CRAW) EMWS2.Stat5_CLASSPLOT(keep=DATAROLE Variable Plot);
11306  by DATAROLE Variable;
11307  if plot eq . then delete;
11308  label DATAROLE = "%sysfunc(sasmsg(sashelp.dmine, rpt_datarole_vlabel,       NOQUOTE))" LEVEL = "%sysfunc(sasmsg(sashelp.dmine, rpt_level_vlabel,          NOQUOTE))" TYPE = "%sysfunc(sasmsg(sashelp.dmine, rpt_type_vlabel,           NOQUOTE))" COUNT =
11309     "%sysfunc(sasmsg(sashelp.dmine, rpt_count_vlabel,          NOQUOTE))" ROLE = "%sysfunc(sasmsg(sashelp.dmine, meta_role_vlabel,          NOQUOTE))" PERCENT = "%sysfunc(sasmsg(sashelp.dmine, rpt_percent_vlabel,        NOQUOTE))" PLOT =
11310     "%sysfunc(sasmsg(sashelp.dmine, rpt_plot_vlabel,           NOQUOTE))" LEVELINDEX = "%sysfunc(sasmsg(sashelp.dmine, rpt_levelIndex_vlabel,     NOQUOTE))";
11311  run;

NOTE: There were 3 observations read from the data set EMWS2.STAT5_CLASS.
NOTE: There were 1 observations read from the data set EMWS2.STAT5_CLASSPLOT.
NOTE: The data set EMWS2.STAT5_CLASS has 3 observations and 11 variables.
NOTE: DATA statement used (Total process time):
      real time           0.01 seconds
      cpu time            0.01 seconds
      

11312  data EMWS2.Stat5_INTERVAL;
11313  set EMWS2.Stat5_INTERVAL;
11314  label NMiss = "%sysfunc(sasmsg(sashelp.dmine, rpt_missing_vlabel, NOQUOTE))" absCV = "%sysfunc(sasmsg(sashelp.dmine, rpt_absCV_vlabel,   NOQUOTE))" CV = "%sysfunc(sasmsg(sashelp.dmine, rpt_cv_vlabel,      NOQUOTE))" Sign =
11315     "%sysfunc(sasmsg(sashelp.dmine, rpt_sign_vlabel,    NOQUOTE))";
11316  if MEAN ne . then do;
11317  CV = STD/MEAN;
11318  absCV = abs(CV);
11319  if absCV < 0 then Sign = '-';
11320  else Sign = '+';
11321  absCV = abs(absCV);
11322  end;
11323  run;

NOTE: There were 6 observations read from the data set EMWS2.STAT5_INTERVAL.
NOTE: The data set EMWS2.STAT5_INTERVAL has 6 observations and 16 variables.
NOTE: DATA statement used (Total process time):
      real time           0.01 seconds
      cpu time            0.01 seconds
      

11324  proc sort data = EMWS2.Stat5_INTERVAL;
11325  by DATAROLE descending absCV;
11326  run;

NOTE: There were 6 observations read from the data set EMWS2.STAT5_INTERVAL.
NOTE: The data set EMWS2.STAT5_INTERVAL has 6 observations and 16 variables.
NOTE: PROCEDURE SORT used (Total process time):
      real time           0.00 seconds
      cpu time            0.00 seconds
      

11327  data EMWS2.Stat5_INTERVAL;
11328  retain OrderedInput;
11329  set EMWS2.Stat5_INTERVAL;
11330  by DATAROLE;
11331  label OrderedInput = "%sysfunc(sasmsg(sashelp.dmine, rpt_orderedInput_vlabel, NOQUOTE))";
11332  format OrderedInput 5.0;
11333  if first.DATAROLE then OrderedInput = 1;
11334  else OrderedInput + 1;
11335  run;

NOTE: There were 6 observations read from the data set EMWS2.STAT5_INTERVAL.
NOTE: The data set EMWS2.STAT5_INTERVAL has 6 observations and 17 variables.
NOTE: DATA statement used (Total process time):
      real time           0.00 seconds
      cpu time            0.01 seconds
      

11336  proc sort data=WORK.M16RWBUW;
11337  by name;
11338  run;

NOTE: Input data set is already sorted, no sorting done.
NOTE: PROCEDURE SORT used (Total process time):
      real time           0.00 seconds
      cpu time            0.00 seconds
      

11339  proc sort data=EMWS2.Stat5_WORTH;
11340  by NAME;
11341  run;

NOTE: There were 6 observations read from the data set EMWS2.STAT5_WORTH.
NOTE: The data set EMWS2.STAT5_WORTH has 6 observations and 5 variables.
NOTE: PROCEDURE SORT used (Total process time):
      real time           0.00 seconds
      cpu time            0.00 seconds
      

11342  data EMWS2.Stat5_WORTH;
11343  merge EMWS2.Stat5_WORTH(in=_a) WORK.M16RWBUW(Keep=NAME LABEL REPORT);
11344  by NAME;
11345  if REPORT = 'Y' then plot = 1;
11346  if LABEL = "" then LABEL = NAME;
11347  if _a then output;
11348  drop report;
11349  run;

WARNING: Multiple lengths were specified for the BY variable Name by input data sets. This might cause unexpected results.
NOTE: There were 6 observations read from the data set EMWS2.STAT5_WORTH.
NOTE: There were 12 observations read from the data set WORK.M16RWBUW.
NOTE: The data set EMWS2.STAT5_WORTH has 6 observations and 7 variables.
NOTE: DATA statement used (Total process time):
      real time           0.00 seconds
      cpu time            0.01 seconds
      

11350  proc sort data=EMWS2.Stat5_WORTH;
11351  by rank;
11352  run;

NOTE: There were 6 observations read from the data set EMWS2.STAT5_WORTH.
NOTE: The data set EMWS2.STAT5_WORTH has 6 observations and 7 variables.
NOTE: PROCEDURE SORT used (Total process time):
      real time           0.00 seconds
      cpu time            0.00 seconds
      

